# JRE version: Java(TM) SE Runtime Environment (8.0_20-b26) (build 1.8.0_20-b26)
# Java VM: Java HotSpot(TM) 64-Bit Server VM (25.20-b23 mixed mode windows-amd64 compressed oops)
Heap:
 PSYoungGen      total 272384K, used 66930K [0x00000000d5e00000, 0x00000000eda00000, 0x0000000100000000)
  eden space 166912K, 33% used [0x00000000d5e00000,0x00000000d9474d60,0x00000000e0100000)
  from space 105472K, 10% used [0x00000000e7300000,0x00000000e7de7c98,0x00000000eda00000)
  to   space 111104K, 0% used [0x00000000e0100000,0x00000000e0100000,0x00000000e6d80000)
 ParOldGen       total 434176K, used 325276K [0x0000000081a00000, 0x000000009c200000, 0x00000000d5e00000)
  object space 434176K, 74% used [0x0000000081a00000,0x00000000957a73d0,0x000000009c200000)
 Metaspace       used 22686K, capacity 22851K, committed 23040K, reserved 1071104K
  class space    used 2114K, capacity 2178K, committed 2304K, reserved 1048576K
GC Heap History (10 events):
Event: 87.067 GC heap before
{Heap before GC invocations=19 (full 2):
 PSYoungGen      total 209408K, used 174825K [0x00000000d5e00000, 0x00000000e6f80000, 0x0000000100000000)
  eden space 138752K, 100% used [0x00000000d5e00000,0x00000000de580000,0x00000000de580000)
  from space 70656K, 51% used [0x00000000e2a80000,0x00000000e4dba440,0x00000000e6f80000)
  to   space 70656K, 0% used [0x00000000de580000,0x00000000de580000,0x00000000e2a80000)
 ParOldGen       total 265216K, used 159133K [0x0000000081a00000, 0x0000000091d00000, 0x00000000d5e00000)
  object space 265216K, 60% used [0x0000000081a00000,0x000000008b567798,0x0000000091d00000)
 Metaspace       used 22548K, capacity 22787K, committed 23040K, reserved 1071104K
  class space    used 2114K, capacity 2178K, committed 2304K, reserved 1048576K
Event: 87.205 GC heap after
Heap after GC invocations=19 (full 2):
 PSYoungGen      total 209408K, used 59892K [0x00000000d5e00000, 0x00000000ea000000, 0x0000000100000000)
  eden space 138752K, 0% used [0x00000000d5e00000,0x00000000d5e00000,0x00000000de580000)
  from space 70656K, 84% used [0x00000000de580000,0x00000000e1ffd180,0x00000000e2a80000)
  to   space 78336K, 0% used [0x00000000e5380000,0x00000000e5380000,0x00000000ea000000)
 ParOldGen       total 265216K, used 171045K [0x0000000081a00000, 0x0000000091d00000, 0x00000000d5e00000)
  object space 265216K, 64% used [0x0000000081a00000,0x000000008c1097a8,0x0000000091d00000)
 Metaspace       used 22548K, capacity 22787K, committed 23040K, reserved 1071104K
  class space    used 2114K, capacity 2178K, committed 2304K, reserved 1048576K
}
Event: 89.339 GC heap before
{Heap before GC invocations=20 (full 2):
 PSYoungGen      total 209408K, used 198644K [0x00000000d5e00000, 0x00000000ea000000, 0x0000000100000000)
  eden space 138752K, 100% used [0x00000000d5e00000,0x00000000de580000,0x00000000de580000)
  from space 70656K, 84% used [0x00000000de580000,0x00000000e1ffd180,0x00000000e2a80000)
  to   space 78336K, 0% used [0x00000000e5380000,0x00000000e5380000,0x00000000ea000000)
 ParOldGen       total 265216K, used 171045K [0x0000000081a00000, 0x0000000091d00000, 0x00000000d5e00000)
  object space 265216K, 64% used [0x0000000081a00000,0x000000008c1097a8,0x0000000091d00000)
 Metaspace       used 22548K, capacity 22787K, committed 23040K, reserved 1071104K
  class space    used 2114K, capacity 2178K, committed 2304K, reserved 1048576K
Event: 89.747 GC heap after
Heap after GC invocations=20 (full 2):
 PSYoungGen      total 214528K, used 78318K [0x00000000d5e00000, 0x00000000eeb00000, 0x0000000100000000)
  eden space 136192K, 0% used [0x00000000d5e00000,0x00000000d5e00000,0x00000000de300000)
  from space 78336K, 99% used [0x00000000e5380000,0x00000000e9ffb8d0,0x00000000ea000000)
  to   space 115200K, 0% used [0x00000000de300000,0x00000000de300000,0x00000000e5380000)
 ParOldGen       total 265216K, used 237869K [0x0000000081a00000, 0x0000000091d00000, 0x00000000d5e00000)
  object space 265216K, 89% used [0x0000000081a00000,0x000000009024b440,0x0000000091d00000)
 Metaspace       used 22548K, capacity 22787K, committed 23040K, reserved 1071104K
  class space    used 2114K, capacity 2178K, committed 2304K, reserved 1048576K
}
Event: 89.747 GC heap before
{Heap before GC invocations=21 (full 3):
 PSYoungGen      total 214528K, used 78318K [0x00000000d5e00000, 0x00000000eeb00000, 0x0000000100000000)
  eden space 136192K, 0% used [0x00000000d5e00000,0x00000000d5e00000,0x00000000de300000)
  from space 78336K, 99% used [0x00000000e5380000,0x00000000e9ffb8d0,0x00000000ea000000)
  to   space 115200K, 0% used [0x00000000de300000,0x00000000de300000,0x00000000e5380000)
 ParOldGen       total 265216K, used 237869K [0x0000000081a00000, 0x0000000091d00000, 0x00000000d5e00000)
  object space 265216K, 89% used [0x0000000081a00000,0x000000009024b440,0x0000000091d00000)
 Metaspace       used 22548K, capacity 22787K, committed 23040K, reserved 1071104K
  class space    used 2114K, capacity 2178K, committed 2304K, reserved 1048576K
Event: 92.280 GC heap after
Heap after GC invocations=21 (full 3):
 PSYoungGen      total 214528K, used 49580K [0x00000000d5e00000, 0x00000000eeb00000, 0x0000000100000000)
  eden space 136192K, 0% used [0x00000000d5e00000,0x00000000d5e00000,0x00000000de300000)
  from space 78336K, 63% used [0x00000000e5380000,0x00000000e83eb200,0x00000000ea000000)
  to   space 115200K, 0% used [0x00000000de300000,0x00000000de300000,0x00000000e5380000)
 ParOldGen       total 434176K, used 265188K [0x0000000081a00000, 0x000000009c200000, 0x00000000d5e00000)
  object space 434176K, 61% used [0x0000000081a00000,0x0000000091cf93d0,0x000000009c200000)
 Metaspace       used 22548K, capacity 22787K, committed 23040K, reserved 1071104K
  class space    used 2114K, capacity 2178K, committed 2304K, reserved 1048576K
}
Event: 92.657 GC heap before
{Heap before GC invocations=22 (full 3):
 PSYoungGen      total 214528K, used 185772K [0x00000000d5e00000, 0x00000000eeb00000, 0x0000000100000000)
  eden space 136192K, 100% used [0x00000000d5e00000,0x00000000de300000,0x00000000de300000)
  from space 78336K, 63% used [0x00000000e5380000,0x00000000e83eb200,0x00000000ea000000)
  to   space 115200K, 0% used [0x00000000de300000,0x00000000de300000,0x00000000e5380000)
 ParOldGen       total 434176K, used 265188K [0x0000000081a00000, 0x000000009c200000, 0x00000000d5e00000)
  object space 434176K, 61% used [0x0000000081a00000,0x0000000091cf93d0,0x000000009c200000)
 Metaspace       used 22548K, capacity 22787K, committed 23040K, reserved 1071104K
  class space    used 2114K, capacity 2178K, committed 2304K, reserved 1048576K
Event: 92.868 GC heap after
Heap after GC invocations=22 (full 3):
 PSYoungGen      total 251392K, used 11082K [0x00000000d5e00000, 0x00000000ee200000, 0x0000000100000000)
  eden space 136192K, 0% used [0x00000000d5e00000,0x00000000d5e00000,0x00000000de300000)
  from space 115200K, 9% used [0x00000000de300000,0x00000000dedd2868,0x00000000e5380000)
  to   space 113664K, 0% used [0x00000000e7300000,0x00000000e7300000,0x00000000ee200000)
 ParOldGen       total 434176K, used 315004K [0x0000000081a00000, 0x000000009c200000, 0x00000000d5e00000)
  object space 434176K, 72% used [0x0000000081a00000,0x0000000094d9f3d0,0x000000009c200000)
 Metaspace       used 22548K, capacity 22787K, committed 23040K, reserved 1071104K
  class space    used 2114K, capacity 2178K, committed 2304K, reserved 1048576K
}
Event: 99.772 GC heap before
{Heap before GC invocations=23 (full 3):
 PSYoungGen      total 251392K, used 147274K [0x00000000d5e00000, 0x00000000ee200000, 0x0000000100000000)
  eden space 136192K, 100% used [0x00000000d5e00000,0x00000000de300000,0x00000000de300000)
  from space 115200K, 9% used [0x00000000de300000,0x00000000dedd2868,0x00000000e5380000)
  to   space 113664K, 0% used [0x00000000e7300000,0x00000000e7300000,0x00000000ee200000)
 ParOldGen       total 434176K, used 315004K [0x0000000081a00000, 0x000000009c200000, 0x00000000d5e00000)
  object space 434176K, 72% used [0x0000000081a00000,0x0000000094d9f3d0,0x000000009c200000)
 Metaspace       used 22593K, capacity 22787K, committed 23040K, reserved 1071104K
  class space    used 2114K, capacity 2178K, committed 2304K, reserved 1048576K
Event: 99.868 GC heap after
Heap after GC invocations=23 (full 3):
 PSYoungGen      total 272384K, used 11167K [0x00000000d5e00000, 0x00000000eda00000, 0x0000000100000000)
  eden space 166912K, 0% used [0x00000000d5e00000,0x00000000d5e00000,0x00000000e0100000)
  from space 105472K, 10% used [0x00000000e7300000,0x00000000e7de7c98,0x00000000eda00000)
  to   space 111104K, 0% used [0x00000000e0100000,0x00000000e0100000,0x00000000e6d80000)
 ParOldGen       total 434176K, used 325276K [0x0000000081a00000, 0x000000009c200000, 0x00000000d5e00000)
  object space 434176K, 74% used [0x0000000081a00000,0x00000000957a73d0,0x000000009c200000)
 Metaspace       used 22593K, capacity 22787K, committed 23040K, reserved 1071104K
  class space    used 2114K, capacity 2178K, committed 2304K, reserved 1048576K
}

