# JRE version: Java(TM) SE Runtime Environment (8.0_20-b26) (build 1.8.0_20-b26)
# Java VM: Java HotSpot(TM) 64-Bit Server VM (25.20-b23 mixed mode windows-amd64 compressed oops)
Heap:
 PSYoungGen      total 156672K, used 145435K [0x00000000d5e00000, 0x00000000e2300000, 0x0000000100000000)
  eden space 129536K, 91% used [0x00000000d5e00000,0x00000000dd18ba70,0x00000000ddc80000)
  from space 27136K, 99% used [0x00000000dfe00000,0x00000000e187b2f0,0x00000000e1880000)
  to   space 34304K, 0% used [0x00000000ddc80000,0x00000000ddc80000,0x00000000dfe00000)
 ParOldGen       total 93184K, used 63370K [0x0000000081a00000, 0x0000000087500000, 0x00000000d5e00000)
  object space 93184K, 68% used [0x0000000081a00000,0x00000000857e2a80,0x0000000087500000)
 Metaspace       used 22322K, capacity 22531K, committed 22704K, reserved 1069056K
  class space    used 2113K, capacity 2178K, committed 2304K, reserved 1048576K
GC Heap History (10 events):
Event: 10.477 GC heap before
{Heap before GC invocations=5 (full 1):
 PSYoungGen      total 71680K, used 66560K [0x00000000d5e00000, 0x00000000dea00000, 0x0000000100000000)
  eden space 66560K, 100% used [0x00000000d5e00000,0x00000000d9f00000,0x00000000d9f00000)
  from space 5120K, 0% used [0x00000000d9f00000,0x00000000d9f00000,0x00000000da400000)
  to   space 5120K, 0% used [0x00000000de500000,0x00000000de500000,0x00000000dea00000)
 ParOldGen       total 93184K, used 21551K [0x0000000081a00000, 0x0000000087500000, 0x00000000d5e00000)
  object space 93184K, 23% used [0x0000000081a00000,0x0000000082f0bfd0,0x0000000087500000)
 Metaspace       used 21529K, capacity 21661K, committed 21808K, reserved 1069056K
  class space    used 2106K, capacity 2173K, committed 2176K, reserved 1048576K
Event: 10.490 GC heap after
Heap after GC invocations=5 (full 1):
 PSYoungGen      total 88064K, used 5101K [0x00000000d5e00000, 0x00000000dea00000, 0x0000000100000000)
  eden space 82944K, 0% used [0x00000000d5e00000,0x00000000d5e00000,0x00000000daf00000)
  from space 5120K, 99% used [0x00000000de500000,0x00000000de9fb450,0x00000000dea00000)
  to   space 5120K, 0% used [0x00000000de000000,0x00000000de000000,0x00000000de500000)
 ParOldGen       total 93184K, used 27456K [0x0000000081a00000, 0x0000000087500000, 0x00000000d5e00000)
  object space 93184K, 29% used [0x0000000081a00000,0x00000000834d0140,0x0000000087500000)
 Metaspace       used 21529K, capacity 21661K, committed 21808K, reserved 1069056K
  class space    used 2106K, capacity 2173K, committed 2176K, reserved 1048576K
}
Event: 12.321 GC heap before
{Heap before GC invocations=6 (full 1):
 PSYoungGen      total 88064K, used 88045K [0x00000000d5e00000, 0x00000000dea00000, 0x0000000100000000)
  eden space 82944K, 100% used [0x00000000d5e00000,0x00000000daf00000,0x00000000daf00000)
  from space 5120K, 99% used [0x00000000de500000,0x00000000de9fb450,0x00000000dea00000)
  to   space 5120K, 0% used [0x00000000de000000,0x00000000de000000,0x00000000de500000)
 ParOldGen       total 93184K, used 27456K [0x0000000081a00000, 0x0000000087500000, 0x00000000d5e00000)
  object space 93184K, 29% used [0x0000000081a00000,0x00000000834d0140,0x0000000087500000)
 Metaspace       used 21716K, capacity 21941K, committed 22192K, reserved 1069056K
  class space    used 2110K, capacity 2177K, committed 2304K, reserved 1048576K
Event: 12.354 GC heap after
Heap after GC invocations=6 (full 1):
 PSYoungGen      total 107008K, used 5117K [0x00000000d5e00000, 0x00000000de880000, 0x0000000100000000)
  eden space 101888K, 0% used [0x00000000d5e00000,0x00000000d5e00000,0x00000000dc180000)
  from space 5120K, 99% used [0x00000000de000000,0x00000000de4ff450,0x00000000de500000)
  to   space 3584K, 0% used [0x00000000de500000,0x00000000de500000,0x00000000de880000)
 ParOldGen       total 93184K, used 38711K [0x0000000081a00000, 0x0000000087500000, 0x00000000d5e00000)
  object space 93184K, 41% used [0x0000000081a00000,0x0000000083fcdd90,0x0000000087500000)
 Metaspace       used 21716K, capacity 21941K, committed 22192K, reserved 1069056K
  class space    used 2110K, capacity 2177K, committed 2304K, reserved 1048576K
}
Event: 14.653 GC heap before
{Heap before GC invocations=7 (full 1):
 PSYoungGen      total 107008K, used 106975K [0x00000000d5e00000, 0x00000000de880000, 0x0000000100000000)
  eden space 101888K, 99% used [0x00000000d5e00000,0x00000000dc1787b0,0x00000000dc180000)
  from space 5120K, 99% used [0x00000000de000000,0x00000000de4ff450,0x00000000de500000)
  to   space 3584K, 0% used [0x00000000de500000,0x00000000de500000,0x00000000de880000)
 ParOldGen       total 93184K, used 38711K [0x0000000081a00000, 0x0000000087500000, 0x00000000d5e00000)
  object space 93184K, 41% used [0x0000000081a00000,0x0000000083fcdd90,0x0000000087500000)
 Metaspace       used 21847K, capacity 22069K, committed 22448K, reserved 1069056K
  class space    used 2112K, capacity 2177K, committed 2304K, reserved 1048576K
Event: 14.679 GC heap after
Heap after GC invocations=7 (full 1):
 PSYoungGen      total 118272K, used 3552K [0x00000000d5e00000, 0x00000000e0400000, 0x0000000100000000)
  eden space 114688K, 0% used [0x00000000d5e00000,0x00000000d5e00000,0x00000000dce00000)
  from space 3584K, 99% used [0x00000000de500000,0x00000000de8780f0,0x00000000de880000)
  to   space 23552K, 0% used [0x00000000dce00000,0x00000000dce00000,0x00000000de500000)
 ParOldGen       total 93184K, used 55914K [0x0000000081a00000, 0x0000000087500000, 0x00000000d5e00000)
  object space 93184K, 60% used [0x0000000081a00000,0x000000008509a8a0,0x0000000087500000)
 Metaspace       used 21847K, capacity 22069K, committed 22448K, reserved 1069056K
  class space    used 2112K, capacity 2177K, committed 2304K, reserved 1048576K
}
Event: 17.760 GC heap before
{Heap before GC invocations=8 (full 1):
 PSYoungGen      total 118272K, used 118240K [0x00000000d5e00000, 0x00000000e0400000, 0x0000000100000000)
  eden space 114688K, 100% used [0x00000000d5e00000,0x00000000dce00000,0x00000000dce00000)
  from space 3584K, 99% used [0x00000000de500000,0x00000000de8780f0,0x00000000de880000)
  to   space 23552K, 0% used [0x00000000dce00000,0x00000000dce00000,0x00000000de500000)
 ParOldGen       total 93184K, used 55914K [0x0000000081a00000, 0x0000000087500000, 0x00000000d5e00000)
  object space 93184K, 60% used [0x0000000081a00000,0x000000008509a8a0,0x0000000087500000)
 Metaspace       used 21967K, capacity 22203K, committed 22448K, reserved 1069056K
  class space    used 2112K, capacity 2178K, committed 2304K, reserved 1048576K
Event: 17.798 GC heap after
Heap after GC invocations=8 (full 1):
 PSYoungGen      total 138240K, used 23521K [0x00000000d5e00000, 0x00000000e1880000, 0x0000000100000000)
  eden space 114688K, 0% used [0x00000000d5e00000,0x00000000d5e00000,0x00000000dce00000)
  from space 23552K, 99% used [0x00000000dce00000,0x00000000de4f85e0,0x00000000de500000)
  to   space 27136K, 0% used [0x00000000dfe00000,0x00000000dfe00000,0x00000000e1880000)
 ParOldGen       total 93184K, used 56258K [0x0000000081a00000, 0x0000000087500000, 0x00000000d5e00000)
  object space 93184K, 60% used [0x0000000081a00000,0x00000000850f08b0,0x0000000087500000)
 Metaspace       used 21967K, capacity 22203K, committed 22448K, reserved 1069056K
  class space    used 2112K, capacity 2178K, committed 2304K, reserved 1048576K
}
Event: 37.939 GC heap before
{Heap before GC invocations=9 (full 1):
 PSYoungGen      total 138240K, used 138209K [0x00000000d5e00000, 0x00000000e1880000, 0x0000000100000000)
  eden space 114688K, 100% used [0x00000000d5e00000,0x00000000dce00000,0x00000000dce00000)
  from space 23552K, 99% used [0x00000000dce00000,0x00000000de4f85e0,0x00000000de500000)
  to   space 27136K, 0% used [0x00000000dfe00000,0x00000000dfe00000,0x00000000e1880000)
 ParOldGen       total 93184K, used 56258K [0x0000000081a00000, 0x0000000087500000, 0x00000000d5e00000)
  object space 93184K, 60% used [0x0000000081a00000,0x00000000850f08b0,0x0000000087500000)
 Metaspace       used 22137K, capacity 22339K, committed 22704K, reserved 1069056K
  class space    used 2113K, capacity 2178K, committed 2304K, reserved 1048576K
Event: 38.033 GC heap after
Heap after GC invocations=9 (full 1):
 PSYoungGen      total 156672K, used 27116K [0x00000000d5e00000, 0x00000000e2300000, 0x0000000100000000)
  eden space 129536K, 0% used [0x00000000d5e00000,0x00000000d5e00000,0x00000000ddc80000)
  from space 27136K, 99% used [0x00000000dfe00000,0x00000000e187b2f0,0x00000000e1880000)
  to   space 34304K, 0% used [0x00000000ddc80000,0x00000000ddc80000,0x00000000dfe00000)
 ParOldGen       total 93184K, used 63370K [0x0000000081a00000, 0x0000000087500000, 0x00000000d5e00000)
  object space 93184K, 68% used [0x0000000081a00000,0x00000000857e2a80,0x0000000087500000)
 Metaspace       used 22137K, capacity 22339K, committed 22704K, reserved 1069056K
  class space    used 2113K, capacity 2178K, committed 2304K, reserved 1048576K
}

