# JRE version: Java(TM) SE Runtime Environment (8.0_20-b26) (build 1.8.0_20-b26)
# Java VM: Java HotSpot(TM) 64-Bit Server VM (25.20-b23 mixed mode windows-amd64 compressed oops)
Heap:
 PSYoungGen      total 164352K, used 75080K [0x00000000d5e00000, 0x00000000e3e00000, 0x0000000100000000)
  eden space 133120K, 38% used [0x00000000d5e00000,0x00000000d8fd8ec8,0x00000000de000000)
  from space 31232K, 76% used [0x00000000de000000,0x00000000df779400,0x00000000dfe80000)
  to   space 42496K, 0% used [0x00000000e1480000,0x00000000e1480000,0x00000000e3e00000)
 ParOldGen       total 220672K, used 92625K [0x0000000081a00000, 0x000000008f180000, 0x00000000d5e00000)
  object space 220672K, 41% used [0x0000000081a00000,0x0000000087474538,0x000000008f180000)
 Metaspace       used 22350K, capacity 22531K, committed 22704K, reserved 1069056K
  class space    used 2108K, capacity 2178K, committed 2304K, reserved 1048576K
GC Heap History (10 events):
Event: 13.072 GC heap before
{Heap before GC invocations=7 (full 1):
 PSYoungGen      total 104448K, used 104416K [0x00000000d5e00000, 0x00000000de600000, 0x0000000100000000)
  eden space 99328K, 100% used [0x00000000d5e00000,0x00000000dbf00000,0x00000000dbf00000)
  from space 5120K, 99% used [0x00000000de000000,0x00000000de4f8120,0x00000000de500000)
  to   space 1024K, 0% used [0x00000000de500000,0x00000000de500000,0x00000000de600000)
 ParOldGen       total 94720K, used 38870K [0x0000000081a00000, 0x0000000087680000, 0x00000000d5e00000)
  object space 94720K, 41% used [0x0000000081a00000,0x0000000083ff58a8,0x0000000087680000)
 Metaspace       used 21743K, capacity 21941K, committed 22192K, reserved 1069056K
  class space    used 2106K, capacity 2177K, committed 2304K, reserved 1048576K
Event: 13.124 GC heap after
Heap after GC invocations=7 (full 1):
 PSYoungGen      total 116224K, used 992K [0x00000000d5e00000, 0x00000000e0280000, 0x0000000100000000)
  eden space 115200K, 0% used [0x00000000d5e00000,0x00000000d5e00000,0x00000000dce80000)
  from space 1024K, 96% used [0x00000000de500000,0x00000000de5f8030,0x00000000de600000)
  to   space 23040K, 0% used [0x00000000dce80000,0x00000000dce80000,0x00000000de500000)
 ParOldGen       total 94720K, used 57577K [0x0000000081a00000, 0x0000000087680000, 0x00000000d5e00000)
  object space 94720K, 60% used [0x0000000081a00000,0x000000008523a5d8,0x0000000087680000)
 Metaspace       used 21743K, capacity 21941K, committed 22192K, reserved 1069056K
  class space    used 2106K, capacity 2177K, committed 2304K, reserved 1048576K
}
Event: 41.493 GC heap before
{Heap before GC invocations=8 (full 1):
 PSYoungGen      total 116224K, used 116192K [0x00000000d5e00000, 0x00000000e0280000, 0x0000000100000000)
  eden space 115200K, 100% used [0x00000000d5e00000,0x00000000dce80000,0x00000000dce80000)
  from space 1024K, 96% used [0x00000000de500000,0x00000000de5f8030,0x00000000de600000)
  to   space 23040K, 0% used [0x00000000dce80000,0x00000000dce80000,0x00000000de500000)
 ParOldGen       total 94720K, used 57577K [0x0000000081a00000, 0x0000000087680000, 0x00000000d5e00000)
  object space 94720K, 60% used [0x0000000081a00000,0x000000008523a5d8,0x0000000087680000)
 Metaspace       used 21867K, capacity 22069K, committed 22448K, reserved 1069056K
  class space    used 2107K, capacity 2177K, committed 2304K, reserved 1048576K
Event: 41.559 GC heap after
Heap after GC invocations=8 (full 1):
 PSYoungGen      total 138240K, used 23032K [0x00000000d5e00000, 0x00000000e1900000, 0x0000000100000000)
  eden space 115200K, 0% used [0x00000000d5e00000,0x00000000d5e00000,0x00000000dce80000)
  from space 23040K, 99% used [0x00000000dce80000,0x00000000de4fe088,0x00000000de500000)
  to   space 27136K, 0% used [0x00000000dfe80000,0x00000000dfe80000,0x00000000e1900000)
 ParOldGen       total 94720K, used 59201K [0x0000000081a00000, 0x0000000087680000, 0x00000000d5e00000)
  object space 94720K, 62% used [0x0000000081a00000,0x00000000853d05d8,0x0000000087680000)
 Metaspace       used 21867K, capacity 22069K, committed 22448K, reserved 1069056K
  class space    used 2107K, capacity 2177K, committed 2304K, reserved 1048576K
}
Event: 56.314 GC heap before
{Heap before GC invocations=9 (full 1):
 PSYoungGen      total 138240K, used 138232K [0x00000000d5e00000, 0x00000000e1900000, 0x0000000100000000)
  eden space 115200K, 100% used [0x00000000d5e00000,0x00000000dce80000,0x00000000dce80000)
  from space 23040K, 99% used [0x00000000dce80000,0x00000000de4fe088,0x00000000de500000)
  to   space 27136K, 0% used [0x00000000dfe80000,0x00000000dfe80000,0x00000000e1900000)
 ParOldGen       total 94720K, used 59201K [0x0000000081a00000, 0x0000000087680000, 0x00000000d5e00000)
  object space 94720K, 62% used [0x0000000081a00000,0x00000000853d05d8,0x0000000087680000)
 Metaspace       used 22158K, capacity 22331K, committed 22704K, reserved 1069056K
  class space    used 2108K, capacity 2178K, committed 2304K, reserved 1048576K
Event: 56.424 GC heap after
Heap after GC invocations=9 (full 1):
 PSYoungGen      total 160256K, used 27135K [0x00000000d5e00000, 0x00000000e1e00000, 0x0000000100000000)
  eden space 133120K, 0% used [0x00000000d5e00000,0x00000000d5e00000,0x00000000de000000)
  from space 27136K, 99% used [0x00000000dfe80000,0x00000000e18fff78,0x00000000e1900000)
  to   space 31232K, 0% used [0x00000000de000000,0x00000000de000000,0x00000000dfe80000)
 ParOldGen       total 94720K, used 71126K [0x0000000081a00000, 0x0000000087680000, 0x00000000d5e00000)
  object space 94720K, 75% used [0x0000000081a00000,0x0000000085f75988,0x0000000087680000)
 Metaspace       used 22158K, capacity 22331K, committed 22704K, reserved 1069056K
  class space    used 2108K, capacity 2178K, committed 2304K, reserved 1048576K
}
Event: 80.619 GC heap before
{Heap before GC invocations=10 (full 1):
 PSYoungGen      total 160256K, used 160255K [0x00000000d5e00000, 0x00000000e1e00000, 0x0000000100000000)
  eden space 133120K, 100% used [0x00000000d5e00000,0x00000000de000000,0x00000000de000000)
  from space 27136K, 99% used [0x00000000dfe80000,0x00000000e18fff78,0x00000000e1900000)
  to   space 31232K, 0% used [0x00000000de000000,0x00000000de000000,0x00000000dfe80000)
 ParOldGen       total 94720K, used 71126K [0x0000000081a00000, 0x0000000087680000, 0x00000000d5e00000)
  object space 94720K, 75% used [0x0000000081a00000,0x0000000085f75988,0x0000000087680000)
 Metaspace       used 22341K, capacity 22531K, committed 22704K, reserved 1069056K
  class space    used 2108K, capacity 2178K, committed 2304K, reserved 1048576K
Event: 80.697 GC heap after
Heap after GC invocations=10 (full 1):
 PSYoungGen      total 164352K, used 31225K [0x00000000d5e00000, 0x00000000e3e00000, 0x0000000100000000)
  eden space 133120K, 0% used [0x00000000d5e00000,0x00000000d5e00000,0x00000000de000000)
  from space 31232K, 99% used [0x00000000de000000,0x00000000dfe7e658,0x00000000dfe80000)
  to   space 42496K, 0% used [0x00000000e1480000,0x00000000e1480000,0x00000000e3e00000)
 ParOldGen       total 94720K, used 88509K [0x0000000081a00000, 0x0000000087680000, 0x00000000d5e00000)
  object space 94720K, 93% used [0x0000000081a00000,0x000000008706f7f0,0x0000000087680000)
 Metaspace       used 22341K, capacity 22531K, committed 22704K, reserved 1069056K
  class space    used 2108K, capacity 2178K, committed 2304K, reserved 1048576K
}
Event: 80.697 GC heap before
{Heap before GC invocations=11 (full 2):
 PSYoungGen      total 164352K, used 31225K [0x00000000d5e00000, 0x00000000e3e00000, 0x0000000100000000)
  eden space 133120K, 0% used [0x00000000d5e00000,0x00000000d5e00000,0x00000000de000000)
  from space 31232K, 99% used [0x00000000de000000,0x00000000dfe7e658,0x00000000dfe80000)
  to   space 42496K, 0% used [0x00000000e1480000,0x00000000e1480000,0x00000000e3e00000)
 ParOldGen       total 94720K, used 88509K [0x0000000081a00000, 0x0000000087680000, 0x00000000d5e00000)
  object space 94720K, 93% used [0x0000000081a00000,0x000000008706f7f0,0x0000000087680000)
 Metaspace       used 22341K, capacity 22531K, committed 22704K, reserved 1069056K
  class space    used 2108K, capacity 2178K, committed 2304K, reserved 1048576K
Event: 81.472 GC heap after
Heap after GC invocations=11 (full 2):
 PSYoungGen      total 164352K, used 24037K [0x00000000d5e00000, 0x00000000e3e00000, 0x0000000100000000)
  eden space 133120K, 0% used [0x00000000d5e00000,0x00000000d5e00000,0x00000000de000000)
  from space 31232K, 76% used [0x00000000de000000,0x00000000df779400,0x00000000dfe80000)
  to   space 42496K, 0% used [0x00000000e1480000,0x00000000e1480000,0x00000000e3e00000)
 ParOldGen       total 220672K, used 92625K [0x0000000081a00000, 0x000000008f180000, 0x00000000d5e00000)
  object space 220672K, 41% used [0x0000000081a00000,0x0000000087474538,0x000000008f180000)
 Metaspace       used 22341K, capacity 22531K, committed 22704K, reserved 1069056K
  class space    used 2108K, capacity 2178K, committed 2304K, reserved 1048576K
}

