# JRE version: Java(TM) SE Runtime Environment (8.0_20-b26) (build 1.8.0_20-b26)
# Java VM: Java HotSpot(TM) 64-Bit Server VM (25.20-b23 mixed mode windows-amd64 compressed oops)
Heap:
 PSYoungGen      total 189440K, used 89784K [0x00000000d5e00000, 0x00000000e6080000, 0x0000000100000000)
  eden space 145920K, 31% used [0x00000000d5e00000,0x00000000d8b2e300,0x00000000dec80000)
  from space 43520K, 99% used [0x00000000e2000000,0x00000000e4a7ffa8,0x00000000e4a80000)
  to   space 52736K, 0% used [0x00000000dec80000,0x00000000dec80000,0x00000000e2000000)
 ParOldGen       total 214016K, used 97582K [0x0000000081a00000, 0x000000008eb00000, 0x00000000d5e00000)
  object space 214016K, 45% used [0x0000000081a00000,0x000000008794bb88,0x000000008eb00000)
 Metaspace       used 22680K, capacity 22857K, committed 23040K, reserved 1071104K
  class space    used 2121K, capacity 2179K, committed 2304K, reserved 1048576K
GC Heap History (10 events):
Event: 9.239 GC heap before
{Heap before GC invocations=8 (full 1):
 PSYoungGen      total 116224K, used 116208K [0x00000000d5e00000, 0x00000000e0700000, 0x0000000100000000)
  eden space 115200K, 100% used [0x00000000d5e00000,0x00000000dce80000,0x00000000dce80000)
  from space 1024K, 98% used [0x00000000de500000,0x00000000de5fc040,0x00000000de600000)
  to   space 23040K, 0% used [0x00000000dce80000,0x00000000dce80000,0x00000000de500000)
 ParOldGen       total 92160K, used 57613K [0x0000000081a00000, 0x0000000087400000, 0x00000000d5e00000)
  object space 92160K, 62% used [0x0000000081a00000,0x00000000852435e0,0x0000000087400000)
 Metaspace       used 21956K, capacity 22139K, committed 22448K, reserved 1069056K
  class space    used 2105K, capacity 2178K, committed 2304K, reserved 1048576K
Event: 9.310 GC heap after
Heap after GC invocations=8 (full 1):
 PSYoungGen      total 138240K, used 22908K [0x00000000d5e00000, 0x00000000e1e80000, 0x0000000100000000)
  eden space 115200K, 0% used [0x00000000d5e00000,0x00000000d5e00000,0x00000000dce80000)
  from space 23040K, 99% used [0x00000000dce80000,0x00000000de4df060,0x00000000de500000)
  to   space 27136K, 0% used [0x00000000e0400000,0x00000000e0400000,0x00000000e1e80000)
 ParOldGen       total 92160K, used 58133K [0x0000000081a00000, 0x0000000087400000, 0x00000000d5e00000)
  object space 92160K, 63% used [0x0000000081a00000,0x00000000852c5600,0x0000000087400000)
 Metaspace       used 21956K, capacity 22139K, committed 22448K, reserved 1069056K
  class space    used 2105K, capacity 2178K, committed 2304K, reserved 1048576K
}
Event: 21.790 GC heap before
{Heap before GC invocations=9 (full 1):
 PSYoungGen      total 138240K, used 138108K [0x00000000d5e00000, 0x00000000e1e80000, 0x0000000100000000)
  eden space 115200K, 100% used [0x00000000d5e00000,0x00000000dce80000,0x00000000dce80000)
  from space 23040K, 99% used [0x00000000dce80000,0x00000000de4df060,0x00000000de500000)
  to   space 27136K, 0% used [0x00000000e0400000,0x00000000e0400000,0x00000000e1e80000)
 ParOldGen       total 92160K, used 58133K [0x0000000081a00000, 0x0000000087400000, 0x00000000d5e00000)
  object space 92160K, 63% used [0x0000000081a00000,0x00000000852c5600,0x0000000087400000)
 Metaspace       used 22181K, capacity 22331K, committed 22704K, reserved 1069056K
  class space    used 2105K, capacity 2178K, committed 2304K, reserved 1048576K
Event: 21.909 GC heap after
Heap after GC invocations=9 (full 1):
 PSYoungGen      total 165888K, used 27006K [0x00000000d5e00000, 0x00000000e2380000, 0x0000000100000000)
  eden space 138752K, 0% used [0x00000000d5e00000,0x00000000d5e00000,0x00000000de580000)
  from space 27136K, 99% used [0x00000000e0400000,0x00000000e1e5fa98,0x00000000e1e80000)
  to   space 31232K, 0% used [0x00000000de580000,0x00000000de580000,0x00000000e0400000)
 ParOldGen       total 92160K, used 67350K [0x0000000081a00000, 0x0000000087400000, 0x00000000d5e00000)
  object space 92160K, 73% used [0x0000000081a00000,0x0000000085bc5840,0x0000000087400000)
 Metaspace       used 22181K, capacity 22331K, committed 22704K, reserved 1069056K
  class space    used 2105K, capacity 2178K, committed 2304K, reserved 1048576K
}
Event: 39.988 GC heap before
{Heap before GC invocations=10 (full 1):
 PSYoungGen      total 165888K, used 165758K [0x00000000d5e00000, 0x00000000e2380000, 0x0000000100000000)
  eden space 138752K, 100% used [0x00000000d5e00000,0x00000000de580000,0x00000000de580000)
  from space 27136K, 99% used [0x00000000e0400000,0x00000000e1e5fa98,0x00000000e1e80000)
  to   space 31232K, 0% used [0x00000000de580000,0x00000000de580000,0x00000000e0400000)
 ParOldGen       total 92160K, used 67350K [0x0000000081a00000, 0x0000000087400000, 0x00000000d5e00000)
  object space 92160K, 73% used [0x0000000081a00000,0x0000000085bc5840,0x0000000087400000)
 Metaspace       used 22332K, capacity 22531K, committed 22704K, reserved 1069056K
  class space    used 2117K, capacity 2178K, committed 2304K, reserved 1048576K
Event: 40.189 GC heap after
Heap after GC invocations=10 (full 1):
 PSYoungGen      total 169984K, used 31215K [0x00000000d5e00000, 0x00000000e4a80000, 0x0000000100000000)
  eden space 138752K, 0% used [0x00000000d5e00000,0x00000000d5e00000,0x00000000de580000)
  from space 31232K, 99% used [0x00000000de580000,0x00000000e03fbc20,0x00000000e0400000)
  to   space 43520K, 0% used [0x00000000e2000000,0x00000000e2000000,0x00000000e4a80000)
 ParOldGen       total 92160K, used 85742K [0x0000000081a00000, 0x0000000087400000, 0x00000000d5e00000)
  object space 92160K, 93% used [0x0000000081a00000,0x0000000086dbb840,0x0000000087400000)
 Metaspace       used 22332K, capacity 22531K, committed 22704K, reserved 1069056K
  class space    used 2117K, capacity 2178K, committed 2304K, reserved 1048576K
}
Event: 40.189 GC heap before
{Heap before GC invocations=11 (full 2):
 PSYoungGen      total 169984K, used 31215K [0x00000000d5e00000, 0x00000000e4a80000, 0x0000000100000000)
  eden space 138752K, 0% used [0x00000000d5e00000,0x00000000d5e00000,0x00000000de580000)
  from space 31232K, 99% used [0x00000000de580000,0x00000000e03fbc20,0x00000000e0400000)
  to   space 43520K, 0% used [0x00000000e2000000,0x00000000e2000000,0x00000000e4a80000)
 ParOldGen       total 92160K, used 85742K [0x0000000081a00000, 0x0000000087400000, 0x00000000d5e00000)
  object space 92160K, 93% used [0x0000000081a00000,0x0000000086dbb840,0x0000000087400000)
 Metaspace       used 22332K, capacity 22531K, committed 22704K, reserved 1069056K
  class space    used 2117K, capacity 2178K, committed 2304K, reserved 1048576K
Event: 41.156 GC heap after
Heap after GC invocations=11 (full 2):
 PSYoungGen      total 169984K, used 19942K [0x00000000d5e00000, 0x00000000e4a80000, 0x0000000100000000)
  eden space 138752K, 0% used [0x00000000d5e00000,0x00000000d5e00000,0x00000000de580000)
  from space 31232K, 63% used [0x00000000de580000,0x00000000df8f9ac0,0x00000000e0400000)
  to   space 43520K, 0% used [0x00000000e2000000,0x00000000e2000000,0x00000000e4a80000)
 ParOldGen       total 214016K, used 91903K [0x0000000081a00000, 0x000000008eb00000, 0x00000000d5e00000)
  object space 214016K, 42% used [0x0000000081a00000,0x00000000873bfdb8,0x000000008eb00000)
 Metaspace       used 22332K, capacity 22531K, committed 22704K, reserved 1069056K
  class space    used 2117K, capacity 2178K, committed 2304K, reserved 1048576K
}
Event: 51.551 GC heap before
{Heap before GC invocations=12 (full 2):
 PSYoungGen      total 169984K, used 158694K [0x00000000d5e00000, 0x00000000e4a80000, 0x0000000100000000)
  eden space 138752K, 100% used [0x00000000d5e00000,0x00000000de580000,0x00000000de580000)
  from space 31232K, 63% used [0x00000000de580000,0x00000000df8f9ac0,0x00000000e0400000)
  to   space 43520K, 0% used [0x00000000e2000000,0x00000000e2000000,0x00000000e4a80000)
 ParOldGen       total 214016K, used 91903K [0x0000000081a00000, 0x000000008eb00000, 0x00000000d5e00000)
  object space 214016K, 42% used [0x0000000081a00000,0x00000000873bfdb8,0x000000008eb00000)
 Metaspace       used 22572K, capacity 22793K, committed 23040K, reserved 1071104K
  class space    used 2121K, capacity 2179K, committed 2304K, reserved 1048576K
Event: 51.673 GC heap after
Heap after GC invocations=12 (full 2):
 PSYoungGen      total 189440K, used 43519K [0x00000000d5e00000, 0x00000000e6080000, 0x0000000100000000)
  eden space 145920K, 0% used [0x00000000d5e00000,0x00000000d5e00000,0x00000000dec80000)
  from space 43520K, 99% used [0x00000000e2000000,0x00000000e4a7ffa8,0x00000000e4a80000)
  to   space 52736K, 0% used [0x00000000dec80000,0x00000000dec80000,0x00000000e2000000)
 ParOldGen       total 214016K, used 97582K [0x0000000081a00000, 0x000000008eb00000, 0x00000000d5e00000)
  object space 214016K, 45% used [0x0000000081a00000,0x000000008794bb88,0x000000008eb00000)
 Metaspace       used 22572K, capacity 22793K, committed 23040K, reserved 1071104K
  class space    used 2121K, capacity 2179K, committed 2304K, reserved 1048576K
}

