# JRE version: Java(TM) SE Runtime Environment (8.0_20-b26) (build 1.8.0_20-b26)
# Java VM: Java HotSpot(TM) 64-Bit Server VM (25.20-b23 mixed mode windows-amd64 compressed oops)
Heap:
 PSYoungGen      total 208896K, used 101013K [0x00000000d5e00000, 0x00000000e8300000, 0x0000000100000000)
  eden space 138752K, 34% used [0x00000000d5e00000,0x00000000d8cee2a0,0x00000000de580000)
  from space 70144K, 75% used [0x00000000e2f00000,0x00000000e62b7240,0x00000000e7380000)
  to   space 75264K, 0% used [0x00000000de580000,0x00000000de580000,0x00000000e2f00000)
 ParOldGen       total 218112K, used 92963K [0x0000000081a00000, 0x000000008ef00000, 0x00000000d5e00000)
  object space 218112K, 42% used [0x0000000081a00000,0x00000000874c8c18,0x000000008ef00000)
 Metaspace       used 22620K, capacity 22787K, committed 23040K, reserved 1071104K
  class space    used 2124K, capacity 2178K, committed 2304K, reserved 1048576K
GC Heap History (10 events):
Event: 104.478 GC heap before
{Heap before GC invocations=12 (full 1):
 PSYoungGen      total 167424K, used 167417K [0x00000000d5e00000, 0x00000000e2f80000, 0x0000000100000000)
  eden space 134144K, 100% used [0x00000000d5e00000,0x00000000de100000,0x00000000de100000)
  from space 33280K, 99% used [0x00000000e0680000,0x00000000e26fe790,0x00000000e2700000)
  to   space 38400K, 0% used [0x00000000de100000,0x00000000de100000,0x00000000e0680000)
 ParOldGen       total 92672K, used 60606K [0x0000000081a00000, 0x0000000087480000, 0x00000000d5e00000)
  object space 92672K, 65% used [0x0000000081a00000,0x000000008552f850,0x0000000087480000)
 Metaspace       used 22501K, capacity 22723K, committed 23040K, reserved 1071104K
  class space    used 2111K, capacity 2178K, committed 2304K, reserved 1048576K
Event: 104.535 GC heap after
Heap after GC invocations=12 (full 1):
 PSYoungGen      total 172544K, used 38373K [0x00000000d5e00000, 0x00000000e4580000, 0x0000000100000000)
  eden space 134144K, 0% used [0x00000000d5e00000,0x00000000d5e00000,0x00000000de100000)
  from space 38400K, 99% used [0x00000000de100000,0x00000000e0679430,0x00000000e0680000)
  to   space 47616K, 0% used [0x00000000e1700000,0x00000000e1700000,0x00000000e4580000)
 ParOldGen       total 92672K, used 69121K [0x0000000081a00000, 0x0000000087480000, 0x00000000d5e00000)
  object space 92672K, 74% used [0x0000000081a00000,0x0000000085d80660,0x0000000087480000)
 Metaspace       used 22501K, capacity 22723K, committed 23040K, reserved 1071104K
  class space    used 2111K, capacity 2178K, committed 2304K, reserved 1048576K
}
Event: 125.665 GC heap before
{Heap before GC invocations=13 (full 1):
 PSYoungGen      total 172544K, used 172517K [0x00000000d5e00000, 0x00000000e4580000, 0x0000000100000000)
  eden space 134144K, 100% used [0x00000000d5e00000,0x00000000de100000,0x00000000de100000)
  from space 38400K, 99% used [0x00000000de100000,0x00000000e0679430,0x00000000e0680000)
  to   space 47616K, 0% used [0x00000000e1700000,0x00000000e1700000,0x00000000e4580000)
 ParOldGen       total 92672K, used 69121K [0x0000000081a00000, 0x0000000087480000, 0x00000000d5e00000)
  object space 92672K, 74% used [0x0000000081a00000,0x0000000085d80660,0x0000000087480000)
 Metaspace       used 22586K, capacity 22787K, committed 23040K, reserved 1071104K
  class space    used 2124K, capacity 2178K, committed 2304K, reserved 1048576K
Event: 125.821 GC heap after
Heap after GC invocations=13 (full 1):
 PSYoungGen      total 182272K, used 46256K [0x00000000d5e00000, 0x00000000e5380000, 0x0000000100000000)
  eden space 134656K, 0% used [0x00000000d5e00000,0x00000000d5e00000,0x00000000de180000)
  from space 47616K, 97% used [0x00000000e1700000,0x00000000e442c050,0x00000000e4580000)
  to   space 54784K, 0% used [0x00000000de180000,0x00000000de180000,0x00000000e1700000)
 ParOldGen       total 92672K, used 69282K [0x0000000081a00000, 0x0000000087480000, 0x00000000d5e00000)
  object space 92672K, 74% used [0x0000000081a00000,0x0000000085da8b00,0x0000000087480000)
 Metaspace       used 22586K, capacity 22787K, committed 23040K, reserved 1071104K
  class space    used 2124K, capacity 2178K, committed 2304K, reserved 1048576K
}
Event: 136.455 GC heap before
{Heap before GC invocations=14 (full 1):
 PSYoungGen      total 182272K, used 180912K [0x00000000d5e00000, 0x00000000e5380000, 0x0000000100000000)
  eden space 134656K, 100% used [0x00000000d5e00000,0x00000000de180000,0x00000000de180000)
  from space 47616K, 97% used [0x00000000e1700000,0x00000000e442c050,0x00000000e4580000)
  to   space 54784K, 0% used [0x00000000de180000,0x00000000de180000,0x00000000e1700000)
 ParOldGen       total 92672K, used 69282K [0x0000000081a00000, 0x0000000087480000, 0x00000000d5e00000)
  object space 92672K, 74% used [0x0000000081a00000,0x0000000085da8b00,0x0000000087480000)
 Metaspace       used 22594K, capacity 22787K, committed 23040K, reserved 1071104K
  class space    used 2124K, capacity 2178K, committed 2304K, reserved 1048576K
Event: 136.625 GC heap after
Heap after GC invocations=14 (full 1):
 PSYoungGen      total 189440K, used 54765K [0x00000000d5e00000, 0x00000000e7380000, 0x0000000100000000)
  eden space 134656K, 0% used [0x00000000d5e00000,0x00000000d5e00000,0x00000000de180000)
  from space 54784K, 99% used [0x00000000de180000,0x00000000e16fb688,0x00000000e1700000)
  to   space 70144K, 0% used [0x00000000e2f00000,0x00000000e2f00000,0x00000000e7380000)
 ParOldGen       total 92672K, used 87762K [0x0000000081a00000, 0x0000000087480000, 0x00000000d5e00000)
  object space 92672K, 94% used [0x0000000081a00000,0x0000000086fb4b00,0x0000000087480000)
 Metaspace       used 22594K, capacity 22787K, committed 23040K, reserved 1071104K
  class space    used 2124K, capacity 2178K, committed 2304K, reserved 1048576K
}
Event: 136.625 GC heap before
{Heap before GC invocations=15 (full 2):
 PSYoungGen      total 189440K, used 54765K [0x00000000d5e00000, 0x00000000e7380000, 0x0000000100000000)
  eden space 134656K, 0% used [0x00000000d5e00000,0x00000000d5e00000,0x00000000de180000)
  from space 54784K, 99% used [0x00000000de180000,0x00000000e16fb688,0x00000000e1700000)
  to   space 70144K, 0% used [0x00000000e2f00000,0x00000000e2f00000,0x00000000e7380000)
 ParOldGen       total 92672K, used 87762K [0x0000000081a00000, 0x0000000087480000, 0x00000000d5e00000)
  object space 92672K, 94% used [0x0000000081a00000,0x0000000086fb4b00,0x0000000087480000)
 Metaspace       used 22594K, capacity 22787K, committed 23040K, reserved 1071104K
  class space    used 2124K, capacity 2178K, committed 2304K, reserved 1048576K
Event: 137.329 GC heap after
Heap after GC invocations=15 (full 2):
 PSYoungGen      total 189440K, used 41457K [0x00000000d5e00000, 0x00000000e7380000, 0x0000000100000000)
  eden space 134656K, 0% used [0x00000000d5e00000,0x00000000d5e00000,0x00000000de180000)
  from space 54784K, 75% used [0x00000000de180000,0x00000000e09fc638,0x00000000e1700000)
  to   space 70144K, 0% used [0x00000000e2f00000,0x00000000e2f00000,0x00000000e7380000)
 ParOldGen       total 218112K, used 92667K [0x0000000081a00000, 0x000000008ef00000, 0x00000000d5e00000)
  object space 218112K, 42% used [0x0000000081a00000,0x000000008747ec08,0x000000008ef00000)
 Metaspace       used 22594K, capacity 22787K, committed 23040K, reserved 1071104K
  class space    used 2124K, capacity 2178K, committed 2304K, reserved 1048576K
}
Event: 154.923 GC heap before
{Heap before GC invocations=16 (full 2):
 PSYoungGen      total 189440K, used 176113K [0x00000000d5e00000, 0x00000000e7380000, 0x0000000100000000)
  eden space 134656K, 100% used [0x00000000d5e00000,0x00000000de180000,0x00000000de180000)
  from space 54784K, 75% used [0x00000000de180000,0x00000000e09fc638,0x00000000e1700000)
  to   space 70144K, 0% used [0x00000000e2f00000,0x00000000e2f00000,0x00000000e7380000)
 ParOldGen       total 218112K, used 92667K [0x0000000081a00000, 0x000000008ef00000, 0x00000000d5e00000)
  object space 218112K, 42% used [0x0000000081a00000,0x000000008747ec08,0x000000008ef00000)
 Metaspace       used 22608K, capacity 22787K, committed 23040K, reserved 1071104K
  class space    used 2124K, capacity 2178K, committed 2304K, reserved 1048576K
Event: 155.059 GC heap after
Heap after GC invocations=16 (full 2):
 PSYoungGen      total 208896K, used 52956K [0x00000000d5e00000, 0x00000000e8300000, 0x0000000100000000)
  eden space 138752K, 0% used [0x00000000d5e00000,0x00000000d5e00000,0x00000000de580000)
  from space 70144K, 75% used [0x00000000e2f00000,0x00000000e62b7240,0x00000000e7380000)
  to   space 75264K, 0% used [0x00000000de580000,0x00000000de580000,0x00000000e2f00000)
 ParOldGen       total 218112K, used 92963K [0x0000000081a00000, 0x000000008ef00000, 0x00000000d5e00000)
  object space 218112K, 42% used [0x0000000081a00000,0x00000000874c8c18,0x000000008ef00000)
 Metaspace       used 22608K, capacity 22787K, committed 23040K, reserved 1071104K
  class space    used 2124K, capacity 2178K, committed 2304K, reserved 1048576K
}

