# JRE version: Java(TM) SE Runtime Environment (8.0_20-b26) (build 1.8.0_20-b26)
# Java VM: Java HotSpot(TM) 64-Bit Server VM (25.20-b23 mixed mode windows-amd64 compressed oops)
Heap:
 PSYoungGen      total 205312K, used 140046K [0x00000000d5e00000, 0x00000000e8200000, 0x0000000100000000)
  eden space 144896K, 54% used [0x00000000d5e00000,0x00000000dabcb010,0x00000000deb80000)
  from space 60416K, 99% used [0x00000000deb80000,0x00000000e2678b40,0x00000000e2680000)
  to   space 71168K, 0% used [0x00000000e3c80000,0x00000000e3c80000,0x00000000e8200000)
 ParOldGen       total 92160K, used 64331K [0x0000000081a00000, 0x0000000087400000, 0x00000000d5e00000)
  object space 92160K, 69% used [0x0000000081a00000,0x00000000858d2db0,0x0000000087400000)
 Metaspace       used 22588K, capacity 22723K, committed 23040K, reserved 1071104K
  class space    used 2119K, capacity 2178K, committed 2304K, reserved 1048576K
GC Heap History (10 events):
Event: 18.166 GC heap before
{Heap before GC invocations=8 (full 1):
 PSYoungGen      total 130048K, used 130023K [0x00000000d5e00000, 0x00000000e1c00000, 0x0000000100000000)
  eden space 110080K, 100% used [0x00000000d5e00000,0x00000000dc980000,0x00000000dc980000)
  from space 19968K, 99% used [0x00000000de500000,0x00000000df879df0,0x00000000df880000)
  to   space 28160K, 0% used [0x00000000dc980000,0x00000000dc980000,0x00000000de500000)
 ParOldGen       total 92160K, used 44335K [0x0000000081a00000, 0x0000000087400000, 0x00000000d5e00000)
  object space 92160K, 48% used [0x0000000081a00000,0x000000008454bc90,0x0000000087400000)
 Metaspace       used 21940K, capacity 22133K, committed 22448K, reserved 1069056K
  class space    used 2106K, capacity 2177K, committed 2304K, reserved 1048576K
Event: 18.280 GC heap after
Heap after GC invocations=8 (full 1):
 PSYoungGen      total 138240K, used 28135K [0x00000000d5e00000, 0x00000000e3900000, 0x0000000100000000)
  eden space 110080K, 0% used [0x00000000d5e00000,0x00000000d5e00000,0x00000000dc980000)
  from space 28160K, 99% used [0x00000000dc980000,0x00000000de4f9f30,0x00000000de500000)
  to   space 41472K, 0% used [0x00000000e1080000,0x00000000e1080000,0x00000000e3900000)
 ParOldGen       total 92160K, used 60280K [0x0000000081a00000, 0x0000000087400000, 0x00000000d5e00000)
  object space 92160K, 65% used [0x0000000081a00000,0x00000000854de070,0x0000000087400000)
 Metaspace       used 21940K, capacity 22133K, committed 22448K, reserved 1069056K
  class space    used 2106K, capacity 2177K, committed 2304K, reserved 1048576K
}
Event: 58.617 GC heap before
{Heap before GC invocations=9 (full 1):
 PSYoungGen      total 138240K, used 138215K [0x00000000d5e00000, 0x00000000e3900000, 0x0000000100000000)
  eden space 110080K, 100% used [0x00000000d5e00000,0x00000000dc980000,0x00000000dc980000)
  from space 28160K, 99% used [0x00000000dc980000,0x00000000de4f9f30,0x00000000de500000)
  to   space 41472K, 0% used [0x00000000e1080000,0x00000000e1080000,0x00000000e3900000)
 ParOldGen       total 92160K, used 60280K [0x0000000081a00000, 0x0000000087400000, 0x00000000d5e00000)
  object space 92160K, 65% used [0x0000000081a00000,0x00000000854de070,0x0000000087400000)
 Metaspace       used 22201K, capacity 22331K, committed 22704K, reserved 1069056K
  class space    used 2118K, capacity 2178K, committed 2304K, reserved 1048576K
Event: 58.730 GC heap after
Heap after GC invocations=9 (full 1):
 PSYoungGen      total 177152K, used 37549K [0x00000000d5e00000, 0x00000000e3e80000, 0x0000000100000000)
  eden space 135680K, 0% used [0x00000000d5e00000,0x00000000d5e00000,0x00000000de280000)
  from space 41472K, 90% used [0x00000000e1080000,0x00000000e352b7a8,0x00000000e3900000)
  to   space 47104K, 0% used [0x00000000de280000,0x00000000de280000,0x00000000e1080000)
 ParOldGen       total 92160K, used 61067K [0x0000000081a00000, 0x0000000087400000, 0x00000000d5e00000)
  object space 92160K, 66% used [0x0000000081a00000,0x00000000855a2db0,0x0000000087400000)
 Metaspace       used 22201K, capacity 22331K, committed 22704K, reserved 1069056K
  class space    used 2118K, capacity 2178K, committed 2304K, reserved 1048576K
}
Event: 85.906 GC heap before
{Heap before GC invocations=10 (full 1):
 PSYoungGen      total 177152K, used 173229K [0x00000000d5e00000, 0x00000000e3e80000, 0x0000000100000000)
  eden space 135680K, 100% used [0x00000000d5e00000,0x00000000de280000,0x00000000de280000)
  from space 41472K, 90% used [0x00000000e1080000,0x00000000e352b7a8,0x00000000e3900000)
  to   space 47104K, 0% used [0x00000000de280000,0x00000000de280000,0x00000000e1080000)
 ParOldGen       total 92160K, used 61067K [0x0000000081a00000, 0x0000000087400000, 0x00000000d5e00000)
  object space 92160K, 66% used [0x0000000081a00000,0x00000000855a2db0,0x0000000087400000)
 Metaspace       used 22334K, capacity 22531K, committed 22704K, reserved 1069056K
  class space    used 2118K, capacity 2178K, committed 2304K, reserved 1048576K
Event: 85.988 GC heap after
Heap after GC invocations=10 (full 1):
 PSYoungGen      total 182784K, used 43901K [0x00000000d5e00000, 0x00000000e5b00000, 0x0000000100000000)
  eden space 135680K, 0% used [0x00000000d5e00000,0x00000000d5e00000,0x00000000de280000)
  from space 47104K, 93% used [0x00000000de280000,0x00000000e0d5f4f8,0x00000000e1080000)
  to   space 53760K, 0% used [0x00000000e2680000,0x00000000e2680000,0x00000000e5b00000)
 ParOldGen       total 92160K, used 61075K [0x0000000081a00000, 0x0000000087400000, 0x00000000d5e00000)
  object space 92160K, 66% used [0x0000000081a00000,0x00000000855a4db0,0x0000000087400000)
 Metaspace       used 22334K, capacity 22531K, committed 22704K, reserved 1069056K
  class space    used 2118K, capacity 2178K, committed 2304K, reserved 1048576K
}
Event: 115.307 GC heap before
{Heap before GC invocations=11 (full 1):
 PSYoungGen      total 182784K, used 179581K [0x00000000d5e00000, 0x00000000e5b00000, 0x0000000100000000)
  eden space 135680K, 100% used [0x00000000d5e00000,0x00000000de280000,0x00000000de280000)
  from space 47104K, 93% used [0x00000000de280000,0x00000000e0d5f4f8,0x00000000e1080000)
  to   space 53760K, 0% used [0x00000000e2680000,0x00000000e2680000,0x00000000e5b00000)
 ParOldGen       total 92160K, used 61075K [0x0000000081a00000, 0x0000000087400000, 0x00000000d5e00000)
  object space 92160K, 66% used [0x0000000081a00000,0x00000000855a4db0,0x0000000087400000)
 Metaspace       used 22478K, capacity 22659K, committed 23040K, reserved 1071104K
  class space    used 2118K, capacity 2178K, committed 2304K, reserved 1048576K
Event: 115.431 GC heap after
Heap after GC invocations=11 (full 1):
 PSYoungGen      total 198656K, used 48630K [0x00000000d5e00000, 0x00000000e6580000, 0x0000000100000000)
  eden space 144896K, 0% used [0x00000000d5e00000,0x00000000d5e00000,0x00000000deb80000)
  from space 53760K, 90% used [0x00000000e2680000,0x00000000e55fdbb0,0x00000000e5b00000)
  to   space 60416K, 0% used [0x00000000deb80000,0x00000000deb80000,0x00000000e2680000)
 ParOldGen       total 92160K, used 61075K [0x0000000081a00000, 0x0000000087400000, 0x00000000d5e00000)
  object space 92160K, 66% used [0x0000000081a00000,0x00000000855a4db0,0x0000000087400000)
 Metaspace       used 22478K, capacity 22659K, committed 23040K, reserved 1071104K
  class space    used 2118K, capacity 2178K, committed 2304K, reserved 1048576K
}
Event: 154.550 GC heap before
{Heap before GC invocations=12 (full 1):
 PSYoungGen      total 198656K, used 193526K [0x00000000d5e00000, 0x00000000e6580000, 0x0000000100000000)
  eden space 144896K, 100% used [0x00000000d5e00000,0x00000000deb80000,0x00000000deb80000)
  from space 53760K, 90% used [0x00000000e2680000,0x00000000e55fdbb0,0x00000000e5b00000)
  to   space 60416K, 0% used [0x00000000deb80000,0x00000000deb80000,0x00000000e2680000)
 ParOldGen       total 92160K, used 61075K [0x0000000081a00000, 0x0000000087400000, 0x00000000d5e00000)
  object space 92160K, 66% used [0x0000000081a00000,0x00000000855a4db0,0x0000000087400000)
 Metaspace       used 22574K, capacity 22723K, committed 23040K, reserved 1071104K
  class space    used 2119K, capacity 2178K, committed 2304K, reserved 1048576K
Event: 154.626 GC heap after
Heap after GC invocations=12 (full 1):
 PSYoungGen      total 205312K, used 60386K [0x00000000d5e00000, 0x00000000e8200000, 0x0000000100000000)
  eden space 144896K, 0% used [0x00000000d5e00000,0x00000000d5e00000,0x00000000deb80000)
  from space 60416K, 99% used [0x00000000deb80000,0x00000000e2678b40,0x00000000e2680000)
  to   space 71168K, 0% used [0x00000000e3c80000,0x00000000e3c80000,0x00000000e8200000)
 ParOldGen       total 92160K, used 64331K [0x0000000081a00000, 0x0000000087400000, 0x00000000d5e00000)
  object space 92160K, 69% used [0x0000000081a00000,0x00000000858d2db0,0x0000000087400000)
 Metaspace       used 22574K, capacity 22723K, committed 23040K, reserved 1071104K
  class space    used 2119K, capacity 2178K, committed 2304K, reserved 1048576K
}

