# JRE version: Java(TM) SE Runtime Environment (8.0_20-b26) (build 1.8.0_20-b26)
# Java VM: Java HotSpot(TM) 64-Bit Server VM (25.20-b23 mixed mode linux-amd64 compressed oops)
Heap:
 PSYoungGen      total 112640K, used 10098K [0x00000000f6380000, 0x0000000100000000, 0x0000000100000000)
  eden space 81408K, 0% used [0x00000000f6380000,0x00000000f6380000,0x00000000fb300000)
  from space 31232K, 32% used [0x00000000fe180000,0x00000000feb5cae8,0x0000000100000000)
  to   space 39424K, 0% used [0x00000000fb300000,0x00000000fb300000,0x00000000fd980000)
 ParOldGen       total 159232K, used 159090K [0x00000000e2a00000, 0x00000000ec580000, 0x00000000f6380000)
  object space 159232K, 99% used [0x00000000e2a00000,0x00000000ec55cbe0,0x00000000ec580000)
 Metaspace       used 17403K, capacity 17537K, committed 17664K, reserved 1064960K
  class space    used 1638K, capacity 1693K, committed 1792K, reserved 1048576K
GC Heap History (10 events):
Event: 36.442 GC heap after
Heap after GC invocations=35 (full 5):
 PSYoungGen      total 130560K, used 22528K [0x00000000f6380000, 0x0000000100000000, 0x0000000100000000)
  eden space 108032K, 0% used [0x00000000f6380000,0x00000000f6380000,0x00000000fcd00000)
  from space 22528K, 100% used [0x00000000fea00000,0x0000000100000000,0x0000000100000000)
  to   space 26112K, 0% used [0x00000000fcd00000,0x00000000fcd00000,0x00000000fe680000)
 ParOldGen       total 159232K, used 119722K [0x00000000e2a00000, 0x00000000ec580000, 0x00000000f6380000)
  object space 159232K, 75% used [0x00000000e2a00000,0x00000000e9eeab10,0x00000000ec580000)
 Metaspace       used 17390K, capacity 17537K, committed 17664K, reserved 1064960K
  class space    used 1638K, capacity 1693K, committed 1792K, reserved 1048576K
}
Event: 37.442 GC heap before
{Heap before GC invocations=36 (full 5):
 PSYoungGen      total 130560K, used 130560K [0x00000000f6380000, 0x0000000100000000, 0x0000000100000000)
  eden space 108032K, 100% used [0x00000000f6380000,0x00000000fcd00000,0x00000000fcd00000)
  from space 22528K, 100% used [0x00000000fea00000,0x0000000100000000,0x0000000100000000)
  to   space 26112K, 0% used [0x00000000fcd00000,0x00000000fcd00000,0x00000000fe680000)
 ParOldGen       total 159232K, used 119722K [0x00000000e2a00000, 0x00000000ec580000, 0x00000000f6380000)
  object space 159232K, 75% used [0x00000000e2a00000,0x00000000e9eeab10,0x00000000ec580000)
 Metaspace       used 17402K, capacity 17537K, committed 17664K, reserved 1064960K
  class space    used 1638K, capacity 1693K, committed 1792K, reserved 1048576K
Event: 37.572 GC heap after
Heap after GC invocations=36 (full 5):
 PSYoungGen      total 126976K, used 18912K [0x00000000f6380000, 0x0000000100000000, 0x0000000100000000)
  eden space 108032K, 0% used [0x00000000f6380000,0x00000000f6380000,0x00000000fcd00000)
  from space 18944K, 99% used [0x00000000fcd00000,0x00000000fdf78000,0x00000000fdf80000)
  to   space 27648K, 0% used [0x00000000fe500000,0x00000000fe500000,0x0000000100000000)
 ParOldGen       total 159232K, used 130922K [0x00000000e2a00000, 0x00000000ec580000, 0x00000000f6380000)
  object space 159232K, 82% used [0x00000000e2a00000,0x00000000ea9dab10,0x00000000ec580000)
 Metaspace       used 17402K, capacity 17537K, committed 17664K, reserved 1064960K
  class space    used 1638K, capacity 1693K, committed 1792K, reserved 1048576K
}
Event: 38.405 GC heap before
{Heap before GC invocations=37 (full 5):
 PSYoungGen      total 126976K, used 126944K [0x00000000f6380000, 0x0000000100000000, 0x0000000100000000)
  eden space 108032K, 100% used [0x00000000f6380000,0x00000000fcd00000,0x00000000fcd00000)
  from space 18944K, 99% used [0x00000000fcd00000,0x00000000fdf78000,0x00000000fdf80000)
  to   space 27648K, 0% used [0x00000000fe500000,0x00000000fe500000,0x0000000100000000)
 ParOldGen       total 159232K, used 130922K [0x00000000e2a00000, 0x00000000ec580000, 0x00000000f6380000)
  object space 159232K, 82% used [0x00000000e2a00000,0x00000000ea9dab10,0x00000000ec580000)
 Metaspace       used 17402K, capacity 17537K, committed 17664K, reserved 1064960K
  class space    used 1638K, capacity 1693K, committed 1792K, reserved 1048576K
Event: 38.504 GC heap after
Heap after GC invocations=37 (full 5):
 PSYoungGen      total 125440K, used 26848K [0x00000000f6380000, 0x0000000100000000, 0x0000000100000000)
  eden space 97792K, 0% used [0x00000000f6380000,0x00000000f6380000,0x00000000fc300000)
  from space 27648K, 97% used [0x00000000fe500000,0x00000000fff38000,0x0000000100000000)
  to   space 31232K, 0% used [0x00000000fc300000,0x00000000fc300000,0x00000000fe180000)
 ParOldGen       total 159232K, used 130922K [0x00000000e2a00000, 0x00000000ec580000, 0x00000000f6380000)
  object space 159232K, 82% used [0x00000000e2a00000,0x00000000ea9dab10,0x00000000ec580000)
 Metaspace       used 17402K, capacity 17537K, committed 17664K, reserved 1064960K
  class space    used 1638K, capacity 1693K, committed 1792K, reserved 1048576K
}
Event: 39.221 GC heap before
{Heap before GC invocations=38 (full 5):
 PSYoungGen      total 125440K, used 124640K [0x00000000f6380000, 0x0000000100000000, 0x0000000100000000)
  eden space 97792K, 100% used [0x00000000f6380000,0x00000000fc300000,0x00000000fc300000)
  from space 27648K, 97% used [0x00000000fe500000,0x00000000fff38000,0x0000000100000000)
  to   space 31232K, 0% used [0x00000000fc300000,0x00000000fc300000,0x00000000fe180000)
 ParOldGen       total 159232K, used 130922K [0x00000000e2a00000, 0x00000000ec580000, 0x00000000f6380000)
  object space 159232K, 82% used [0x00000000e2a00000,0x00000000ea9dab10,0x00000000ec580000)
 Metaspace       used 17402K, capacity 17537K, committed 17664K, reserved 1064960K
  class space    used 1638K, capacity 1693K, committed 1792K, reserved 1048576K
Event: 39.342 GC heap after
Heap after GC invocations=38 (full 5):
 PSYoungGen      total 129024K, used 31232K [0x00000000f6380000, 0x0000000100000000, 0x0000000100000000)
  eden space 97792K, 0% used [0x00000000f6380000,0x00000000f6380000,0x00000000fc300000)
  from space 31232K, 100% used [0x00000000fc300000,0x00000000fe180000,0x00000000fe180000)
  to   space 31232K, 0% used [0x00000000fe180000,0x00000000fe180000,0x0000000100000000)
 ParOldGen       total 159232K, used 133906K [0x00000000e2a00000, 0x00000000ec580000, 0x00000000f6380000)
  object space 159232K, 84% used [0x00000000e2a00000,0x00000000eacc4b10,0x00000000ec580000)
 Metaspace       used 17402K, capacity 17537K, committed 17664K, reserved 1064960K
  class space    used 1638K, capacity 1693K, committed 1792K, reserved 1048576K
}
Event: 40.107 GC heap before
{Heap before GC invocations=39 (full 5):
 PSYoungGen      total 129024K, used 129024K [0x00000000f6380000, 0x0000000100000000, 0x0000000100000000)
  eden space 97792K, 100% used [0x00000000f6380000,0x00000000fc300000,0x00000000fc300000)
  from space 31232K, 100% used [0x00000000fc300000,0x00000000fe180000,0x00000000fe180000)
  to   space 31232K, 0% used [0x00000000fe180000,0x00000000fe180000,0x0000000100000000)
 ParOldGen       total 159232K, used 133906K [0x00000000e2a00000, 0x00000000ec580000, 0x00000000f6380000)
  object space 159232K, 84% used [0x00000000e2a00000,0x00000000eacc4b10,0x00000000ec580000)
 Metaspace       used 17403K, capacity 17537K, committed 17664K, reserved 1064960K
  class space    used 1638K, capacity 1693K, committed 1792K, reserved 1048576K
Event: 40.268 GC heap after
Heap after GC invocations=39 (full 5):
 PSYoungGen      total 112640K, used 28064K [0x00000000f6380000, 0x0000000100000000, 0x0000000100000000)
  eden space 81408K, 0% used [0x00000000f6380000,0x00000000f6380000,0x00000000fb300000)
  from space 31232K, 89% used [0x00000000fe180000,0x00000000ffce8000,0x0000000100000000)
  to   space 39424K, 0% used [0x00000000fb300000,0x00000000fb300000,0x00000000fd980000)
 ParOldGen       total 159232K, used 144242K [0x00000000e2a00000, 0x00000000ec580000, 0x00000000f6380000)
  object space 159232K, 90% used [0x00000000e2a00000,0x00000000eb6dcb10,0x00000000ec580000)
 Metaspace       used 17403K, capacity 17537K, committed 17664K, reserved 1064960K
  class space    used 1638K, capacity 1693K, committed 1792K, reserved 1048576K
}
Event: 40.280 GC heap before
{Heap before GC invocations=40 (full 6):
 PSYoungGen      total 112640K, used 28064K [0x00000000f6380000, 0x0000000100000000, 0x0000000100000000)
  eden space 81408K, 0% used [0x00000000f6380000,0x00000000f6380000,0x00000000fb300000)
  from space 31232K, 89% used [0x00000000fe180000,0x00000000ffce8000,0x0000000100000000)
  to   space 39424K, 0% used [0x00000000fb300000,0x00000000fb300000,0x00000000fd980000)
 ParOldGen       total 159232K, used 144242K [0x00000000e2a00000, 0x00000000ec580000, 0x00000000f6380000)
  object space 159232K, 90% used [0x00000000e2a00000,0x00000000eb6dcb10,0x00000000ec580000)
 Metaspace       used 17403K, capacity 17537K, committed 17664K, reserved 1064960K
  class space    used 1638K, capacity 1693K, committed 1792K, reserved 1048576K

