# JRE version: Java(TM) SE Runtime Environment (8.0_20-b26) (build 1.8.0_20-b26)
# Java VM: Java HotSpot(TM) 64-Bit Server VM (25.20-b23 mixed mode windows-amd64 compressed oops)
Heap:
 PSYoungGen      total 198656K, used 150682K [0x00000000d5e00000, 0x00000000e7480000, 0x0000000100000000)
  eden space 136192K, 69% used [0x00000000d5e00000,0x00000000dba32eb8,0x00000000de300000)
  from space 62464K, 90% used [0x00000000de300000,0x00000000e19f39b0,0x00000000e2000000)
  to   space 70144K, 0% used [0x00000000e3000000,0x00000000e3000000,0x00000000e7480000)
 ParOldGen       total 217088K, used 90960K [0x0000000081a00000, 0x000000008ee00000, 0x00000000d5e00000)
  object space 217088K, 41% used [0x0000000081a00000,0x00000000872d40a8,0x000000008ee00000)
 Metaspace       used 22719K, capacity 22915K, committed 23296K, reserved 1071104K
  class space    used 2115K, capacity 2178K, committed 2304K, reserved 1048576K
GC Heap History (10 events):
Event: 209.162 GC heap before
{Heap before GC invocations=15 (full 1):
 PSYoungGen      total 181248K, used 168241K [0x00000000d5e00000, 0x00000000e3a80000, 0x0000000100000000)
  eden space 142848K, 100% used [0x00000000d5e00000,0x00000000de980000,0x00000000de980000)
  from space 38400K, 66% used [0x00000000de980000,0x00000000e024c630,0x00000000e0f00000)
  to   space 39424K, 0% used [0x00000000e1400000,0x00000000e1400000,0x00000000e3a80000)
 ParOldGen       total 91136K, used 56757K [0x0000000081a00000, 0x0000000087300000, 0x00000000d5e00000)
  object space 91136K, 62% used [0x0000000081a00000,0x000000008516d7f0,0x0000000087300000)
 Metaspace       used 22403K, capacity 22595K, committed 22784K, reserved 1069056K
  class space    used 2114K, capacity 2178K, committed 2304K, reserved 1048576K
Event: 209.193 GC heap after
Heap after GC invocations=15 (full 1):
 PSYoungGen      total 185856K, used 25617K [0x00000000d5e00000, 0x00000000e3b00000, 0x0000000100000000)
  eden space 146432K, 0% used [0x00000000d5e00000,0x00000000d5e00000,0x00000000ded00000)
  from space 39424K, 64% used [0x00000000e1400000,0x00000000e2d04630,0x00000000e3a80000)
  to   space 39936K, 0% used [0x00000000ded00000,0x00000000ded00000,0x00000000e1400000)
 ParOldGen       total 91136K, used 56765K [0x0000000081a00000, 0x0000000087300000, 0x00000000d5e00000)
  object space 91136K, 62% used [0x0000000081a00000,0x000000008516f7f0,0x0000000087300000)
 Metaspace       used 22403K, capacity 22595K, committed 22784K, reserved 1069056K
  class space    used 2114K, capacity 2178K, committed 2304K, reserved 1048576K
}
Event: 230.353 GC heap before
{Heap before GC invocations=16 (full 1):
 PSYoungGen      total 185856K, used 172049K [0x00000000d5e00000, 0x00000000e3b00000, 0x0000000100000000)
  eden space 146432K, 100% used [0x00000000d5e00000,0x00000000ded00000,0x00000000ded00000)
  from space 39424K, 64% used [0x00000000e1400000,0x00000000e2d04630,0x00000000e3a80000)
  to   space 39936K, 0% used [0x00000000ded00000,0x00000000ded00000,0x00000000e1400000)
 ParOldGen       total 91136K, used 56765K [0x0000000081a00000, 0x0000000087300000, 0x00000000d5e00000)
  object space 91136K, 62% used [0x0000000081a00000,0x000000008516f7f0,0x0000000087300000)
 Metaspace       used 22543K, capacity 22723K, committed 23040K, reserved 1071104K
  class space    used 2115K, capacity 2178K, committed 2304K, reserved 1048576K
Event: 230.447 GC heap after
Heap after GC invocations=16 (full 1):
 PSYoungGen      total 186368K, used 39927K [0x00000000d5e00000, 0x00000000e4f00000, 0x0000000100000000)
  eden space 146432K, 0% used [0x00000000d5e00000,0x00000000d5e00000,0x00000000ded00000)
  from space 39936K, 99% used [0x00000000ded00000,0x00000000e13fdde0,0x00000000e1400000)
  to   space 48128K, 0% used [0x00000000e2000000,0x00000000e2000000,0x00000000e4f00000)
 ParOldGen       total 91136K, used 63981K [0x0000000081a00000, 0x0000000087300000, 0x00000000d5e00000)
  object space 91136K, 70% used [0x0000000081a00000,0x000000008587b7f0,0x0000000087300000)
 Metaspace       used 22543K, capacity 22723K, committed 23040K, reserved 1071104K
  class space    used 2115K, capacity 2178K, committed 2304K, reserved 1048576K
}
Event: 239.372 GC heap before
{Heap before GC invocations=17 (full 1):
 PSYoungGen      total 186368K, used 186359K [0x00000000d5e00000, 0x00000000e4f00000, 0x0000000100000000)
  eden space 146432K, 100% used [0x00000000d5e00000,0x00000000ded00000,0x00000000ded00000)
  from space 39936K, 99% used [0x00000000ded00000,0x00000000e13fdde0,0x00000000e1400000)
  to   space 48128K, 0% used [0x00000000e2000000,0x00000000e2000000,0x00000000e4f00000)
 ParOldGen       total 91136K, used 63981K [0x0000000081a00000, 0x0000000087300000, 0x00000000d5e00000)
  object space 91136K, 70% used [0x0000000081a00000,0x000000008587b7f0,0x0000000087300000)
 Metaspace       used 22670K, capacity 22851K, committed 23040K, reserved 1071104K
  class space    used 2115K, capacity 2178K, committed 2304K, reserved 1048576K
Event: 239.552 GC heap after
Heap after GC invocations=17 (full 1):
 PSYoungGen      total 184320K, used 48114K [0x00000000d5e00000, 0x00000000e6f80000, 0x0000000100000000)
  eden space 136192K, 0% used [0x00000000d5e00000,0x00000000d5e00000,0x00000000de300000)
  from space 48128K, 99% used [0x00000000e2000000,0x00000000e4efc960,0x00000000e4f00000)
  to   space 62464K, 0% used [0x00000000de300000,0x00000000de300000,0x00000000e2000000)
 ParOldGen       total 91136K, used 83169K [0x0000000081a00000, 0x0000000087300000, 0x00000000d5e00000)
  object space 91136K, 91% used [0x0000000081a00000,0x0000000086b38770,0x0000000087300000)
 Metaspace       used 22670K, capacity 22851K, committed 23040K, reserved 1071104K
  class space    used 2115K, capacity 2178K, committed 2304K, reserved 1048576K
}
Event: 239.552 GC heap before
{Heap before GC invocations=18 (full 2):
 PSYoungGen      total 184320K, used 48114K [0x00000000d5e00000, 0x00000000e6f80000, 0x0000000100000000)
  eden space 136192K, 0% used [0x00000000d5e00000,0x00000000d5e00000,0x00000000de300000)
  from space 48128K, 99% used [0x00000000e2000000,0x00000000e4efc960,0x00000000e4f00000)
  to   space 62464K, 0% used [0x00000000de300000,0x00000000de300000,0x00000000e2000000)
 ParOldGen       total 91136K, used 83169K [0x0000000081a00000, 0x0000000087300000, 0x00000000d5e00000)
  object space 91136K, 91% used [0x0000000081a00000,0x0000000086b38770,0x0000000087300000)
 Metaspace       used 22670K, capacity 22851K, committed 23040K, reserved 1071104K
  class space    used 2115K, capacity 2178K, committed 2304K, reserved 1048576K
Event: 240.562 GC heap after
Heap after GC invocations=18 (full 2):
 PSYoungGen      total 184320K, used 38530K [0x00000000d5e00000, 0x00000000e6f80000, 0x0000000100000000)
  eden space 136192K, 0% used [0x00000000d5e00000,0x00000000d5e00000,0x00000000de300000)
  from space 48128K, 80% used [0x00000000e2000000,0x00000000e45a0960,0x00000000e4f00000)
  to   space 62464K, 0% used [0x00000000de300000,0x00000000de300000,0x00000000e2000000)
 ParOldGen       total 217088K, used 90936K [0x0000000081a00000, 0x000000008ee00000, 0x00000000d5e00000)
  object space 217088K, 41% used [0x0000000081a00000,0x00000000872ce0a8,0x000000008ee00000)
 Metaspace       used 22670K, capacity 22851K, committed 23040K, reserved 1071104K
  class space    used 2115K, capacity 2178K, committed 2304K, reserved 1048576K
}
Event: 260.767 GC heap before
{Heap before GC invocations=19 (full 2):
 PSYoungGen      total 184320K, used 174722K [0x00000000d5e00000, 0x00000000e6f80000, 0x0000000100000000)
  eden space 136192K, 100% used [0x00000000d5e00000,0x00000000de300000,0x00000000de300000)
  from space 48128K, 80% used [0x00000000e2000000,0x00000000e45a0960,0x00000000e4f00000)
  to   space 62464K, 0% used [0x00000000de300000,0x00000000de300000,0x00000000e2000000)
 ParOldGen       total 217088K, used 90936K [0x0000000081a00000, 0x000000008ee00000, 0x00000000d5e00000)
  object space 217088K, 41% used [0x0000000081a00000,0x00000000872ce0a8,0x000000008ee00000)
 Metaspace       used 22719K, capacity 22915K, committed 23296K, reserved 1071104K
  class space    used 2115K, capacity 2178K, committed 2304K, reserved 1048576K
Event: 260.843 GC heap after
Heap after GC invocations=19 (full 2):
 PSYoungGen      total 198656K, used 56270K [0x00000000d5e00000, 0x00000000e7480000, 0x0000000100000000)
  eden space 136192K, 0% used [0x00000000d5e00000,0x00000000d5e00000,0x00000000de300000)
  from space 62464K, 90% used [0x00000000de300000,0x00000000e19f39b0,0x00000000e2000000)
  to   space 70144K, 0% used [0x00000000e3000000,0x00000000e3000000,0x00000000e7480000)
 ParOldGen       total 217088K, used 90960K [0x0000000081a00000, 0x000000008ee00000, 0x00000000d5e00000)
  object space 217088K, 41% used [0x0000000081a00000,0x00000000872d40a8,0x000000008ee00000)
 Metaspace       used 22719K, capacity 22915K, committed 23296K, reserved 1071104K
  class space    used 2115K, capacity 2178K, committed 2304K, reserved 1048576K
}

