# JRE version: Java(TM) SE Runtime Environment (8.0_20-b26) (build 1.8.0_20-b26)
# Java VM: Java HotSpot(TM) 64-Bit Server VM (25.20-b23 mixed mode windows-amd64 compressed oops)
Heap:
 PSYoungGen      total 120320K, used 118856K [0x00000000d5e00000, 0x00000000e0400000, 0x0000000100000000)
  eden space 116736K, 98% used [0x00000000d5e00000,0x00000000dce961e8,0x00000000dd000000)
  from space 3584K, 99% used [0x00000000de500000,0x00000000de87c0e0,0x00000000de880000)
  to   space 21504K, 0% used [0x00000000dd000000,0x00000000dd000000,0x00000000de500000)
 ParOldGen       total 93184K, used 48202K [0x0000000081a00000, 0x0000000087500000, 0x00000000d5e00000)
  object space 93184K, 51% used [0x0000000081a00000,0x0000000084912a10,0x0000000087500000)
 Metaspace       used 21840K, capacity 22075K, committed 22448K, reserved 1069056K
  class space    used 2104K, capacity 2178K, committed 2304K, reserved 1048576K
GC Heap History (10 events):
Event: 7.136 GC heap before
{Heap before GC invocations=3 (full 0):
 PSYoungGen      total 71680K, used 24162K [0x00000000d5e00000, 0x00000000da900000, 0x0000000100000000)
  eden space 66560K, 28% used [0x00000000d5e00000,0x00000000d709ca78,0x00000000d9f00000)
  from space 5120K, 99% used [0x00000000da400000,0x00000000da8fbdf0,0x00000000da900000)
  to   space 5120K, 0% used [0x00000000d9f00000,0x00000000d9f00000,0x00000000da400000)
 ParOldGen       total 87552K, used 8794K [0x0000000081a00000, 0x0000000086f80000, 0x00000000d5e00000)
  object space 87552K, 10% used [0x0000000081a00000,0x00000000822969a0,0x0000000086f80000)
 Metaspace       used 21070K, capacity 21183K, committed 21296K, reserved 1069056K
  class space    used 2085K, capacity 2142K, committed 2176K, reserved 1048576K
Event: 7.206 GC heap after
Heap after GC invocations=3 (full 0):
 PSYoungGen      total 71680K, used 5104K [0x00000000d5e00000, 0x00000000dea00000, 0x0000000100000000)
  eden space 66560K, 0% used [0x00000000d5e00000,0x00000000d5e00000,0x00000000d9f00000)
  from space 5120K, 99% used [0x00000000d9f00000,0x00000000da3fc0d0,0x00000000da400000)
  to   space 5120K, 0% used [0x00000000de500000,0x00000000de500000,0x00000000dea00000)
 ParOldGen       total 87552K, used 18466K [0x0000000081a00000, 0x0000000086f80000, 0x00000000d5e00000)
  object space 87552K, 21% used [0x0000000081a00000,0x0000000082c08a10,0x0000000086f80000)
 Metaspace       used 21070K, capacity 21183K, committed 21296K, reserved 1069056K
  class space    used 2085K, capacity 2142K, committed 2176K, reserved 1048576K
}
Event: 7.206 GC heap before
{Heap before GC invocations=4 (full 1):
 PSYoungGen      total 71680K, used 5104K [0x00000000d5e00000, 0x00000000dea00000, 0x0000000100000000)
  eden space 66560K, 0% used [0x00000000d5e00000,0x00000000d5e00000,0x00000000d9f00000)
  from space 5120K, 99% used [0x00000000d9f00000,0x00000000da3fc0d0,0x00000000da400000)
  to   space 5120K, 0% used [0x00000000de500000,0x00000000de500000,0x00000000dea00000)
 ParOldGen       total 87552K, used 18466K [0x0000000081a00000, 0x0000000086f80000, 0x00000000d5e00000)
  object space 87552K, 21% used [0x0000000081a00000,0x0000000082c08a10,0x0000000086f80000)
 Metaspace       used 21070K, capacity 21183K, committed 21296K, reserved 1069056K
  class space    used 2085K, capacity 2142K, committed 2176K, reserved 1048576K
Event: 7.763 GC heap after
Heap after GC invocations=4 (full 1):
 PSYoungGen      total 71680K, used 0K [0x00000000d5e00000, 0x00000000dea00000, 0x0000000100000000)
  eden space 66560K, 0% used [0x00000000d5e00000,0x00000000d5e00000,0x00000000d9f00000)
  from space 5120K, 0% used [0x00000000d9f00000,0x00000000d9f00000,0x00000000da400000)
  to   space 5120K, 0% used [0x00000000de500000,0x00000000de500000,0x00000000dea00000)
 ParOldGen       total 93184K, used 21693K [0x0000000081a00000, 0x0000000087500000, 0x00000000d5e00000)
  object space 93184K, 23% used [0x0000000081a00000,0x0000000082f2f420,0x0000000087500000)
 Metaspace       used 21069K, capacity 21181K, committed 21296K, reserved 1069056K
  class space    used 2084K, capacity 2141K, committed 2176K, reserved 1048576K
}
Event: 11.428 GC heap before
{Heap before GC invocations=5 (full 1):
 PSYoungGen      total 71680K, used 66555K [0x00000000d5e00000, 0x00000000dea00000, 0x0000000100000000)
  eden space 66560K, 99% used [0x00000000d5e00000,0x00000000d9efef78,0x00000000d9f00000)
  from space 5120K, 0% used [0x00000000d9f00000,0x00000000d9f00000,0x00000000da400000)
  to   space 5120K, 0% used [0x00000000de500000,0x00000000de500000,0x00000000dea00000)
 ParOldGen       total 93184K, used 21693K [0x0000000081a00000, 0x0000000087500000, 0x00000000d5e00000)
  object space 93184K, 23% used [0x0000000081a00000,0x0000000082f2f420,0x0000000087500000)
 Metaspace       used 21405K, capacity 21597K, committed 21808K, reserved 1069056K
  class space    used 2098K, capacity 2173K, committed 2176K, reserved 1048576K
Event: 11.456 GC heap after
Heap after GC invocations=5 (full 1):
 PSYoungGen      total 88576K, used 5056K [0x00000000d5e00000, 0x00000000dea00000, 0x0000000100000000)
  eden space 83456K, 0% used [0x00000000d5e00000,0x00000000d5e00000,0x00000000daf80000)
  from space 5120K, 98% used [0x00000000de500000,0x00000000de9f0098,0x00000000dea00000)
  to   space 5120K, 0% used [0x00000000de000000,0x00000000de000000,0x00000000de500000)
 ParOldGen       total 93184K, used 26053K [0x0000000081a00000, 0x0000000087500000, 0x00000000d5e00000)
  object space 93184K, 27% used [0x0000000081a00000,0x0000000083371530,0x0000000087500000)
 Metaspace       used 21405K, capacity 21597K, committed 21808K, reserved 1069056K
  class space    used 2098K, capacity 2173K, committed 2176K, reserved 1048576K
}
Event: 13.390 GC heap before
{Heap before GC invocations=6 (full 1):
 PSYoungGen      total 88576K, used 88512K [0x00000000d5e00000, 0x00000000dea00000, 0x0000000100000000)
  eden space 83456K, 100% used [0x00000000d5e00000,0x00000000daf80000,0x00000000daf80000)
  from space 5120K, 98% used [0x00000000de500000,0x00000000de9f0098,0x00000000dea00000)
  to   space 5120K, 0% used [0x00000000de000000,0x00000000de000000,0x00000000de500000)
 ParOldGen       total 93184K, used 26053K [0x0000000081a00000, 0x0000000087500000, 0x00000000d5e00000)
  object space 93184K, 27% used [0x0000000081a00000,0x0000000083371530,0x0000000087500000)
 Metaspace       used 21581K, capacity 21749K, committed 21936K, reserved 1069056K
  class space    used 2103K, capacity 2177K, committed 2304K, reserved 1048576K
Event: 13.429 GC heap after
Heap after GC invocations=6 (full 1):
 PSYoungGen      total 109056K, used 5079K [0x00000000d5e00000, 0x00000000de880000, 0x0000000100000000)
  eden space 103936K, 0% used [0x00000000d5e00000,0x00000000d5e00000,0x00000000dc380000)
  from space 5120K, 99% used [0x00000000de000000,0x00000000de4f5f60,0x00000000de500000)
  to   space 3584K, 0% used [0x00000000de500000,0x00000000de500000,0x00000000de880000)
 ParOldGen       total 93184K, used 34922K [0x0000000081a00000, 0x0000000087500000, 0x00000000d5e00000)
  object space 93184K, 37% used [0x0000000081a00000,0x0000000083c1aa60,0x0000000087500000)
 Metaspace       used 21581K, capacity 21749K, committed 21936K, reserved 1069056K
  class space    used 2103K, capacity 2177K, committed 2304K, reserved 1048576K
}
Event: 16.288 GC heap before
{Heap before GC invocations=7 (full 1):
 PSYoungGen      total 109056K, used 109015K [0x00000000d5e00000, 0x00000000de880000, 0x0000000100000000)
  eden space 103936K, 100% used [0x00000000d5e00000,0x00000000dc380000,0x00000000dc380000)
  from space 5120K, 99% used [0x00000000de000000,0x00000000de4f5f60,0x00000000de500000)
  to   space 3584K, 0% used [0x00000000de500000,0x00000000de500000,0x00000000de880000)
 ParOldGen       total 93184K, used 34922K [0x0000000081a00000, 0x0000000087500000, 0x00000000d5e00000)
  object space 93184K, 37% used [0x0000000081a00000,0x0000000083c1aa60,0x0000000087500000)
 Metaspace       used 21748K, capacity 21947K, committed 22192K, reserved 1069056K
  class space    used 2104K, capacity 2178K, committed 2304K, reserved 1048576K
Event: 16.327 GC heap after
Heap after GC invocations=7 (full 1):
 PSYoungGen      total 120320K, used 3568K [0x00000000d5e00000, 0x00000000e0400000, 0x0000000100000000)
  eden space 116736K, 0% used [0x00000000d5e00000,0x00000000d5e00000,0x00000000dd000000)
  from space 3584K, 99% used [0x00000000de500000,0x00000000de87c0e0,0x00000000de880000)
  to   space 21504K, 0% used [0x00000000dd000000,0x00000000dd000000,0x00000000de500000)
 ParOldGen       total 93184K, used 48202K [0x0000000081a00000, 0x0000000087500000, 0x00000000d5e00000)
  object space 93184K, 51% used [0x0000000081a00000,0x0000000084912a10,0x0000000087500000)
 Metaspace       used 21748K, capacity 21947K, committed 22192K, reserved 1069056K
  class space    used 2104K, capacity 2178K, committed 2304K, reserved 1048576K
}

