# JRE version: Java(TM) SE Runtime Environment (8.0_20-b26) (build 1.8.0_20-b26)
# Java VM: Java HotSpot(TM) 64-Bit Server VM (25.20-b23 mixed mode windows-amd64 compressed oops)
Heap:
 PSYoungGen      total 442880K, used 255201K [0x00000000d5e00000, 0x00000000fd500000, 0x0000000100000000)
  eden space 252928K, 61% used [0x00000000d5e00000,0x00000000df56d9a8,0x00000000e5500000)
  from space 189952K, 52% used [0x00000000e5500000,0x00000000eb6caa70,0x00000000f0e80000)
  to   space 189952K, 0% used [0x00000000f1b80000,0x00000000f1b80000,0x00000000fd500000)
 ParOldGen       total 1380352K, used 1078002K [0x0000000081a00000, 0x00000000d5e00000, 0x00000000d5e00000)
  object space 1380352K, 78% used [0x0000000081a00000,0x00000000c36bc878,0x00000000d5e00000)
 Metaspace       used 22681K, capacity 22915K, committed 23296K, reserved 1071104K
  class space    used 2119K, capacity 2178K, committed 2304K, reserved 1048576K
GC Heap History (10 events):
Event: 71.620 GC heap before
{Heap before GC invocations=39 (full 6):
 PSYoungGen      total 438784K, used 217600K [0x00000000d5e00000, 0x00000000fe980000, 0x0000000100000000)
  eden space 217600K, 100% used [0x00000000d5e00000,0x00000000e3280000,0x00000000e3280000)
  from space 221184K, 0% used [0x00000000f1180000,0x00000000f1180000,0x00000000fe980000)
  to   space 224768K, 0% used [0x00000000e3280000,0x00000000e3280000,0x00000000f0e00000)
 ParOldGen       total 1380352K, used 1078002K [0x0000000081a00000, 0x00000000d5e00000, 0x00000000d5e00000)
  object space 1380352K, 78% used [0x0000000081a00000,0x00000000c36bc878,0x00000000d5e00000)
 Metaspace       used 21998K, capacity 22203K, committed 22448K, reserved 1069056K
  class space    used 2105K, capacity 2178K, committed 2304K, reserved 1048576K
Event: 71.773 GC heap after
Heap after GC invocations=39 (full 6):
 PSYoungGen      total 442368K, used 16640K [0x00000000d5e00000, 0x00000000ff780000, 0x0000000100000000)
  eden space 217600K, 0% used [0x00000000d5e00000,0x00000000d5e00000,0x00000000e3280000)
  from space 224768K, 7% used [0x00000000e3280000,0x00000000e42c0000,0x00000000f0e00000)
  to   space 220160K, 0% used [0x00000000f2080000,0x00000000f2080000,0x00000000ff780000)
 ParOldGen       total 1380352K, used 1078002K [0x0000000081a00000, 0x00000000d5e00000, 0x00000000d5e00000)
  object space 1380352K, 78% used [0x0000000081a00000,0x00000000c36bc878,0x00000000d5e00000)
 Metaspace       used 21998K, capacity 22203K, committed 22448K, reserved 1069056K
  class space    used 2105K, capacity 2178K, committed 2304K, reserved 1048576K
}
Event: 89.392 GC heap before
{Heap before GC invocations=40 (full 6):
 PSYoungGen      total 442368K, used 234240K [0x00000000d5e00000, 0x00000000ff780000, 0x0000000100000000)
  eden space 217600K, 100% used [0x00000000d5e00000,0x00000000e3280000,0x00000000e3280000)
  from space 224768K, 7% used [0x00000000e3280000,0x00000000e42c0000,0x00000000f0e00000)
  to   space 220160K, 0% used [0x00000000f2080000,0x00000000f2080000,0x00000000ff780000)
 ParOldGen       total 1380352K, used 1078002K [0x0000000081a00000, 0x00000000d5e00000, 0x00000000d5e00000)
  object space 1380352K, 78% used [0x0000000081a00000,0x00000000c36bc878,0x00000000d5e00000)
 Metaspace       used 22184K, capacity 22395K, committed 22704K, reserved 1069056K
  class space    used 2118K, capacity 2178K, committed 2304K, reserved 1048576K
Event: 89.543 GC heap after
Heap after GC invocations=40 (full 6):
 PSYoungGen      total 437760K, used 35360K [0x00000000d5e00000, 0x00000000fe400000, 0x0000000100000000)
  eden space 237568K, 0% used [0x00000000d5e00000,0x00000000d5e00000,0x00000000e4600000)
  from space 200192K, 17% used [0x00000000f2080000,0x00000000f4308350,0x00000000fe400000)
  to   space 211968K, 0% used [0x00000000e4600000,0x00000000e4600000,0x00000000f1500000)
 ParOldGen       total 1380352K, used 1078002K [0x0000000081a00000, 0x00000000d5e00000, 0x00000000d5e00000)
  object space 1380352K, 78% used [0x0000000081a00000,0x00000000c36bc878,0x00000000d5e00000)
 Metaspace       used 22184K, capacity 22395K, committed 22704K, reserved 1069056K
  class space    used 2118K, capacity 2178K, committed 2304K, reserved 1048576K
}
Event: 96.165 GC heap before
{Heap before GC invocations=41 (full 6):
 PSYoungGen      total 437760K, used 272928K [0x00000000d5e00000, 0x00000000fe400000, 0x0000000100000000)
  eden space 237568K, 100% used [0x00000000d5e00000,0x00000000e4600000,0x00000000e4600000)
  from space 200192K, 17% used [0x00000000f2080000,0x00000000f4308350,0x00000000fe400000)
  to   space 211968K, 0% used [0x00000000e4600000,0x00000000e4600000,0x00000000f1500000)
 ParOldGen       total 1380352K, used 1078002K [0x0000000081a00000, 0x00000000d5e00000, 0x00000000d5e00000)
  object space 1380352K, 78% used [0x0000000081a00000,0x00000000c36bc878,0x00000000d5e00000)
 Metaspace       used 22216K, capacity 22395K, committed 22704K, reserved 1069056K
  class space    used 2118K, capacity 2178K, committed 2304K, reserved 1048576K
Event: 96.288 GC heap after
Heap after GC invocations=41 (full 6):
 PSYoungGen      total 449536K, used 40449K [0x00000000d5e00000, 0x00000000fe300000, 0x0000000100000000)
  eden space 237568K, 0% used [0x00000000d5e00000,0x00000000d5e00000,0x00000000e4600000)
  from space 211968K, 19% used [0x00000000e4600000,0x00000000e6d80490,0x00000000f1500000)
  to   space 202240K, 0% used [0x00000000f1d80000,0x00000000f1d80000,0x00000000fe300000)
 ParOldGen       total 1380352K, used 1078002K [0x0000000081a00000, 0x00000000d5e00000, 0x00000000d5e00000)
  object space 1380352K, 78% used [0x0000000081a00000,0x00000000c36bc878,0x00000000d5e00000)
 Metaspace       used 22216K, capacity 22395K, committed 22704K, reserved 1069056K
  class space    used 2118K, capacity 2178K, committed 2304K, reserved 1048576K
}
Event: 112.095 GC heap before
{Heap before GC invocations=42 (full 6):
 PSYoungGen      total 449536K, used 278017K [0x00000000d5e00000, 0x00000000fe300000, 0x0000000100000000)
  eden space 237568K, 100% used [0x00000000d5e00000,0x00000000e4600000,0x00000000e4600000)
  from space 211968K, 19% used [0x00000000e4600000,0x00000000e6d80490,0x00000000f1500000)
  to   space 202240K, 0% used [0x00000000f1d80000,0x00000000f1d80000,0x00000000fe300000)
 ParOldGen       total 1380352K, used 1078002K [0x0000000081a00000, 0x00000000d5e00000, 0x00000000d5e00000)
  object space 1380352K, 78% used [0x0000000081a00000,0x00000000c36bc878,0x00000000d5e00000)
 Metaspace       used 22355K, capacity 22523K, committed 22704K, reserved 1069056K
  class space    used 2118K, capacity 2178K, committed 2304K, reserved 1048576K
Event: 112.219 GC heap after
Heap after GC invocations=42 (full 6):
 PSYoungGen      total 427520K, used 69026K [0x00000000d5e00000, 0x00000000fc800000, 0x0000000100000000)
  eden space 252928K, 0% used [0x00000000d5e00000,0x00000000d5e00000,0x00000000e5500000)
  from space 174592K, 39% used [0x00000000f1d80000,0x00000000f60e8b40,0x00000000fc800000)
  to   space 189952K, 0% used [0x00000000e5500000,0x00000000e5500000,0x00000000f0e80000)
 ParOldGen       total 1380352K, used 1078002K [0x0000000081a00000, 0x00000000d5e00000, 0x00000000d5e00000)
  object space 1380352K, 78% used [0x0000000081a00000,0x00000000c36bc878,0x00000000d5e00000)
 Metaspace       used 22355K, capacity 22523K, committed 22704K, reserved 1069056K
  class space    used 2118K, capacity 2178K, committed 2304K, reserved 1048576K
}
Event: 139.586 GC heap before
{Heap before GC invocations=43 (full 6):
 PSYoungGen      total 427520K, used 319175K [0x00000000d5e00000, 0x00000000fc800000, 0x0000000100000000)
  eden space 252928K, 98% used [0x00000000d5e00000,0x00000000e5249300,0x00000000e5500000)
  from space 174592K, 39% used [0x00000000f1d80000,0x00000000f60e8b40,0x00000000fc800000)
  to   space 189952K, 0% used [0x00000000e5500000,0x00000000e5500000,0x00000000f0e80000)
 ParOldGen       total 1380352K, used 1078002K [0x0000000081a00000, 0x00000000d5e00000, 0x00000000d5e00000)
  object space 1380352K, 78% used [0x0000000081a00000,0x00000000c36bc878,0x00000000d5e00000)
 Metaspace       used 22466K, capacity 22651K, committed 23040K, reserved 1071104K
  class space    used 2119K, capacity 2178K, committed 2304K, reserved 1048576K
Event: 139.747 GC heap after
Heap after GC invocations=43 (full 6):
 PSYoungGen      total 442880K, used 100138K [0x00000000d5e00000, 0x00000000fd500000, 0x0000000100000000)
  eden space 252928K, 0% used [0x00000000d5e00000,0x00000000d5e00000,0x00000000e5500000)
  from space 189952K, 52% used [0x00000000e5500000,0x00000000eb6caa70,0x00000000f0e80000)
  to   space 189952K, 0% used [0x00000000f1b80000,0x00000000f1b80000,0x00000000fd500000)
 ParOldGen       total 1380352K, used 1078002K [0x0000000081a00000, 0x00000000d5e00000, 0x00000000d5e00000)
  object space 1380352K, 78% used [0x0000000081a00000,0x00000000c36bc878,0x00000000d5e00000)
 Metaspace       used 22466K, capacity 22651K, committed 23040K, reserved 1071104K
  class space    used 2119K, capacity 2178K, committed 2304K, reserved 1048576K
}

