# JRE version: Java(TM) SE Runtime Environment (8.0_20-b26) (build 1.8.0_20-b26)
# Java VM: Java HotSpot(TM) 64-Bit Server VM (25.20-b23 mixed mode windows-amd64 compressed oops)
Heap:
 PSYoungGen      total 457728K, used 351608K [0x00000000d5e00000, 0x0000000100000000, 0x0000000100000000)
  eden space 251904K, 81% used [0x00000000d5e00000,0x00000000e26677b8,0x00000000e5400000)
  from space 205824K, 71% used [0x00000000f3700000,0x00000000fc5f6b38,0x0000000100000000)
  to   space 219136K, 0% used [0x00000000e5400000,0x00000000e5400000,0x00000000f2a00000)
 ParOldGen       total 502784K, used 319346K [0x0000000081a00000, 0x00000000a0500000, 0x00000000d5e00000)
  object space 502784K, 63% used [0x0000000081a00000,0x00000000951dca98,0x00000000a0500000)
 Metaspace       used 22700K, capacity 22857K, committed 23040K, reserved 1071104K
  class space    used 2126K, capacity 2179K, committed 2304K, reserved 1048576K
GC Heap History (10 events):
Event: 94.123 GC heap before
{Heap before GC invocations=15 (full 2):
 PSYoungGen      total 279040K, used 279015K [0x00000000d5e00000, 0x00000000f1300000, 0x0000000100000000)
  eden space 176128K, 100% used [0x00000000d5e00000,0x00000000e0a00000,0x00000000e0a00000)
  from space 102912K, 99% used [0x00000000e7f80000,0x00000000ee3f9d40,0x00000000ee400000)
  to   space 120320K, 0% used [0x00000000e0a00000,0x00000000e0a00000,0x00000000e7f80000)
 ParOldGen       total 295936K, used 204734K [0x0000000081a00000, 0x0000000093b00000, 0x00000000d5e00000)
  object space 295936K, 69% used [0x0000000081a00000,0x000000008e1efbb8,0x0000000093b00000)
 Metaspace       used 22264K, capacity 22467K, committed 22704K, reserved 1069056K
  class space    used 2110K, capacity 2178K, committed 2304K, reserved 1048576K
Event: 94.405 GC heap after
Heap after GC invocations=15 (full 2):
 PSYoungGen      total 296448K, used 119755K [0x00000000d5e00000, 0x00000000f5580000, 0x0000000100000000)
  eden space 176128K, 0% used [0x00000000d5e00000,0x00000000d5e00000,0x00000000e0a00000)
  from space 120320K, 99% used [0x00000000e0a00000,0x00000000e7ef2cf0,0x00000000e7f80000)
  to   space 140800K, 0% used [0x00000000ecc00000,0x00000000ecc00000,0x00000000f5580000)
 ParOldGen       total 295936K, used 204734K [0x0000000081a00000, 0x0000000093b00000, 0x00000000d5e00000)
  object space 295936K, 69% used [0x0000000081a00000,0x000000008e1efbb8,0x0000000093b00000)
 Metaspace       used 22264K, capacity 22467K, committed 22704K, reserved 1069056K
  class space    used 2110K, capacity 2178K, committed 2304K, reserved 1048576K
}
Event: 155.751 GC heap before
{Heap before GC invocations=16 (full 2):
 PSYoungGen      total 296448K, used 295883K [0x00000000d5e00000, 0x00000000f5580000, 0x0000000100000000)
  eden space 176128K, 100% used [0x00000000d5e00000,0x00000000e0a00000,0x00000000e0a00000)
  from space 120320K, 99% used [0x00000000e0a00000,0x00000000e7ef2cf0,0x00000000e7f80000)
  to   space 140800K, 0% used [0x00000000ecc00000,0x00000000ecc00000,0x00000000f5580000)
 ParOldGen       total 295936K, used 204734K [0x0000000081a00000, 0x0000000093b00000, 0x00000000d5e00000)
  object space 295936K, 69% used [0x0000000081a00000,0x000000008e1efbb8,0x0000000093b00000)
 Metaspace       used 22466K, capacity 22665K, committed 23040K, reserved 1071104K
  class space    used 2125K, capacity 2179K, committed 2304K, reserved 1048576K
Event: 156.090 GC heap after
Heap after GC invocations=16 (full 2):
 PSYoungGen      total 362496K, used 110249K [0x00000000d5e00000, 0x00000000f6680000, 0x0000000100000000)
  eden space 221696K, 0% used [0x00000000d5e00000,0x00000000d5e00000,0x00000000e3680000)
  from space 140800K, 78% used [0x00000000ecc00000,0x00000000f37aa4e0,0x00000000f5580000)
  to   space 153088K, 0% used [0x00000000e3680000,0x00000000e3680000,0x00000000ecc00000)
 ParOldGen       total 295936K, used 224462K [0x0000000081a00000, 0x0000000093b00000, 0x00000000d5e00000)
  object space 295936K, 75% used [0x0000000081a00000,0x000000008f533bb8,0x0000000093b00000)
 Metaspace       used 22466K, capacity 22665K, committed 23040K, reserved 1071104K
  class space    used 2125K, capacity 2179K, committed 2304K, reserved 1048576K
}
Event: 161.600 GC heap before
{Heap before GC invocations=17 (full 2):
 PSYoungGen      total 362496K, used 331945K [0x00000000d5e00000, 0x00000000f6680000, 0x0000000100000000)
  eden space 221696K, 100% used [0x00000000d5e00000,0x00000000e3680000,0x00000000e3680000)
  from space 140800K, 78% used [0x00000000ecc00000,0x00000000f37aa4e0,0x00000000f5580000)
  to   space 153088K, 0% used [0x00000000e3680000,0x00000000e3680000,0x00000000ecc00000)
 ParOldGen       total 295936K, used 224462K [0x0000000081a00000, 0x0000000093b00000, 0x00000000d5e00000)
  object space 295936K, 75% used [0x0000000081a00000,0x000000008f533bb8,0x0000000093b00000)
 Metaspace       used 22468K, capacity 22665K, committed 23040K, reserved 1071104K
  class space    used 2125K, capacity 2179K, committed 2304K, reserved 1048576K
Event: 162.211 GC heap after
Heap after GC invocations=17 (full 2):
 PSYoungGen      total 374784K, used 153060K [0x00000000d5e00000, 0x0000000100000000, 0x0000000100000000)
  eden space 221696K, 0% used [0x00000000d5e00000,0x00000000d5e00000,0x00000000e3680000)
  from space 153088K, 99% used [0x00000000e3680000,0x00000000ecbf9088,0x00000000ecc00000)
  to   space 205824K, 0% used [0x00000000f3700000,0x00000000f3700000,0x0000000100000000)
 ParOldGen       total 297984K, used 297494K [0x0000000081a00000, 0x0000000093d00000, 0x00000000d5e00000)
  object space 297984K, 99% used [0x0000000081a00000,0x0000000093c85bb8,0x0000000093d00000)
 Metaspace       used 22468K, capacity 22665K, committed 23040K, reserved 1071104K
  class space    used 2125K, capacity 2179K, committed 2304K, reserved 1048576K
}
Event: 162.211 GC heap before
{Heap before GC invocations=18 (full 3):
 PSYoungGen      total 374784K, used 153060K [0x00000000d5e00000, 0x0000000100000000, 0x0000000100000000)
  eden space 221696K, 0% used [0x00000000d5e00000,0x00000000d5e00000,0x00000000e3680000)
  from space 153088K, 99% used [0x00000000e3680000,0x00000000ecbf9088,0x00000000ecc00000)
  to   space 205824K, 0% used [0x00000000f3700000,0x00000000f3700000,0x0000000100000000)
 ParOldGen       total 297984K, used 297494K [0x0000000081a00000, 0x0000000093d00000, 0x00000000d5e00000)
  object space 297984K, 99% used [0x0000000081a00000,0x0000000093c85bb8,0x0000000093d00000)
 Metaspace       used 22468K, capacity 22665K, committed 23040K, reserved 1071104K
  class space    used 2125K, capacity 2179K, committed 2304K, reserved 1048576K
Event: 165.684 GC heap after
Heap after GC invocations=18 (full 3):
 PSYoungGen      total 374784K, used 150832K [0x00000000d5e00000, 0x0000000100000000, 0x0000000100000000)
  eden space 221696K, 0% used [0x00000000d5e00000,0x00000000d5e00000,0x00000000e3680000)
  from space 153088K, 98% used [0x00000000e3680000,0x00000000ec9cc118,0x00000000ecc00000)
  to   space 205824K, 0% used [0x00000000f3700000,0x00000000f3700000,0x0000000100000000)
 ParOldGen       total 502784K, used 297199K [0x0000000081a00000, 0x00000000a0500000, 0x00000000d5e00000)
  object space 502784K, 59% used [0x0000000081a00000,0x0000000093c3bcf0,0x00000000a0500000)
 Metaspace       used 22468K, capacity 22665K, committed 23040K, reserved 1071104K
  class space    used 2125K, capacity 2179K, committed 2304K, reserved 1048576K
}
Event: 172.069 GC heap before
{Heap before GC invocations=19 (full 3):
 PSYoungGen      total 374784K, used 372528K [0x00000000d5e00000, 0x0000000100000000, 0x0000000100000000)
  eden space 221696K, 100% used [0x00000000d5e00000,0x00000000e3680000,0x00000000e3680000)
  from space 153088K, 98% used [0x00000000e3680000,0x00000000ec9cc118,0x00000000ecc00000)
  to   space 205824K, 0% used [0x00000000f3700000,0x00000000f3700000,0x0000000100000000)
 ParOldGen       total 502784K, used 297199K [0x0000000081a00000, 0x00000000a0500000, 0x00000000d5e00000)
  object space 502784K, 59% used [0x0000000081a00000,0x0000000093c3bcf0,0x00000000a0500000)
 Metaspace       used 22517K, capacity 22729K, committed 23040K, reserved 1071104K
  class space    used 2125K, capacity 2179K, committed 2304K, reserved 1048576K
Event: 172.648 GC heap after
Heap after GC invocations=19 (full 3):
 PSYoungGen      total 457728K, used 146394K [0x00000000d5e00000, 0x0000000100000000, 0x0000000100000000)
  eden space 251904K, 0% used [0x00000000d5e00000,0x00000000d5e00000,0x00000000e5400000)
  from space 205824K, 71% used [0x00000000f3700000,0x00000000fc5f6b38,0x0000000100000000)
  to   space 219136K, 0% used [0x00000000e5400000,0x00000000e5400000,0x00000000f2a00000)
 ParOldGen       total 502784K, used 319346K [0x0000000081a00000, 0x00000000a0500000, 0x00000000d5e00000)
  object space 502784K, 63% used [0x0000000081a00000,0x00000000951dca98,0x00000000a0500000)
 Metaspace       used 22517K, capacity 22729K, committed 23040K, reserved 1071104K
  class space    used 2125K, capacity 2179K, committed 2304K, reserved 1048576K
}

