# JRE version: Java(TM) SE Runtime Environment (8.0_20-b26) (build 1.8.0_20-b26)
# Java VM: Java HotSpot(TM) 64-Bit Server VM (25.20-b23 mixed mode windows-amd64 compressed oops)
Heap:
 PSYoungGen      total 280576K, used 161212K [0x00000000d5e00000, 0x00000000f0500000, 0x0000000100000000)
  eden space 126464K, 77% used [0x00000000d5e00000,0x00000000dbdade98,0x00000000dd980000)
  from space 154112K, 41% used [0x00000000dd980000,0x00000000e1741448,0x00000000e7000000)
  to   space 148480K, 0% used [0x00000000e7400000,0x00000000e7400000,0x00000000f0500000)
 ParOldGen       total 896512K, used 604413K [0x0000000081a00000, 0x00000000b8580000, 0x00000000d5e00000)
  object space 896512K, 67% used [0x0000000081a00000,0x00000000a683f6a8,0x00000000b8580000)
 Metaspace       used 22499K, capacity 22659K, committed 23040K, reserved 1071104K
  class space    used 2109K, capacity 2178K, committed 2304K, reserved 1048576K
GC Heap History (10 events):
Event: 72.975 GC heap before
{Heap before GC invocations=34 (full 5):
 PSYoungGen      total 288256K, used 135246K [0x00000000d5e00000, 0x00000000f4180000, 0x0000000100000000)
  eden space 104960K, 100% used [0x00000000d5e00000,0x00000000dc480000,0x00000000dc480000)
  from space 183296K, 16% used [0x00000000e8e80000,0x00000000eac13838,0x00000000f4180000)
  to   space 195072K, 0% used [0x00000000dc480000,0x00000000dc480000,0x00000000e8300000)
 ParOldGen       total 896512K, used 604413K [0x0000000081a00000, 0x00000000b8580000, 0x00000000d5e00000)
  object space 896512K, 67% used [0x0000000081a00000,0x00000000a683f6a8,0x00000000b8580000)
 Metaspace       used 22459K, capacity 22659K, committed 23040K, reserved 1071104K
  class space    used 2109K, capacity 2178K, committed 2304K, reserved 1048576K
Event: 73.072 GC heap after
Heap after GC invocations=34 (full 5):
 PSYoungGen      total 144384K, used 39333K [0x00000000d5e00000, 0x00000000f3280000, 0x0000000100000000)
  eden space 104960K, 0% used [0x00000000d5e00000,0x00000000d5e00000,0x00000000dc480000)
  from space 39424K, 99% used [0x00000000dc480000,0x00000000deae9448,0x00000000deb00000)
  to   space 182272K, 0% used [0x00000000e8080000,0x00000000e8080000,0x00000000f3280000)
 ParOldGen       total 896512K, used 604413K [0x0000000081a00000, 0x00000000b8580000, 0x00000000d5e00000)
  object space 896512K, 67% used [0x0000000081a00000,0x00000000a683f6a8,0x00000000b8580000)
 Metaspace       used 22459K, capacity 22659K, committed 23040K, reserved 1071104K
  class space    used 2109K, capacity 2178K, committed 2304K, reserved 1048576K
}
Event: 73.590 GC heap before
{Heap before GC invocations=35 (full 5):
 PSYoungGen      total 144384K, used 144293K [0x00000000d5e00000, 0x00000000f3280000, 0x0000000100000000)
  eden space 104960K, 100% used [0x00000000d5e00000,0x00000000dc480000,0x00000000dc480000)
  from space 39424K, 99% used [0x00000000dc480000,0x00000000deae9448,0x00000000deb00000)
  to   space 182272K, 0% used [0x00000000e8080000,0x00000000e8080000,0x00000000f3280000)
 ParOldGen       total 896512K, used 604413K [0x0000000081a00000, 0x00000000b8580000, 0x00000000d5e00000)
  object space 896512K, 67% used [0x0000000081a00000,0x00000000a683f6a8,0x00000000b8580000)
 Metaspace       used 22459K, capacity 22659K, committed 23040K, reserved 1071104K
  class space    used 2109K, capacity 2178K, committed 2304K, reserved 1048576K
Event: 73.723 GC heap after
Heap after GC invocations=35 (full 5):
 PSYoungGen      total 271872K, used 47301K [0x00000000d5e00000, 0x00000000f1900000, 0x0000000100000000)
  eden space 115712K, 0% used [0x00000000d5e00000,0x00000000d5e00000,0x00000000dcf00000)
  from space 156160K, 30% used [0x00000000e8080000,0x00000000eaeb1448,0x00000000f1900000)
  to   space 168960K, 0% used [0x00000000dcf00000,0x00000000dcf00000,0x00000000e7400000)
 ParOldGen       total 896512K, used 604413K [0x0000000081a00000, 0x00000000b8580000, 0x00000000d5e00000)
  object space 896512K, 67% used [0x0000000081a00000,0x00000000a683f6a8,0x00000000b8580000)
 Metaspace       used 22459K, capacity 22659K, committed 23040K, reserved 1071104K
  class space    used 2109K, capacity 2178K, committed 2304K, reserved 1048576K
}
Event: 74.296 GC heap before
{Heap before GC invocations=36 (full 5):
 PSYoungGen      total 271872K, used 163013K [0x00000000d5e00000, 0x00000000f1900000, 0x0000000100000000)
  eden space 115712K, 100% used [0x00000000d5e00000,0x00000000dcf00000,0x00000000dcf00000)
  from space 156160K, 30% used [0x00000000e8080000,0x00000000eaeb1448,0x00000000f1900000)
  to   space 168960K, 0% used [0x00000000dcf00000,0x00000000dcf00000,0x00000000e7400000)
 ParOldGen       total 896512K, used 604413K [0x0000000081a00000, 0x00000000b8580000, 0x00000000d5e00000)
  object space 896512K, 67% used [0x0000000081a00000,0x00000000a683f6a8,0x00000000b8580000)
 Metaspace       used 22459K, capacity 22659K, committed 23040K, reserved 1071104K
  class space    used 2109K, capacity 2178K, committed 2304K, reserved 1048576K
Event: 74.437 GC heap after
Heap after GC invocations=36 (full 5):
 PSYoungGen      total 284672K, used 56133K [0x00000000d5e00000, 0x00000000f1300000, 0x0000000100000000)
  eden space 115712K, 0% used [0x00000000d5e00000,0x00000000d5e00000,0x00000000dcf00000)
  from space 168960K, 33% used [0x00000000dcf00000,0x00000000e05d1448,0x00000000e7400000)
  to   space 159744K, 0% used [0x00000000e7700000,0x00000000e7700000,0x00000000f1300000)
 ParOldGen       total 896512K, used 604413K [0x0000000081a00000, 0x00000000b8580000, 0x00000000d5e00000)
  object space 896512K, 67% used [0x0000000081a00000,0x00000000a683f6a8,0x00000000b8580000)
 Metaspace       used 22459K, capacity 22659K, committed 23040K, reserved 1071104K
  class space    used 2109K, capacity 2178K, committed 2304K, reserved 1048576K
}
Event: 77.518 GC heap before
{Heap before GC invocations=37 (full 5):
 PSYoungGen      total 284672K, used 171845K [0x00000000d5e00000, 0x00000000f1300000, 0x0000000100000000)
  eden space 115712K, 100% used [0x00000000d5e00000,0x00000000dcf00000,0x00000000dcf00000)
  from space 168960K, 33% used [0x00000000dcf00000,0x00000000e05d1448,0x00000000e7400000)
  to   space 159744K, 0% used [0x00000000e7700000,0x00000000e7700000,0x00000000f1300000)
 ParOldGen       total 896512K, used 604413K [0x0000000081a00000, 0x00000000b8580000, 0x00000000d5e00000)
  object space 896512K, 67% used [0x0000000081a00000,0x00000000a683f6a8,0x00000000b8580000)
 Metaspace       used 22461K, capacity 22659K, committed 23040K, reserved 1071104K
  class space    used 2109K, capacity 2178K, committed 2304K, reserved 1048576K
Event: 77.672 GC heap after
Heap after GC invocations=37 (full 5):
 PSYoungGen      total 273408K, used 63237K [0x00000000d5e00000, 0x00000000f0680000, 0x0000000100000000)
  eden space 126464K, 0% used [0x00000000d5e00000,0x00000000d5e00000,0x00000000dd980000)
  from space 146944K, 43% used [0x00000000e7700000,0x00000000eb4c1448,0x00000000f0680000)
  to   space 154112K, 0% used [0x00000000dd980000,0x00000000dd980000,0x00000000e7000000)
 ParOldGen       total 896512K, used 604413K [0x0000000081a00000, 0x00000000b8580000, 0x00000000d5e00000)
  object space 896512K, 67% used [0x0000000081a00000,0x00000000a683f6a8,0x00000000b8580000)
 Metaspace       used 22461K, capacity 22659K, committed 23040K, reserved 1071104K
  class space    used 2109K, capacity 2178K, committed 2304K, reserved 1048576K
}
Event: 78.553 GC heap before
{Heap before GC invocations=38 (full 5):
 PSYoungGen      total 273408K, used 189701K [0x00000000d5e00000, 0x00000000f0680000, 0x0000000100000000)
  eden space 126464K, 100% used [0x00000000d5e00000,0x00000000dd980000,0x00000000dd980000)
  from space 146944K, 43% used [0x00000000e7700000,0x00000000eb4c1448,0x00000000f0680000)
  to   space 154112K, 0% used [0x00000000dd980000,0x00000000dd980000,0x00000000e7000000)
 ParOldGen       total 896512K, used 604413K [0x0000000081a00000, 0x00000000b8580000, 0x00000000d5e00000)
  object space 896512K, 67% used [0x0000000081a00000,0x00000000a683f6a8,0x00000000b8580000)
 Metaspace       used 22461K, capacity 22659K, committed 23040K, reserved 1071104K
  class space    used 2109K, capacity 2178K, committed 2304K, reserved 1048576K
Event: 78.675 GC heap after
Heap after GC invocations=38 (full 5):
 PSYoungGen      total 280576K, used 63237K [0x00000000d5e00000, 0x00000000f0500000, 0x0000000100000000)
  eden space 126464K, 0% used [0x00000000d5e00000,0x00000000d5e00000,0x00000000dd980000)
  from space 154112K, 41% used [0x00000000dd980000,0x00000000e1741448,0x00000000e7000000)
  to   space 148480K, 0% used [0x00000000e7400000,0x00000000e7400000,0x00000000f0500000)
 ParOldGen       total 896512K, used 604413K [0x0000000081a00000, 0x00000000b8580000, 0x00000000d5e00000)
  object space 896512K, 67% used [0x0000000081a00000,0x00000000a683f6a8,0x00000000b8580000)
 Metaspace       used 22461K, capacity 22659K, committed 23040K, reserved 1071104K
  class space    used 2109K, capacity 2178K, committed 2304K, reserved 1048576K
}

