# JRE version: Java(TM) SE Runtime Environment (8.0_20-b26) (build 1.8.0_20-b26)
# Java VM: Java HotSpot(TM) 64-Bit Server VM (25.20-b23 mixed mode windows-amd64 compressed oops)
Heap:
 PSYoungGen      total 123392K, used 116002K [0x00000000d5e00000, 0x00000000e3b00000, 0x0000000100000000)
  eden space 55296K, 86% used [0x00000000d5e00000,0x00000000d8cc93f0,0x00000000d9400000)
  from space 68096K, 99% used [0x00000000de200000,0x00000000e247f4b0,0x00000000e2480000)
  to   space 79872K, 0% used [0x00000000d9400000,0x00000000d9400000,0x00000000de200000)
 ParOldGen       total 93696K, used 63680K [0x0000000081a00000, 0x0000000087580000, 0x00000000d5e00000)
  object space 93696K, 67% used [0x0000000081a00000,0x00000000858301e0,0x0000000087580000)
 Metaspace       used 22755K, capacity 22979K, committed 23296K, reserved 1071104K
  class space    used 2115K, capacity 2178K, committed 2304K, reserved 1048576K
GC Heap History (10 events):
Event: 40.117 GC heap before
{Heap before GC invocations=13 (full 1):
 PSYoungGen      total 99840K, used 98658K [0x00000000d5e00000, 0x00000000df580000, 0x0000000100000000)
  eden space 62464K, 100% used [0x00000000d5e00000,0x00000000d9b00000,0x00000000d9b00000)
  from space 37376K, 96% used [0x00000000d9b00000,0x00000000dbe588c0,0x00000000dbf80000)
  to   space 42496K, 0% used [0x00000000dcc00000,0x00000000dcc00000,0x00000000df580000)
 ParOldGen       total 93696K, used 45112K [0x0000000081a00000, 0x0000000087580000, 0x00000000d5e00000)
  object space 93696K, 48% used [0x0000000081a00000,0x000000008460e050,0x0000000087580000)
 Metaspace       used 22154K, capacity 22339K, committed 22704K, reserved 1069056K
  class space    used 2113K, capacity 2178K, committed 2304K, reserved 1048576K
Event: 40.159 GC heap after
Heap after GC invocations=13 (full 1):
 PSYoungGen      total 108032K, used 36162K [0x00000000d5e00000, 0x00000000dfd00000, 0x0000000100000000)
  eden space 65536K, 0% used [0x00000000d5e00000,0x00000000d5e00000,0x00000000d9e00000)
  from space 42496K, 85% used [0x00000000dcc00000,0x00000000def508c0,0x00000000df580000)
  to   space 47104K, 0% used [0x00000000d9e00000,0x00000000d9e00000,0x00000000dcc00000)
 ParOldGen       total 93696K, used 45112K [0x0000000081a00000, 0x0000000087580000, 0x00000000d5e00000)
  object space 93696K, 48% used [0x0000000081a00000,0x000000008460e050,0x0000000087580000)
 Metaspace       used 22154K, capacity 22339K, committed 22704K, reserved 1069056K
  class space    used 2113K, capacity 2178K, committed 2304K, reserved 1048576K
}
Event: 53.650 GC heap before
{Heap before GC invocations=14 (full 1):
 PSYoungGen      total 108032K, used 101698K [0x00000000d5e00000, 0x00000000dfd00000, 0x0000000100000000)
  eden space 65536K, 100% used [0x00000000d5e00000,0x00000000d9e00000,0x00000000d9e00000)
  from space 42496K, 85% used [0x00000000dcc00000,0x00000000def508c0,0x00000000df580000)
  to   space 47104K, 0% used [0x00000000d9e00000,0x00000000d9e00000,0x00000000dcc00000)
 ParOldGen       total 93696K, used 45112K [0x0000000081a00000, 0x0000000087580000, 0x00000000d5e00000)
  object space 93696K, 48% used [0x0000000081a00000,0x000000008460e050,0x0000000087580000)
 Metaspace       used 22248K, capacity 22467K, committed 22704K, reserved 1069056K
  class space    used 2113K, capacity 2178K, committed 2304K, reserved 1048576K
Event: 53.660 GC heap after
Heap after GC invocations=14 (full 1):
 PSYoungGen      total 112640K, used 36162K [0x00000000d5e00000, 0x00000000e0500000, 0x0000000100000000)
  eden space 65536K, 0% used [0x00000000d5e00000,0x00000000d5e00000,0x00000000d9e00000)
  from space 47104K, 76% used [0x00000000d9e00000,0x00000000dc1508c0,0x00000000dcc00000)
  to   space 50176K, 0% used [0x00000000dd400000,0x00000000dd400000,0x00000000e0500000)
 ParOldGen       total 93696K, used 45120K [0x0000000081a00000, 0x0000000087580000, 0x00000000d5e00000)
  object space 93696K, 48% used [0x0000000081a00000,0x0000000084610050,0x0000000087580000)
 Metaspace       used 22248K, capacity 22467K, committed 22704K, reserved 1069056K
  class space    used 2113K, capacity 2178K, committed 2304K, reserved 1048576K
}
Event: 56.526 GC heap before
{Heap before GC invocations=15 (full 1):
 PSYoungGen      total 112640K, used 101698K [0x00000000d5e00000, 0x00000000e0500000, 0x0000000100000000)
  eden space 65536K, 100% used [0x00000000d5e00000,0x00000000d9e00000,0x00000000d9e00000)
  from space 47104K, 76% used [0x00000000d9e00000,0x00000000dc1508c0,0x00000000dcc00000)
  to   space 50176K, 0% used [0x00000000dd400000,0x00000000dd400000,0x00000000e0500000)
 ParOldGen       total 93696K, used 45120K [0x0000000081a00000, 0x0000000087580000, 0x00000000d5e00000)
  object space 93696K, 48% used [0x0000000081a00000,0x0000000084610050,0x0000000087580000)
 Metaspace       used 22433K, capacity 22595K, committed 22784K, reserved 1069056K
  class space    used 2114K, capacity 2178K, committed 2304K, reserved 1048576K
Event: 56.633 GC heap after
Heap after GC invocations=15 (full 1):
 PSYoungGen      total 109056K, used 50168K [0x00000000d5e00000, 0x00000000e1e80000, 0x0000000100000000)
  eden space 58880K, 0% used [0x00000000d5e00000,0x00000000d5e00000,0x00000000d9780000)
  from space 50176K, 99% used [0x00000000dd400000,0x00000000e04fe088,0x00000000e0500000)
  to   space 61952K, 0% used [0x00000000d9780000,0x00000000d9780000,0x00000000dd400000)
 ParOldGen       total 93696K, used 55408K [0x0000000081a00000, 0x0000000087580000, 0x00000000d5e00000)
  object space 93696K, 59% used [0x0000000081a00000,0x000000008501c050,0x0000000087580000)
 Metaspace       used 22433K, capacity 22595K, committed 22784K, reserved 1069056K
  class space    used 2114K, capacity 2178K, committed 2304K, reserved 1048576K
}
Event: 58.898 GC heap before
{Heap before GC invocations=16 (full 1):
 PSYoungGen      total 109056K, used 109048K [0x00000000d5e00000, 0x00000000e1e80000, 0x0000000100000000)
  eden space 58880K, 100% used [0x00000000d5e00000,0x00000000d9780000,0x00000000d9780000)
  from space 50176K, 99% used [0x00000000dd400000,0x00000000e04fe088,0x00000000e0500000)
  to   space 61952K, 0% used [0x00000000d9780000,0x00000000d9780000,0x00000000dd400000)
 ParOldGen       total 93696K, used 55408K [0x0000000081a00000, 0x0000000087580000, 0x00000000d5e00000)
  object space 93696K, 59% used [0x0000000081a00000,0x000000008501c050,0x0000000087580000)
 Metaspace       used 22507K, capacity 22659K, committed 23040K, reserved 1071104K
  class space    used 2115K, capacity 2178K, committed 2304K, reserved 1048576K
Event: 58.972 GC heap after
Heap after GC invocations=16 (full 1):
 PSYoungGen      total 120832K, used 51915K [0x00000000d5e00000, 0x00000000e2480000, 0x0000000100000000)
  eden space 58880K, 0% used [0x00000000d5e00000,0x00000000d5e00000,0x00000000d9780000)
  from space 61952K, 83% used [0x00000000d9780000,0x00000000dca32c30,0x00000000dd400000)
  to   space 68096K, 0% used [0x00000000de200000,0x00000000de200000,0x00000000e2480000)
 ParOldGen       total 93696K, used 61864K [0x0000000081a00000, 0x0000000087580000, 0x00000000d5e00000)
  object space 93696K, 66% used [0x0000000081a00000,0x000000008566a1e0,0x0000000087580000)
 Metaspace       used 22507K, capacity 22659K, committed 23040K, reserved 1071104K
  class space    used 2115K, capacity 2178K, committed 2304K, reserved 1048576K
}
Event: 66.353 GC heap before
{Heap before GC invocations=17 (full 1):
 PSYoungGen      total 120832K, used 110795K [0x00000000d5e00000, 0x00000000e2480000, 0x0000000100000000)
  eden space 58880K, 100% used [0x00000000d5e00000,0x00000000d9780000,0x00000000d9780000)
  from space 61952K, 83% used [0x00000000d9780000,0x00000000dca32c30,0x00000000dd400000)
  to   space 68096K, 0% used [0x00000000de200000,0x00000000de200000,0x00000000e2480000)
 ParOldGen       total 93696K, used 61864K [0x0000000081a00000, 0x0000000087580000, 0x00000000d5e00000)
  object space 93696K, 66% used [0x0000000081a00000,0x000000008566a1e0,0x0000000087580000)
 Metaspace       used 22702K, capacity 22851K, committed 23040K, reserved 1071104K
  class space    used 2115K, capacity 2178K, committed 2304K, reserved 1048576K
Event: 66.499 GC heap after
Heap after GC invocations=17 (full 1):
 PSYoungGen      total 123392K, used 68093K [0x00000000d5e00000, 0x00000000e3b00000, 0x0000000100000000)
  eden space 55296K, 0% used [0x00000000d5e00000,0x00000000d5e00000,0x00000000d9400000)
  from space 68096K, 99% used [0x00000000de200000,0x00000000e247f4b0,0x00000000e2480000)
  to   space 79872K, 0% used [0x00000000d9400000,0x00000000d9400000,0x00000000de200000)
 ParOldGen       total 93696K, used 63680K [0x0000000081a00000, 0x0000000087580000, 0x00000000d5e00000)
  object space 93696K, 67% used [0x0000000081a00000,0x00000000858301e0,0x0000000087580000)
 Metaspace       used 22702K, capacity 22851K, committed 23040K, reserved 1071104K
  class space    used 2115K, capacity 2178K, committed 2304K, reserved 1048576K
}

