# JRE version: Java(TM) SE Runtime Environment (8.0_20-b26) (build 1.8.0_20-b26)
# Java VM: Java HotSpot(TM) 64-Bit Server VM (25.20-b23 mixed mode windows-amd64 compressed oops)
Heap:
 PSYoungGen      total 231424K, used 124007K [0x00000000d5e00000, 0x00000000efd00000, 0x0000000100000000)
  eden space 60416K, 7% used [0x00000000d5e00000,0x00000000d62a5560,0x00000000d9900000)
  from space 171008K, 69% used [0x00000000d9900000,0x00000000e0d74970,0x00000000e4000000)
  to   space 179712K, 0% used [0x00000000e4d80000,0x00000000e4d80000,0x00000000efd00000)
 ParOldGen       total 210944K, used 121634K [0x0000000081a00000, 0x000000008e800000, 0x00000000d5e00000)
  object space 210944K, 57% used [0x0000000081a00000,0x00000000890c8978,0x000000008e800000)
 Metaspace       used 22859K, capacity 23055K, committed 23296K, reserved 1071104K
  class space    used 2123K, capacity 2180K, committed 2304K, reserved 1048576K
GC Heap History (10 events):
Event: 65.120 GC heap before
{Heap before GC invocations=19 (full 2):
 PSYoungGen      total 164864K, used 164806K [0x00000000d5e00000, 0x00000000e8880000, 0x0000000100000000)
  eden space 74240K, 99% used [0x00000000d5e00000,0x00000000da673978,0x00000000da680000)
  from space 90624K, 99% used [0x00000000e0f80000,0x00000000e67fe1a0,0x00000000e6800000)
  to   space 107520K, 0% used [0x00000000da680000,0x00000000da680000,0x00000000e0f80000)
 ParOldGen       total 210944K, used 100802K [0x0000000081a00000, 0x000000008e800000, 0x00000000d5e00000)
  object space 210944K, 47% used [0x0000000081a00000,0x0000000087c709a8,0x000000008e800000)
 Metaspace       used 22719K, capacity 22927K, committed 23296K, reserved 1071104K
  class space    used 2122K, capacity 2180K, committed 2304K, reserved 1048576K
Event: 65.196 GC heap after
Heap after GC invocations=19 (full 2):
 PSYoungGen      total 181760K, used 107513K [0x00000000d5e00000, 0x00000000ea800000, 0x0000000100000000)
  eden space 74240K, 0% used [0x00000000d5e00000,0x00000000d5e00000,0x00000000da680000)
  from space 107520K, 99% used [0x00000000da680000,0x00000000e0f7e670,0x00000000e0f80000)
  to   space 128000K, 0% used [0x00000000e2b00000,0x00000000e2b00000,0x00000000ea800000)
 ParOldGen       total 210944K, used 108497K [0x0000000081a00000, 0x000000008e800000, 0x00000000d5e00000)
  object space 210944K, 51% used [0x0000000081a00000,0x00000000883f4648,0x000000008e800000)
 Metaspace       used 22719K, capacity 22927K, committed 23296K, reserved 1071104K
  class space    used 2122K, capacity 2180K, committed 2304K, reserved 1048576K
}
Event: 73.383 GC heap before
{Heap before GC invocations=20 (full 2):
 PSYoungGen      total 181760K, used 181753K [0x00000000d5e00000, 0x00000000ea800000, 0x0000000100000000)
  eden space 74240K, 100% used [0x00000000d5e00000,0x00000000da680000,0x00000000da680000)
  from space 107520K, 99% used [0x00000000da680000,0x00000000e0f7e670,0x00000000e0f80000)
  to   space 128000K, 0% used [0x00000000e2b00000,0x00000000e2b00000,0x00000000ea800000)
 ParOldGen       total 210944K, used 108497K [0x0000000081a00000, 0x000000008e800000, 0x00000000d5e00000)
  object space 210944K, 51% used [0x0000000081a00000,0x00000000883f4648,0x000000008e800000)
 Metaspace       used 22774K, capacity 22927K, committed 23296K, reserved 1071104K
  class space    used 2122K, capacity 2180K, committed 2304K, reserved 1048576K
Event: 73.652 GC heap after
Heap after GC invocations=20 (full 2):
 PSYoungGen      total 192512K, used 116562K [0x00000000d5e00000, 0x00000000ecb00000, 0x0000000100000000)
  eden space 64512K, 0% used [0x00000000d5e00000,0x00000000d5e00000,0x00000000d9d00000)
  from space 128000K, 91% used [0x00000000e2b00000,0x00000000e9cd4970,0x00000000ea800000)
  to   space 145408K, 0% used [0x00000000d9d00000,0x00000000d9d00000,0x00000000e2b00000)
 ParOldGen       total 210944K, used 121618K [0x0000000081a00000, 0x000000008e800000, 0x00000000d5e00000)
  object space 210944K, 57% used [0x0000000081a00000,0x00000000890c4978,0x000000008e800000)
 Metaspace       used 22774K, capacity 22927K, committed 23296K, reserved 1071104K
  class space    used 2122K, capacity 2180K, committed 2304K, reserved 1048576K
}
Event: 85.121 GC heap before
{Heap before GC invocations=21 (full 2):
 PSYoungGen      total 192512K, used 181074K [0x00000000d5e00000, 0x00000000ecb00000, 0x0000000100000000)
  eden space 64512K, 100% used [0x00000000d5e00000,0x00000000d9d00000,0x00000000d9d00000)
  from space 128000K, 91% used [0x00000000e2b00000,0x00000000e9cd4970,0x00000000ea800000)
  to   space 145408K, 0% used [0x00000000d9d00000,0x00000000d9d00000,0x00000000e2b00000)
 ParOldGen       total 210944K, used 121618K [0x0000000081a00000, 0x000000008e800000, 0x00000000d5e00000)
  object space 210944K, 57% used [0x0000000081a00000,0x00000000890c4978,0x000000008e800000)
 Metaspace       used 22851K, capacity 23055K, committed 23296K, reserved 1071104K
  class space    used 2122K, capacity 2180K, committed 2304K, reserved 1048576K
Event: 85.226 GC heap after
Heap after GC invocations=21 (full 2):
 PSYoungGen      total 209920K, used 119194K [0x00000000d5e00000, 0x00000000edc00000, 0x0000000100000000)
  eden space 64512K, 0% used [0x00000000d5e00000,0x00000000d5e00000,0x00000000d9d00000)
  from space 145408K, 81% used [0x00000000d9d00000,0x00000000e11669d0,0x00000000e2b00000)
  to   space 159744K, 0% used [0x00000000e4000000,0x00000000e4000000,0x00000000edc00000)
 ParOldGen       total 210944K, used 121626K [0x0000000081a00000, 0x000000008e800000, 0x00000000d5e00000)
  object space 210944K, 57% used [0x0000000081a00000,0x00000000890c6978,0x000000008e800000)
 Metaspace       used 22851K, capacity 23055K, committed 23296K, reserved 1071104K
  class space    used 2122K, capacity 2180K, committed 2304K, reserved 1048576K
}
Event: 98.197 GC heap before
{Heap before GC invocations=22 (full 2):
 PSYoungGen      total 209920K, used 183706K [0x00000000d5e00000, 0x00000000edc00000, 0x0000000100000000)
  eden space 64512K, 100% used [0x00000000d5e00000,0x00000000d9d00000,0x00000000d9d00000)
  from space 145408K, 81% used [0x00000000d9d00000,0x00000000e11669d0,0x00000000e2b00000)
  to   space 159744K, 0% used [0x00000000e4000000,0x00000000e4000000,0x00000000edc00000)
 ParOldGen       total 210944K, used 121626K [0x0000000081a00000, 0x000000008e800000, 0x00000000d5e00000)
  object space 210944K, 57% used [0x0000000081a00000,0x00000000890c6978,0x000000008e800000)
 Metaspace       used 22858K, capacity 23055K, committed 23296K, reserved 1071104K
  class space    used 2123K, capacity 2180K, committed 2304K, reserved 1048576K
Event: 98.305 GC heap after
Heap after GC invocations=22 (full 2):
 PSYoungGen      total 220160K, used 119282K [0x00000000d5e00000, 0x00000000ef100000, 0x0000000100000000)
  eden space 60416K, 0% used [0x00000000d5e00000,0x00000000d5e00000,0x00000000d9900000)
  from space 159744K, 74% used [0x00000000e4000000,0x00000000eb47c970,0x00000000edc00000)
  to   space 171008K, 0% used [0x00000000d9900000,0x00000000d9900000,0x00000000e4000000)
 ParOldGen       total 210944K, used 121626K [0x0000000081a00000, 0x000000008e800000, 0x00000000d5e00000)
  object space 210944K, 57% used [0x0000000081a00000,0x00000000890c6978,0x000000008e800000)
 Metaspace       used 22858K, capacity 23055K, committed 23296K, reserved 1071104K
  class space    used 2123K, capacity 2180K, committed 2304K, reserved 1048576K
}
Event: 110.342 GC heap before
{Heap before GC invocations=23 (full 2):
 PSYoungGen      total 220160K, used 179698K [0x00000000d5e00000, 0x00000000ef100000, 0x0000000100000000)
  eden space 60416K, 100% used [0x00000000d5e00000,0x00000000d9900000,0x00000000d9900000)
  from space 159744K, 74% used [0x00000000e4000000,0x00000000eb47c970,0x00000000edc00000)
  to   space 171008K, 0% used [0x00000000d9900000,0x00000000d9900000,0x00000000e4000000)
 ParOldGen       total 210944K, used 121626K [0x0000000081a00000, 0x000000008e800000, 0x00000000d5e00000)
  object space 210944K, 57% used [0x0000000081a00000,0x00000000890c6978,0x000000008e800000)
 Metaspace       used 22859K, capacity 23055K, committed 23296K, reserved 1071104K
  class space    used 2123K, capacity 2180K, committed 2304K, reserved 1048576K
Event: 110.428 GC heap after
Heap after GC invocations=23 (full 2):
 PSYoungGen      total 231424K, used 119250K [0x00000000d5e00000, 0x00000000efd00000, 0x0000000100000000)
  eden space 60416K, 0% used [0x00000000d5e00000,0x00000000d5e00000,0x00000000d9900000)
  from space 171008K, 69% used [0x00000000d9900000,0x00000000e0d74970,0x00000000e4000000)
  to   space 179712K, 0% used [0x00000000e4d80000,0x00000000e4d80000,0x00000000efd00000)
 ParOldGen       total 210944K, used 121634K [0x0000000081a00000, 0x000000008e800000, 0x00000000d5e00000)
  object space 210944K, 57% used [0x0000000081a00000,0x00000000890c8978,0x000000008e800000)
 Metaspace       used 22859K, capacity 23055K, committed 23296K, reserved 1071104K
  class space    used 2123K, capacity 2180K, committed 2304K, reserved 1048576K
}

