# JRE version: Java(TM) SE Runtime Environment (8.0_20-b26) (build 1.8.0_20-b26)
# Java VM: Java HotSpot(TM) 64-Bit Server VM (25.20-b23 mixed mode windows-amd64 compressed oops)
Heap:
 PSYoungGen      total 160768K, used 26713K [0x00000000d5e00000, 0x00000000e1c00000, 0x0000000100000000)
  eden space 136192K, 1% used [0x00000000d5e00000,0x00000000d6028210,0x00000000de300000)
  from space 24576K, 99% used [0x00000000dff00000,0x00000000e16ee550,0x00000000e1700000)
  to   space 28672K, 0% used [0x00000000de300000,0x00000000de300000,0x00000000dff00000)
 ParOldGen       total 93696K, used 68318K [0x0000000081a00000, 0x0000000087580000, 0x00000000d5e00000)
  object space 93696K, 72% used [0x0000000081a00000,0x0000000085cb7860,0x0000000087580000)
 Metaspace       used 21971K, capacity 22203K, committed 22448K, reserved 1069056K
  class space    used 2104K, capacity 2178K, committed 2304K, reserved 1048576K
GC Heap History (10 events):
Event: 9.555 GC heap before
{Heap before GC invocations=5 (full 1):
 PSYoungGen      total 71680K, used 66560K [0x00000000d5e00000, 0x00000000dea00000, 0x0000000100000000)
  eden space 66560K, 100% used [0x00000000d5e00000,0x00000000d9f00000,0x00000000d9f00000)
  from space 5120K, 0% used [0x00000000d9f00000,0x00000000d9f00000,0x00000000da400000)
  to   space 5120K, 0% used [0x00000000de500000,0x00000000de500000,0x00000000dea00000)
 ParOldGen       total 93696K, used 21693K [0x0000000081a00000, 0x0000000087580000, 0x00000000d5e00000)
  object space 93696K, 23% used [0x0000000081a00000,0x0000000082f2f400,0x0000000087580000)
 Metaspace       used 21386K, capacity 21597K, committed 21808K, reserved 1069056K
  class space    used 2097K, capacity 2173K, committed 2176K, reserved 1048576K
Event: 9.573 GC heap after
Heap after GC invocations=5 (full 1):
 PSYoungGen      total 87040K, used 5101K [0x00000000d5e00000, 0x00000000dea00000, 0x0000000100000000)
  eden space 81920K, 0% used [0x00000000d5e00000,0x00000000d5e00000,0x00000000dae00000)
  from space 5120K, 99% used [0x00000000de500000,0x00000000de9fb440,0x00000000dea00000)
  to   space 5120K, 0% used [0x00000000de000000,0x00000000de000000,0x00000000de500000)
 ParOldGen       total 93696K, used 25596K [0x0000000081a00000, 0x0000000087580000, 0x00000000d5e00000)
  object space 93696K, 27% used [0x0000000081a00000,0x00000000832ff260,0x0000000087580000)
 Metaspace       used 21386K, capacity 21597K, committed 21808K, reserved 1069056K
  class space    used 2097K, capacity 2173K, committed 2176K, reserved 1048576K
}
Event: 11.521 GC heap before
{Heap before GC invocations=6 (full 1):
 PSYoungGen      total 87040K, used 86894K [0x00000000d5e00000, 0x00000000dea00000, 0x0000000100000000)
  eden space 81920K, 99% used [0x00000000d5e00000,0x00000000dade0748,0x00000000dae00000)
  from space 5120K, 99% used [0x00000000de500000,0x00000000de9fb440,0x00000000dea00000)
  to   space 5120K, 0% used [0x00000000de000000,0x00000000de000000,0x00000000de500000)
 ParOldGen       total 93696K, used 25596K [0x0000000081a00000, 0x0000000087580000, 0x00000000d5e00000)
  object space 93696K, 27% used [0x0000000081a00000,0x00000000832ff260,0x0000000087580000)
 Metaspace       used 21572K, capacity 21749K, committed 21936K, reserved 1069056K
  class space    used 2101K, capacity 2177K, committed 2304K, reserved 1048576K
Event: 11.547 GC heap after
Heap after GC invocations=6 (full 1):
 PSYoungGen      total 103424K, used 5104K [0x00000000d5e00000, 0x00000000de580000, 0x0000000100000000)
  eden space 98304K, 0% used [0x00000000d5e00000,0x00000000d5e00000,0x00000000dbe00000)
  from space 5120K, 99% used [0x00000000de000000,0x00000000de4fc130,0x00000000de500000)
  to   space 512K, 0% used [0x00000000de500000,0x00000000de500000,0x00000000de580000)
 ParOldGen       total 93696K, used 34721K [0x0000000081a00000, 0x0000000087580000, 0x00000000d5e00000)
  object space 93696K, 37% used [0x0000000081a00000,0x0000000083be87a0,0x0000000087580000)
 Metaspace       used 21572K, capacity 21749K, committed 21936K, reserved 1069056K
  class space    used 2101K, capacity 2177K, committed 2304K, reserved 1048576K
}
Event: 14.533 GC heap before
{Heap before GC invocations=7 (full 1):
 PSYoungGen      total 103424K, used 95827K [0x00000000d5e00000, 0x00000000de580000, 0x0000000100000000)
  eden space 98304K, 92% used [0x00000000d5e00000,0x00000000db698b50,0x00000000dbe00000)
  from space 5120K, 99% used [0x00000000de000000,0x00000000de4fc130,0x00000000de500000)
  to   space 512K, 0% used [0x00000000de500000,0x00000000de500000,0x00000000de580000)
 ParOldGen       total 93696K, used 34721K [0x0000000081a00000, 0x0000000087580000, 0x00000000d5e00000)
  object space 93696K, 37% used [0x0000000081a00000,0x0000000083be87a0,0x0000000087580000)
 Metaspace       used 21700K, capacity 21883K, committed 22192K, reserved 1069056K
  class space    used 2104K, capacity 2178K, committed 2304K, reserved 1048576K
Event: 14.597 GC heap after
Heap after GC invocations=7 (full 1):
 PSYoungGen      total 117760K, used 480K [0x00000000d5e00000, 0x00000000dfa80000, 0x0000000100000000)
  eden space 117248K, 0% used [0x00000000d5e00000,0x00000000d5e00000,0x00000000dd080000)
  from space 512K, 93% used [0x00000000de500000,0x00000000de578010,0x00000000de580000)
  to   space 20992K, 0% used [0x00000000dd080000,0x00000000dd080000,0x00000000de500000)
 ParOldGen       total 93696K, used 50893K [0x0000000081a00000, 0x0000000087580000, 0x00000000d5e00000)
  object space 93696K, 54% used [0x0000000081a00000,0x0000000084bb3420,0x0000000087580000)
 Metaspace       used 21700K, capacity 21883K, committed 22192K, reserved 1069056K
  class space    used 2104K, capacity 2178K, committed 2304K, reserved 1048576K
}
Event: 17.794 GC heap before
{Heap before GC invocations=8 (full 1):
 PSYoungGen      total 117760K, used 117728K [0x00000000d5e00000, 0x00000000dfa80000, 0x0000000100000000)
  eden space 117248K, 100% used [0x00000000d5e00000,0x00000000dd080000,0x00000000dd080000)
  from space 512K, 93% used [0x00000000de500000,0x00000000de578010,0x00000000de580000)
  to   space 20992K, 0% used [0x00000000dd080000,0x00000000dd080000,0x00000000de500000)
 ParOldGen       total 93696K, used 50893K [0x0000000081a00000, 0x0000000087580000, 0x00000000d5e00000)
  object space 93696K, 54% used [0x0000000081a00000,0x0000000084bb3420,0x0000000087580000)
 Metaspace       used 21815K, capacity 22011K, committed 22192K, reserved 1069056K
  class space    used 2104K, capacity 2178K, committed 2304K, reserved 1048576K
Event: 17.853 GC heap after
Heap after GC invocations=8 (full 1):
 PSYoungGen      total 138240K, used 20940K [0x00000000d5e00000, 0x00000000e1700000, 0x0000000100000000)
  eden space 117248K, 0% used [0x00000000d5e00000,0x00000000d5e00000,0x00000000dd080000)
  from space 20992K, 99% used [0x00000000dd080000,0x00000000de4f3150,0x00000000de500000)
  to   space 24576K, 0% used [0x00000000dff00000,0x00000000dff00000,0x00000000e1700000)
 ParOldGen       total 93696K, used 56021K [0x0000000081a00000, 0x0000000087580000, 0x00000000d5e00000)
  object space 93696K, 59% used [0x0000000081a00000,0x00000000850b5560,0x0000000087580000)
 Metaspace       used 21815K, capacity 22011K, committed 22192K, reserved 1069056K
  class space    used 2104K, capacity 2178K, committed 2304K, reserved 1048576K
}
Event: 30.498 GC heap before
{Heap before GC invocations=9 (full 1):
 PSYoungGen      total 138240K, used 138188K [0x00000000d5e00000, 0x00000000e1700000, 0x0000000100000000)
  eden space 117248K, 100% used [0x00000000d5e00000,0x00000000dd080000,0x00000000dd080000)
  from space 20992K, 99% used [0x00000000dd080000,0x00000000de4f3150,0x00000000de500000)
  to   space 24576K, 0% used [0x00000000dff00000,0x00000000dff00000,0x00000000e1700000)
 ParOldGen       total 93696K, used 56021K [0x0000000081a00000, 0x0000000087580000, 0x00000000d5e00000)
  object space 93696K, 59% used [0x0000000081a00000,0x00000000850b5560,0x0000000087580000)
 Metaspace       used 21970K, capacity 22203K, committed 22448K, reserved 1069056K
  class space    used 2104K, capacity 2178K, committed 2304K, reserved 1048576K
Event: 30.596 GC heap after
Heap after GC invocations=9 (full 1):
 PSYoungGen      total 160768K, used 24505K [0x00000000d5e00000, 0x00000000e1c00000, 0x0000000100000000)
  eden space 136192K, 0% used [0x00000000d5e00000,0x00000000d5e00000,0x00000000de300000)
  from space 24576K, 99% used [0x00000000dff00000,0x00000000e16ee550,0x00000000e1700000)
  to   space 28672K, 0% used [0x00000000de300000,0x00000000de300000,0x00000000dff00000)
 ParOldGen       total 93696K, used 68318K [0x0000000081a00000, 0x0000000087580000, 0x00000000d5e00000)
  object space 93696K, 72% used [0x0000000081a00000,0x0000000085cb7860,0x0000000087580000)
 Metaspace       used 21970K, capacity 22203K, committed 22448K, reserved 1069056K
  class space    used 2104K, capacity 2178K, committed 2304K, reserved 1048576K
}

