# JRE version: Java(TM) SE Runtime Environment (8.0_20-b26) (build 1.8.0_20-b26)
# Java VM: Java HotSpot(TM) 64-Bit Server VM (25.20-b23 mixed mode windows-amd64 compressed oops)
Heap:
 PSYoungGen      total 261120K, used 154317K [0x00000000d5e00000, 0x00000000ed900000, 0x0000000100000000)
  eden space 142336K, 60% used [0x00000000d5e00000,0x00000000db1da668,0x00000000de900000)
  from space 118784K, 57% used [0x00000000e6500000,0x00000000ea7d9040,0x00000000ed900000)
  to   space 122880K, 0% used [0x00000000de900000,0x00000000de900000,0x00000000e6100000)
 ParOldGen       total 658432K, used 631067K [0x0000000081a00000, 0x00000000a9d00000, 0x00000000d5e00000)
  object space 658432K, 95% used [0x0000000081a00000,0x00000000a8246d78,0x00000000a9d00000)
 Metaspace       used 22835K, capacity 22991K, committed 23296K, reserved 1071104K
  class space    used 2121K, capacity 2180K, committed 2304K, reserved 1048576K
GC Heap History (10 events):
Event: 202.142 GC heap before
{Heap before GC invocations=64 (full 4):
 PSYoungGen      total 272384K, used 203428K [0x00000000d5e00000, 0x00000000eeb80000, 0x0000000100000000)
  eden space 135168K, 100% used [0x00000000d5e00000,0x00000000de200000,0x00000000de200000)
  from space 137216K, 49% used [0x00000000de200000,0x00000000e24a9040,0x00000000e6800000)
  to   space 134656K, 0% used [0x00000000e6800000,0x00000000e6800000,0x00000000eeb80000)
 ParOldGen       total 658432K, used 613226K [0x0000000081a00000, 0x00000000a9d00000, 0x00000000d5e00000)
  object space 658432K, 93% used [0x0000000081a00000,0x00000000a70daa08,0x00000000a9d00000)
 Metaspace       used 22825K, capacity 22991K, committed 23296K, reserved 1071104K
  class space    used 2121K, capacity 2180K, committed 2304K, reserved 1048576K
Event: 202.179 GC heap after
Heap after GC invocations=64 (full 4):
 PSYoungGen      total 267264K, used 69284K [0x00000000d5e00000, 0x00000000ee680000, 0x0000000100000000)
  eden space 137728K, 0% used [0x00000000d5e00000,0x00000000d5e00000,0x00000000de480000)
  from space 129536K, 53% used [0x00000000e6800000,0x00000000eaba9080,0x00000000ee680000)
  to   space 132096K, 0% used [0x00000000de480000,0x00000000de480000,0x00000000e6580000)
 ParOldGen       total 658432K, used 613250K [0x0000000081a00000, 0x00000000a9d00000, 0x00000000d5e00000)
  object space 658432K, 93% used [0x0000000081a00000,0x00000000a70e0a08,0x00000000a9d00000)
 Metaspace       used 22825K, capacity 22991K, committed 23296K, reserved 1071104K
  class space    used 2121K, capacity 2180K, committed 2304K, reserved 1048576K
}
Event: 203.507 GC heap before
{Heap before GC invocations=65 (full 4):
 PSYoungGen      total 267264K, used 207012K [0x00000000d5e00000, 0x00000000ee680000, 0x0000000100000000)
  eden space 137728K, 100% used [0x00000000d5e00000,0x00000000de480000,0x00000000de480000)
  from space 129536K, 53% used [0x00000000e6800000,0x00000000eaba9080,0x00000000ee680000)
  to   space 132096K, 0% used [0x00000000de480000,0x00000000de480000,0x00000000e6580000)
 ParOldGen       total 658432K, used 613250K [0x0000000081a00000, 0x00000000a9d00000, 0x00000000d5e00000)
  object space 658432K, 93% used [0x0000000081a00000,0x00000000a70e0a08,0x00000000a9d00000)
 Metaspace       used 22825K, capacity 22991K, committed 23296K, reserved 1071104K
  class space    used 2121K, capacity 2180K, committed 2304K, reserved 1048576K
Event: 203.543 GC heap after
Heap after GC invocations=65 (full 4):
 PSYoungGen      total 206336K, used 68260K [0x00000000d5e00000, 0x00000000ee300000, 0x0000000100000000)
  eden space 137728K, 0% used [0x00000000d5e00000,0x00000000d5e00000,0x00000000de480000)
  from space 68608K, 99% used [0x00000000de480000,0x00000000e2729040,0x00000000e2780000)
  to   space 129024K, 0% used [0x00000000e6500000,0x00000000e6500000,0x00000000ee300000)
 ParOldGen       total 658432K, used 613250K [0x0000000081a00000, 0x00000000a9d00000, 0x00000000d5e00000)
  object space 658432K, 93% used [0x0000000081a00000,0x00000000a70e0a08,0x00000000a9d00000)
 Metaspace       used 22825K, capacity 22991K, committed 23296K, reserved 1071104K
  class space    used 2121K, capacity 2180K, committed 2304K, reserved 1048576K
}
Event: 205.088 GC heap before
{Heap before GC invocations=66 (full 4):
 PSYoungGen      total 206336K, used 205914K [0x00000000d5e00000, 0x00000000ee300000, 0x0000000100000000)
  eden space 137728K, 99% used [0x00000000d5e00000,0x00000000de46da30,0x00000000de480000)
  from space 68608K, 99% used [0x00000000de480000,0x00000000e2729040,0x00000000e2780000)
  to   space 129024K, 0% used [0x00000000e6500000,0x00000000e6500000,0x00000000ee300000)
 ParOldGen       total 658432K, used 613506K [0x0000000081a00000, 0x00000000a9d00000, 0x00000000d5e00000)
  object space 658432K, 93% used [0x0000000081a00000,0x00000000a7120a18,0x00000000a9d00000)
 Metaspace       used 22827K, capacity 22991K, committed 23296K, reserved 1071104K
  class space    used 2121K, capacity 2180K, committed 2304K, reserved 1048576K
Event: 205.139 GC heap after
Heap after GC invocations=66 (full 4):
 PSYoungGen      total 266240K, used 62090K [0x00000000d5e00000, 0x00000000ee000000, 0x0000000100000000)
  eden space 140288K, 0% used [0x00000000d5e00000,0x00000000d5e00000,0x00000000de700000)
  from space 125952K, 49% used [0x00000000e6500000,0x00000000ea1a2ba0,0x00000000ee000000)
  to   space 127488K, 0% used [0x00000000de700000,0x00000000de700000,0x00000000e6380000)
 ParOldGen       total 658432K, used 620458K [0x0000000081a00000, 0x00000000a9d00000, 0x00000000d5e00000)
  object space 658432K, 94% used [0x0000000081a00000,0x00000000a77eabc8,0x00000000a9d00000)
 Metaspace       used 22827K, capacity 22991K, committed 23296K, reserved 1071104K
  class space    used 2121K, capacity 2180K, committed 2304K, reserved 1048576K
}
Event: 209.342 GC heap before
{Heap before GC invocations=67 (full 4):
 PSYoungGen      total 266240K, used 202378K [0x00000000d5e00000, 0x00000000ee000000, 0x0000000100000000)
  eden space 140288K, 100% used [0x00000000d5e00000,0x00000000de700000,0x00000000de700000)
  from space 125952K, 49% used [0x00000000e6500000,0x00000000ea1a2ba0,0x00000000ee000000)
  to   space 127488K, 0% used [0x00000000de700000,0x00000000de700000,0x00000000e6380000)
 ParOldGen       total 658432K, used 621006K [0x0000000081a00000, 0x00000000a9d00000, 0x00000000d5e00000)
  object space 658432K, 94% used [0x0000000081a00000,0x00000000a7873af8,0x00000000a9d00000)
 Metaspace       used 22827K, capacity 22991K, committed 23296K, reserved 1071104K
  class space    used 2121K, capacity 2180K, committed 2304K, reserved 1048576K
Event: 209.384 GC heap after
Heap after GC invocations=67 (full 4):
 PSYoungGen      total 267776K, used 54243K [0x00000000d5e00000, 0x00000000ee080000, 0x0000000100000000)
  eden space 140288K, 0% used [0x00000000d5e00000,0x00000000d5e00000,0x00000000de700000)
  from space 127488K, 42% used [0x00000000de700000,0x00000000e1bf8cd0,0x00000000e6380000)
  to   space 126464K, 0% used [0x00000000e6500000,0x00000000e6500000,0x00000000ee080000)
 ParOldGen       total 658432K, used 630523K [0x0000000081a00000, 0x00000000a9d00000, 0x00000000d5e00000)
  object space 658432K, 95% used [0x0000000081a00000,0x00000000a81bed58,0x00000000a9d00000)
 Metaspace       used 22827K, capacity 22991K, committed 23296K, reserved 1071104K
  class space    used 2121K, capacity 2180K, committed 2304K, reserved 1048576K
}
Event: 214.508 GC heap before
{Heap before GC invocations=68 (full 4):
 PSYoungGen      total 267776K, used 194506K [0x00000000d5e00000, 0x00000000ee080000, 0x0000000100000000)
  eden space 140288K, 99% used [0x00000000d5e00000,0x00000000de6f9df8,0x00000000de700000)
  from space 127488K, 42% used [0x00000000de700000,0x00000000e1bf8cd0,0x00000000e6380000)
  to   space 126464K, 0% used [0x00000000e6500000,0x00000000e6500000,0x00000000ee080000)
 ParOldGen       total 658432K, used 630523K [0x0000000081a00000, 0x00000000a9d00000, 0x00000000d5e00000)
  object space 658432K, 95% used [0x0000000081a00000,0x00000000a81bed58,0x00000000a9d00000)
 Metaspace       used 22828K, capacity 22991K, committed 23296K, reserved 1071104K
  class space    used 2121K, capacity 2180K, committed 2304K, reserved 1048576K
Event: 214.548 GC heap after
Heap after GC invocations=68 (full 4):
 PSYoungGen      total 261120K, used 68452K [0x00000000d5e00000, 0x00000000ed900000, 0x0000000100000000)
  eden space 142336K, 0% used [0x00000000d5e00000,0x00000000d5e00000,0x00000000de900000)
  from space 118784K, 57% used [0x00000000e6500000,0x00000000ea7d9040,0x00000000ed900000)
  to   space 122880K, 0% used [0x00000000de900000,0x00000000de900000,0x00000000e6100000)
 ParOldGen       total 658432K, used 631067K [0x0000000081a00000, 0x00000000a9d00000, 0x00000000d5e00000)
  object space 658432K, 95% used [0x0000000081a00000,0x00000000a8246d78,0x00000000a9d00000)
 Metaspace       used 22828K, capacity 22991K, committed 23296K, reserved 1071104K
  class space    used 2121K, capacity 2180K, committed 2304K, reserved 1048576K
}

