# JRE version: Java(TM) SE Runtime Environment (8.0_20-b26) (build 1.8.0_20-b26)
# Java VM: Java HotSpot(TM) 64-Bit Server VM (25.20-b23 mixed mode windows-amd64 compressed oops)
Heap:
 PSYoungGen      total 184832K, used 110905K [0x00000000d5e00000, 0x00000000e4180000, 0x0000000100000000)
  eden space 144384K, 53% used [0x00000000d5e00000,0x00000000da9fe420,0x00000000deb00000)
  from space 40448K, 81% used [0x00000000e1500000,0x00000000e354fff0,0x00000000e3c80000)
  to   space 43008K, 0% used [0x00000000deb00000,0x00000000deb00000,0x00000000e1500000)
 ParOldGen       total 93696K, used 56373K [0x0000000081a00000, 0x0000000087580000, 0x00000000d5e00000)
  object space 93696K, 60% used [0x0000000081a00000,0x000000008510d400,0x0000000087580000)
 Metaspace       used 22568K, capacity 22729K, committed 23040K, reserved 1071104K
  class space    used 2110K, capacity 2179K, committed 2304K, reserved 1048576K
GC Heap History (10 events):
Event: 141.190 GC heap before
{Heap before GC invocations=13 (full 1):
 PSYoungGen      total 172544K, used 162561K [0x00000000d5e00000, 0x00000000e3300000, 0x0000000100000000)
  eden space 136192K, 100% used [0x00000000d5e00000,0x00000000de300000,0x00000000de300000)
  from space 36352K, 72% used [0x00000000de300000,0x00000000dfcc0670,0x00000000e0680000)
  to   space 37888K, 0% used [0x00000000e0e00000,0x00000000e0e00000,0x00000000e3300000)
 ParOldGen       total 93696K, used 56357K [0x0000000081a00000, 0x0000000087580000, 0x00000000d5e00000)
  object space 93696K, 60% used [0x0000000081a00000,0x0000000085109400,0x0000000087580000)
 Metaspace       used 22357K, capacity 22601K, committed 22784K, reserved 1069056K
  class space    used 2108K, capacity 2179K, committed 2304K, reserved 1048576K
Event: 141.214 GC heap after
Heap after GC invocations=13 (full 1):
 PSYoungGen      total 179200K, used 26385K [0x00000000d5e00000, 0x00000000e3400000, 0x0000000100000000)
  eden space 141312K, 0% used [0x00000000d5e00000,0x00000000d5e00000,0x00000000de800000)
  from space 37888K, 69% used [0x00000000e0e00000,0x00000000e27c4660,0x00000000e3300000)
  to   space 38912K, 0% used [0x00000000de800000,0x00000000de800000,0x00000000e0e00000)
 ParOldGen       total 93696K, used 56357K [0x0000000081a00000, 0x0000000087580000, 0x00000000d5e00000)
  object space 93696K, 60% used [0x0000000081a00000,0x0000000085109400,0x0000000087580000)
 Metaspace       used 22357K, capacity 22601K, committed 22784K, reserved 1069056K
  class space    used 2108K, capacity 2179K, committed 2304K, reserved 1048576K
}
Event: 169.224 GC heap before
{Heap before GC invocations=14 (full 1):
 PSYoungGen      total 179200K, used 167697K [0x00000000d5e00000, 0x00000000e3400000, 0x0000000100000000)
  eden space 141312K, 100% used [0x00000000d5e00000,0x00000000de800000,0x00000000de800000)
  from space 37888K, 69% used [0x00000000e0e00000,0x00000000e27c4660,0x00000000e3300000)
  to   space 38912K, 0% used [0x00000000de800000,0x00000000de800000,0x00000000e0e00000)
 ParOldGen       total 93696K, used 56357K [0x0000000081a00000, 0x0000000087580000, 0x00000000d5e00000)
  object space 93696K, 60% used [0x0000000081a00000,0x0000000085109400,0x0000000087580000)
 Metaspace       used 22357K, capacity 22601K, committed 22784K, reserved 1069056K
  class space    used 2108K, capacity 2179K, committed 2304K, reserved 1048576K
Event: 169.234 GC heap after
Heap after GC invocations=14 (full 1):
 PSYoungGen      total 180224K, used 26369K [0x00000000d5e00000, 0x00000000e3a00000, 0x0000000100000000)
  eden space 141312K, 0% used [0x00000000d5e00000,0x00000000d5e00000,0x00000000de800000)
  from space 38912K, 67% used [0x00000000de800000,0x00000000e01c0670,0x00000000e0e00000)
  to   space 39936K, 0% used [0x00000000e1300000,0x00000000e1300000,0x00000000e3a00000)
 ParOldGen       total 93696K, used 56365K [0x0000000081a00000, 0x0000000087580000, 0x00000000d5e00000)
  object space 93696K, 60% used [0x0000000081a00000,0x000000008510b400,0x0000000087580000)
 Metaspace       used 22357K, capacity 22601K, committed 22784K, reserved 1069056K
  class space    used 2108K, capacity 2179K, committed 2304K, reserved 1048576K
}
Event: 197.708 GC heap before
{Heap before GC invocations=15 (full 1):
 PSYoungGen      total 180224K, used 167681K [0x00000000d5e00000, 0x00000000e3a00000, 0x0000000100000000)
  eden space 141312K, 100% used [0x00000000d5e00000,0x00000000de800000,0x00000000de800000)
  from space 38912K, 67% used [0x00000000de800000,0x00000000e01c0670,0x00000000e0e00000)
  to   space 39936K, 0% used [0x00000000e1300000,0x00000000e1300000,0x00000000e3a00000)
 ParOldGen       total 93696K, used 56365K [0x0000000081a00000, 0x0000000087580000, 0x00000000d5e00000)
  object space 93696K, 60% used [0x0000000081a00000,0x000000008510b400,0x0000000087580000)
 Metaspace       used 22361K, capacity 22601K, committed 22784K, reserved 1069056K
  class space    used 2108K, capacity 2179K, committed 2304K, reserved 1048576K
Event: 197.728 GC heap after
Heap after GC invocations=15 (full 1):
 PSYoungGen      total 183296K, used 26385K [0x00000000d5e00000, 0x00000000e3900000, 0x0000000100000000)
  eden space 144384K, 0% used [0x00000000d5e00000,0x00000000d5e00000,0x00000000deb00000)
  from space 38912K, 67% used [0x00000000e1300000,0x00000000e2cc4660,0x00000000e3900000)
  to   space 39936K, 0% used [0x00000000deb00000,0x00000000deb00000,0x00000000e1200000)
 ParOldGen       total 93696K, used 56365K [0x0000000081a00000, 0x0000000087580000, 0x00000000d5e00000)
  object space 93696K, 60% used [0x0000000081a00000,0x000000008510b400,0x0000000087580000)
 Metaspace       used 22361K, capacity 22601K, committed 22784K, reserved 1069056K
  class space    used 2108K, capacity 2179K, committed 2304K, reserved 1048576K
}
Event: 226.796 GC heap before
{Heap before GC invocations=16 (full 1):
 PSYoungGen      total 183296K, used 170769K [0x00000000d5e00000, 0x00000000e3900000, 0x0000000100000000)
  eden space 144384K, 100% used [0x00000000d5e00000,0x00000000deb00000,0x00000000deb00000)
  from space 38912K, 67% used [0x00000000e1300000,0x00000000e2cc4660,0x00000000e3900000)
  to   space 39936K, 0% used [0x00000000deb00000,0x00000000deb00000,0x00000000e1200000)
 ParOldGen       total 93696K, used 56365K [0x0000000081a00000, 0x0000000087580000, 0x00000000d5e00000)
  object space 93696K, 60% used [0x0000000081a00000,0x000000008510b400,0x0000000087580000)
 Metaspace       used 22365K, capacity 22601K, committed 22784K, reserved 1069056K
  class space    used 2108K, capacity 2179K, committed 2304K, reserved 1048576K
Event: 226.809 GC heap after
Heap after GC invocations=16 (full 1):
 PSYoungGen      total 184320K, used 26385K [0x00000000d5e00000, 0x00000000e3c80000, 0x0000000100000000)
  eden space 144384K, 0% used [0x00000000d5e00000,0x00000000d5e00000,0x00000000deb00000)
  from space 39936K, 66% used [0x00000000deb00000,0x00000000e04c4660,0x00000000e1200000)
  to   space 40448K, 0% used [0x00000000e1500000,0x00000000e1500000,0x00000000e3c80000)
 ParOldGen       total 93696K, used 56365K [0x0000000081a00000, 0x0000000087580000, 0x00000000d5e00000)
  object space 93696K, 60% used [0x0000000081a00000,0x000000008510b400,0x0000000087580000)
 Metaspace       used 22365K, capacity 22601K, committed 22784K, reserved 1069056K
  class space    used 2108K, capacity 2179K, committed 2304K, reserved 1048576K
}
Event: 253.317 GC heap before
{Heap before GC invocations=17 (full 1):
 PSYoungGen      total 184320K, used 170769K [0x00000000d5e00000, 0x00000000e3c80000, 0x0000000100000000)
  eden space 144384K, 100% used [0x00000000d5e00000,0x00000000deb00000,0x00000000deb00000)
  from space 39936K, 66% used [0x00000000deb00000,0x00000000e04c4660,0x00000000e1200000)
  to   space 40448K, 0% used [0x00000000e1500000,0x00000000e1500000,0x00000000e3c80000)
 ParOldGen       total 93696K, used 56365K [0x0000000081a00000, 0x0000000087580000, 0x00000000d5e00000)
  object space 93696K, 60% used [0x0000000081a00000,0x000000008510b400,0x0000000087580000)
 Metaspace       used 22510K, capacity 22665K, committed 23040K, reserved 1071104K
  class space    used 2109K, capacity 2179K, committed 2304K, reserved 1048576K
Event: 253.358 GC heap after
Heap after GC invocations=17 (full 1):
 PSYoungGen      total 184832K, used 33087K [0x00000000d5e00000, 0x00000000e4180000, 0x0000000100000000)
  eden space 144384K, 0% used [0x00000000d5e00000,0x00000000d5e00000,0x00000000deb00000)
  from space 40448K, 81% used [0x00000000e1500000,0x00000000e354fff0,0x00000000e3c80000)
  to   space 43008K, 0% used [0x00000000deb00000,0x00000000deb00000,0x00000000e1500000)
 ParOldGen       total 93696K, used 56373K [0x0000000081a00000, 0x0000000087580000, 0x00000000d5e00000)
  object space 93696K, 60% used [0x0000000081a00000,0x000000008510d400,0x0000000087580000)
 Metaspace       used 22510K, capacity 22665K, committed 23040K, reserved 1071104K
  class space    used 2109K, capacity 2179K, committed 2304K, reserved 1048576K
}

