# JRE version: Java(TM) SE Runtime Environment (8.0_20-b26) (build 1.8.0_20-b26)
# Java VM: Java HotSpot(TM) 64-Bit Server VM (25.20-b23 mixed mode windows-amd64 compressed oops)
Heap:
 PSYoungGen      total 268800K, used 191734K [0x00000000d5e00000, 0x00000000efb80000, 0x0000000100000000)
  eden space 152064K, 59% used [0x00000000d5e00000,0x00000000db66ebf0,0x00000000df280000)
  from space 116736K, 86% used [0x00000000e7000000,0x00000000ed2cefd0,0x00000000ee200000)
  to   space 128512K, 0% used [0x00000000df280000,0x00000000df280000,0x00000000e7000000)
 ParOldGen       total 216064K, used 111879K [0x0000000081a00000, 0x000000008ed00000, 0x00000000d5e00000)
  object space 216064K, 51% used [0x0000000081a00000,0x0000000088741d08,0x000000008ed00000)
 Metaspace       used 22909K, capacity 23043K, committed 23296K, reserved 1071104K
  class space    used 2124K, capacity 2178K, committed 2304K, reserved 1048576K
GC Heap History (10 events):
Event: 220.967 GC heap before
{Heap before GC invocations=20 (full 2):
 PSYoungGen      total 215552K, used 213505K [0x00000000d5e00000, 0x00000000e8400000, 0x0000000100000000)
  eden space 155648K, 100% used [0x00000000d5e00000,0x00000000df600000,0x00000000df600000)
  from space 59904K, 96% used [0x00000000df600000,0x00000000e2e805e8,0x00000000e3080000)
  to   space 67584K, 0% used [0x00000000e4200000,0x00000000e4200000,0x00000000e8400000)
 ParOldGen       total 216064K, used 93646K [0x0000000081a00000, 0x000000008ed00000, 0x00000000d5e00000)
  object space 216064K, 43% used [0x0000000081a00000,0x0000000087573880,0x000000008ed00000)
 Metaspace       used 22906K, capacity 23043K, committed 23296K, reserved 1071104K
  class space    used 2124K, capacity 2178K, committed 2304K, reserved 1048576K
Event: 221.189 GC heap after
Heap after GC invocations=20 (full 2):
 PSYoungGen      total 219648K, used 67553K [0x00000000d5e00000, 0x00000000ea080000, 0x0000000100000000)
  eden space 152064K, 0% used [0x00000000d5e00000,0x00000000d5e00000,0x00000000df280000)
  from space 67584K, 99% used [0x00000000e4200000,0x00000000e83f87a8,0x00000000e8400000)
  to   space 81408K, 0% used [0x00000000df280000,0x00000000df280000,0x00000000e4200000)
 ParOldGen       total 216064K, used 105574K [0x0000000081a00000, 0x000000008ed00000, 0x00000000d5e00000)
  object space 216064K, 48% used [0x0000000081a00000,0x0000000088119b60,0x000000008ed00000)
 Metaspace       used 22906K, capacity 23043K, committed 23296K, reserved 1071104K
  class space    used 2124K, capacity 2178K, committed 2304K, reserved 1048576K
}
Event: 233.347 GC heap before
{Heap before GC invocations=21 (full 2):
 PSYoungGen      total 219648K, used 219617K [0x00000000d5e00000, 0x00000000ea080000, 0x0000000100000000)
  eden space 152064K, 100% used [0x00000000d5e00000,0x00000000df280000,0x00000000df280000)
  from space 67584K, 99% used [0x00000000e4200000,0x00000000e83f87a8,0x00000000e8400000)
  to   space 81408K, 0% used [0x00000000df280000,0x00000000df280000,0x00000000e4200000)
 ParOldGen       total 216064K, used 105574K [0x0000000081a00000, 0x000000008ed00000, 0x00000000d5e00000)
  object space 216064K, 48% used [0x0000000081a00000,0x0000000088119b60,0x000000008ed00000)
 Metaspace       used 22907K, capacity 23043K, committed 23296K, reserved 1071104K
  class space    used 2124K, capacity 2178K, committed 2304K, reserved 1048576K
Event: 233.418 GC heap after
Heap after GC invocations=21 (full 2):
 PSYoungGen      total 233472K, used 74458K [0x00000000d5e00000, 0x00000000eae80000, 0x0000000100000000)
  eden space 152064K, 0% used [0x00000000d5e00000,0x00000000d5e00000,0x00000000df280000)
  from space 81408K, 91% used [0x00000000df280000,0x00000000e3b36950,0x00000000e4200000)
  to   space 91136K, 0% used [0x00000000e5580000,0x00000000e5580000,0x00000000eae80000)
 ParOldGen       total 216064K, used 111879K [0x0000000081a00000, 0x000000008ed00000, 0x00000000d5e00000)
  object space 216064K, 51% used [0x0000000081a00000,0x0000000088741d08,0x000000008ed00000)
 Metaspace       used 22907K, capacity 23043K, committed 23296K, reserved 1071104K
  class space    used 2124K, capacity 2178K, committed 2304K, reserved 1048576K
}
Event: 239.693 GC heap before
{Heap before GC invocations=22 (full 2):
 PSYoungGen      total 233472K, used 226393K [0x00000000d5e00000, 0x00000000eae80000, 0x0000000100000000)
  eden space 152064K, 99% used [0x00000000d5e00000,0x00000000df25fae8,0x00000000df280000)
  from space 81408K, 91% used [0x00000000df280000,0x00000000e3b36950,0x00000000e4200000)
  to   space 91136K, 0% used [0x00000000e5580000,0x00000000e5580000,0x00000000eae80000)
 ParOldGen       total 216064K, used 111879K [0x0000000081a00000, 0x000000008ed00000, 0x00000000d5e00000)
  object space 216064K, 51% used [0x0000000081a00000,0x0000000088741d08,0x000000008ed00000)
 Metaspace       used 22907K, capacity 23043K, committed 23296K, reserved 1071104K
  class space    used 2124K, capacity 2178K, committed 2304K, reserved 1048576K
Event: 239.826 GC heap after
Heap after GC invocations=22 (full 2):
 PSYoungGen      total 241152K, used 87339K [0x00000000d5e00000, 0x00000000ec980000, 0x0000000100000000)
  eden space 150016K, 0% used [0x00000000d5e00000,0x00000000d5e00000,0x00000000df080000)
  from space 91136K, 95% used [0x00000000e5580000,0x00000000eaacac80,0x00000000eae80000)
  to   space 103424K, 0% used [0x00000000df080000,0x00000000df080000,0x00000000e5580000)
 ParOldGen       total 216064K, used 111879K [0x0000000081a00000, 0x000000008ed00000, 0x00000000d5e00000)
  object space 216064K, 51% used [0x0000000081a00000,0x0000000088741d08,0x000000008ed00000)
 Metaspace       used 22907K, capacity 23043K, committed 23296K, reserved 1071104K
  class space    used 2124K, capacity 2178K, committed 2304K, reserved 1048576K
}
Event: 244.072 GC heap before
{Heap before GC invocations=23 (full 2):
 PSYoungGen      total 241152K, used 237353K [0x00000000d5e00000, 0x00000000ec980000, 0x0000000100000000)
  eden space 150016K, 99% used [0x00000000d5e00000,0x00000000df07f840,0x00000000df080000)
  from space 91136K, 95% used [0x00000000e5580000,0x00000000eaacac80,0x00000000eae80000)
  to   space 103424K, 0% used [0x00000000df080000,0x00000000df080000,0x00000000e5580000)
 ParOldGen       total 216064K, used 111879K [0x0000000081a00000, 0x000000008ed00000, 0x00000000d5e00000)
  object space 216064K, 51% used [0x0000000081a00000,0x0000000088741d08,0x000000008ed00000)
 Metaspace       used 22907K, capacity 23043K, committed 23296K, reserved 1071104K
  class space    used 2124K, capacity 2178K, committed 2304K, reserved 1048576K
Event: 244.136 GC heap after
Heap after GC invocations=23 (full 2):
 PSYoungGen      total 253440K, used 97116K [0x00000000d5e00000, 0x00000000ee200000, 0x0000000100000000)
  eden space 150016K, 0% used [0x00000000d5e00000,0x00000000d5e00000,0x00000000df080000)
  from space 103424K, 93% used [0x00000000df080000,0x00000000e4f57310,0x00000000e5580000)
  to   space 116736K, 0% used [0x00000000e7000000,0x00000000e7000000,0x00000000ee200000)
 ParOldGen       total 216064K, used 111879K [0x0000000081a00000, 0x000000008ed00000, 0x00000000d5e00000)
  object space 216064K, 51% used [0x0000000081a00000,0x0000000088741d08,0x000000008ed00000)
 Metaspace       used 22907K, capacity 23043K, committed 23296K, reserved 1071104K
  class space    used 2124K, capacity 2178K, committed 2304K, reserved 1048576K
}
Event: 249.552 GC heap before
{Heap before GC invocations=24 (full 2):
 PSYoungGen      total 253440K, used 247132K [0x00000000d5e00000, 0x00000000ee200000, 0x0000000100000000)
  eden space 150016K, 100% used [0x00000000d5e00000,0x00000000df080000,0x00000000df080000)
  from space 103424K, 93% used [0x00000000df080000,0x00000000e4f57310,0x00000000e5580000)
  to   space 116736K, 0% used [0x00000000e7000000,0x00000000e7000000,0x00000000ee200000)
 ParOldGen       total 216064K, used 111879K [0x0000000081a00000, 0x000000008ed00000, 0x00000000d5e00000)
  object space 216064K, 51% used [0x0000000081a00000,0x0000000088741d08,0x000000008ed00000)
 Metaspace       used 22907K, capacity 23043K, committed 23296K, reserved 1071104K
  class space    used 2124K, capacity 2178K, committed 2304K, reserved 1048576K
Event: 249.689 GC heap after
Heap after GC invocations=24 (full 2):
 PSYoungGen      total 268800K, used 101179K [0x00000000d5e00000, 0x00000000efb80000, 0x0000000100000000)
  eden space 152064K, 0% used [0x00000000d5e00000,0x00000000d5e00000,0x00000000df280000)
  from space 116736K, 86% used [0x00000000e7000000,0x00000000ed2cefd0,0x00000000ee200000)
  to   space 128512K, 0% used [0x00000000df280000,0x00000000df280000,0x00000000e7000000)
 ParOldGen       total 216064K, used 111879K [0x0000000081a00000, 0x000000008ed00000, 0x00000000d5e00000)
  object space 216064K, 51% used [0x0000000081a00000,0x0000000088741d08,0x000000008ed00000)
 Metaspace       used 22907K, capacity 23043K, committed 23296K, reserved 1071104K
  class space    used 2124K, capacity 2178K, committed 2304K, reserved 1048576K
}

