# JRE version: Java(TM) SE Runtime Environment (8.0_20-b26) (build 1.8.0_20-b26)
# Java VM: Java HotSpot(TM) 64-Bit Server VM (25.20-b23 mixed mode windows-amd64 compressed oops)
Heap:
 PSYoungGen      total 163328K, used 60781K [0x00000000d5e00000, 0x00000000e4880000, 0x0000000100000000)
  eden space 102912K, 31% used [0x00000000d5e00000,0x00000000d7dd5d08,0x00000000dc280000)
  from space 60416K, 46% used [0x00000000e0300000,0x00000000e1e85ad8,0x00000000e3e00000)
  to   space 66048K, 0% used [0x00000000dc280000,0x00000000dc280000,0x00000000e0300000)
 ParOldGen       total 188928K, used 90099K [0x0000000081a00000, 0x000000008d280000, 0x00000000d5e00000)
  object space 188928K, 47% used [0x0000000081a00000,0x00000000871fccc0,0x000000008d280000)
 Metaspace       used 22240K, capacity 22459K, committed 22704K, reserved 1069056K
  class space    used 2120K, capacity 2178K, committed 2304K, reserved 1048576K
GC Heap History (10 events):
Event: 15.495 GC heap before
{Heap before GC invocations=10 (full 1):
 PSYoungGen      total 93696K, used 93694K [0x00000000d5e00000, 0x00000000de980000, 0x0000000100000000)
  eden space 70144K, 100% used [0x00000000d5e00000,0x00000000da280000,0x00000000da280000)
  from space 23552K, 99% used [0x00000000dc080000,0x00000000dd77f8f0,0x00000000dd780000)
  to   space 30720K, 0% used [0x00000000da280000,0x00000000da280000,0x00000000dc080000)
 ParOldGen       total 90112K, used 38526K [0x0000000081a00000, 0x0000000087200000, 0x00000000d5e00000)
  object space 90112K, 42% used [0x0000000081a00000,0x0000000083f9faf0,0x0000000087200000)
 Metaspace       used 21952K, capacity 22203K, committed 22448K, reserved 1069056K
  class space    used 2107K, capacity 2178K, committed 2304K, reserved 1048576K
Event: 15.640 GC heap after
Heap after GC invocations=10 (full 1):
 PSYoungGen      total 100864K, used 30699K [0x00000000d5e00000, 0x00000000e0a80000, 0x0000000100000000)
  eden space 70144K, 0% used [0x00000000d5e00000,0x00000000d5e00000,0x00000000da280000)
  from space 30720K, 99% used [0x00000000da280000,0x00000000dc07ade0,0x00000000dc080000)
  to   space 44032K, 0% used [0x00000000ddf80000,0x00000000ddf80000,0x00000000e0a80000)
 ParOldGen       total 90112K, used 58966K [0x0000000081a00000, 0x0000000087200000, 0x00000000d5e00000)
  object space 90112K, 65% used [0x0000000081a00000,0x0000000085395b50,0x0000000087200000)
 Metaspace       used 21952K, capacity 22203K, committed 22448K, reserved 1069056K
  class space    used 2107K, capacity 2178K, committed 2304K, reserved 1048576K
}
Event: 16.335 GC heap before
{Heap before GC invocations=11 (full 1):
 PSYoungGen      total 100864K, used 100807K [0x00000000d5e00000, 0x00000000e0a80000, 0x0000000100000000)
  eden space 70144K, 99% used [0x00000000d5e00000,0x00000000da276f28,0x00000000da280000)
  from space 30720K, 99% used [0x00000000da280000,0x00000000dc07ade0,0x00000000dc080000)
  to   space 44032K, 0% used [0x00000000ddf80000,0x00000000ddf80000,0x00000000e0a80000)
 ParOldGen       total 90112K, used 58966K [0x0000000081a00000, 0x0000000087200000, 0x00000000d5e00000)
  object space 90112K, 65% used [0x0000000081a00000,0x0000000085395b50,0x0000000087200000)
 Metaspace       used 21980K, capacity 22203K, committed 22448K, reserved 1069056K
  class space    used 2108K, capacity 2178K, committed 2304K, reserved 1048576K
Event: 16.456 GC heap after
Heap after GC invocations=11 (full 1):
 PSYoungGen      total 126976K, used 38986K [0x00000000d5e00000, 0x00000000e1a80000, 0x0000000100000000)
  eden space 82944K, 0% used [0x00000000d5e00000,0x00000000d5e00000,0x00000000daf00000)
  from space 44032K, 88% used [0x00000000ddf80000,0x00000000e05928c0,0x00000000e0a80000)
  to   space 49664K, 0% used [0x00000000daf00000,0x00000000daf00000,0x00000000ddf80000)
 ParOldGen       total 90112K, used 58974K [0x0000000081a00000, 0x0000000087200000, 0x00000000d5e00000)
  object space 90112K, 65% used [0x0000000081a00000,0x0000000085397b50,0x0000000087200000)
 Metaspace       used 21980K, capacity 22203K, committed 22448K, reserved 1069056K
  class space    used 2108K, capacity 2178K, committed 2304K, reserved 1048576K
}
Event: 18.982 GC heap before
{Heap before GC invocations=12 (full 1):
 PSYoungGen      total 126976K, used 121930K [0x00000000d5e00000, 0x00000000e1a80000, 0x0000000100000000)
  eden space 82944K, 100% used [0x00000000d5e00000,0x00000000daf00000,0x00000000daf00000)
  from space 44032K, 88% used [0x00000000ddf80000,0x00000000e05928c0,0x00000000e0a80000)
  to   space 49664K, 0% used [0x00000000daf00000,0x00000000daf00000,0x00000000ddf80000)
 ParOldGen       total 90112K, used 58974K [0x0000000081a00000, 0x0000000087200000, 0x00000000d5e00000)
  object space 90112K, 65% used [0x0000000081a00000,0x0000000085397b50,0x0000000087200000)
 Metaspace       used 22110K, capacity 22331K, committed 22704K, reserved 1069056K
  class space    used 2108K, capacity 2178K, committed 2304K, reserved 1048576K
Event: 19.044 GC heap after
Heap after GC invocations=12 (full 1):
 PSYoungGen      total 132608K, used 49658K [0x00000000d5e00000, 0x00000000e3e00000, 0x0000000100000000)
  eden space 82944K, 0% used [0x00000000d5e00000,0x00000000d5e00000,0x00000000daf00000)
  from space 49664K, 99% used [0x00000000daf00000,0x00000000ddf7e9d0,0x00000000ddf80000)
  to   space 60416K, 0% used [0x00000000e0300000,0x00000000e0300000,0x00000000e3e00000)
 ParOldGen       total 90112K, used 66703K [0x0000000081a00000, 0x0000000087200000, 0x00000000d5e00000)
  object space 90112K, 74% used [0x0000000081a00000,0x0000000085b23cf0,0x0000000087200000)
 Metaspace       used 22110K, capacity 22331K, committed 22704K, reserved 1069056K
  class space    used 2108K, capacity 2178K, committed 2304K, reserved 1048576K
}
Event: 21.803 GC heap before
{Heap before GC invocations=13 (full 1):
 PSYoungGen      total 132608K, used 132602K [0x00000000d5e00000, 0x00000000e3e00000, 0x0000000100000000)
  eden space 82944K, 100% used [0x00000000d5e00000,0x00000000daf00000,0x00000000daf00000)
  from space 49664K, 99% used [0x00000000daf00000,0x00000000ddf7e9d0,0x00000000ddf80000)
  to   space 60416K, 0% used [0x00000000e0300000,0x00000000e0300000,0x00000000e3e00000)
 ParOldGen       total 90112K, used 66703K [0x0000000081a00000, 0x0000000087200000, 0x00000000d5e00000)
  object space 90112K, 74% used [0x0000000081a00000,0x0000000085b23cf0,0x0000000087200000)
 Metaspace       used 22203K, capacity 22331K, committed 22704K, reserved 1069056K
  class space    used 2120K, capacity 2178K, committed 2304K, reserved 1048576K
Event: 21.950 GC heap after
Heap after GC invocations=13 (full 1):
 PSYoungGen      total 163328K, used 48309K [0x00000000d5e00000, 0x00000000e4880000, 0x0000000100000000)
  eden space 102912K, 0% used [0x00000000d5e00000,0x00000000d5e00000,0x00000000dc280000)
  from space 60416K, 79% used [0x00000000e0300000,0x00000000e322d6d0,0x00000000e3e00000)
  to   space 66048K, 0% used [0x00000000dc280000,0x00000000dc280000,0x00000000e0300000)
 ParOldGen       total 90112K, used 74175K [0x0000000081a00000, 0x0000000087200000, 0x00000000d5e00000)
  object space 90112K, 82% used [0x0000000081a00000,0x000000008626fec0,0x0000000087200000)
 Metaspace       used 22203K, capacity 22331K, committed 22704K, reserved 1069056K
  class space    used 2120K, capacity 2178K, committed 2304K, reserved 1048576K
}
Event: 21.950 GC heap before
{Heap before GC invocations=14 (full 2):
 PSYoungGen      total 163328K, used 48309K [0x00000000d5e00000, 0x00000000e4880000, 0x0000000100000000)
  eden space 102912K, 0% used [0x00000000d5e00000,0x00000000d5e00000,0x00000000dc280000)
  from space 60416K, 79% used [0x00000000e0300000,0x00000000e322d6d0,0x00000000e3e00000)
  to   space 66048K, 0% used [0x00000000dc280000,0x00000000dc280000,0x00000000e0300000)
 ParOldGen       total 90112K, used 74175K [0x0000000081a00000, 0x0000000087200000, 0x00000000d5e00000)
  object space 90112K, 82% used [0x0000000081a00000,0x000000008626fec0,0x0000000087200000)
 Metaspace       used 22203K, capacity 22331K, committed 22704K, reserved 1069056K
  class space    used 2120K, capacity 2178K, committed 2304K, reserved 1048576K
Event: 22.878 GC heap after
Heap after GC invocations=14 (full 2):
 PSYoungGen      total 163328K, used 28182K [0x00000000d5e00000, 0x00000000e4880000, 0x0000000100000000)
  eden space 102912K, 0% used [0x00000000d5e00000,0x00000000d5e00000,0x00000000dc280000)
  from space 60416K, 46% used [0x00000000e0300000,0x00000000e1e85ad8,0x00000000e3e00000)
  to   space 66048K, 0% used [0x00000000dc280000,0x00000000dc280000,0x00000000e0300000)
 ParOldGen       total 188928K, used 90099K [0x0000000081a00000, 0x000000008d280000, 0x00000000d5e00000)
  object space 188928K, 47% used [0x0000000081a00000,0x00000000871fccc0,0x000000008d280000)
 Metaspace       used 22203K, capacity 22331K, committed 22704K, reserved 1069056K
  class space    used 2120K, capacity 2178K, committed 2304K, reserved 1048576K
}

