# JRE version: Java(TM) SE Runtime Environment (8.0_20-b26) (build 1.8.0_20-b26)
# Java VM: Java HotSpot(TM) 64-Bit Server VM (25.20-b23 mixed mode windows-amd64 compressed oops)
Heap:
 PSYoungGen      total 197632K, used 118420K [0x00000000d5e00000, 0x00000000ec700000, 0x0000000100000000)
  eden space 82432K, 3% used [0x00000000d5e00000,0x00000000d6125198,0x00000000dae80000)
  from space 115200K, 99% used [0x00000000dae80000,0x00000000e1effee0,0x00000000e1f00000)
  to   space 137728K, 0% used [0x00000000e4080000,0x00000000e4080000,0x00000000ec700000)
 ParOldGen       total 209408K, used 114944K [0x0000000081a00000, 0x000000008e680000, 0x00000000d5e00000)
  object space 209408K, 54% used [0x0000000081a00000,0x0000000088a403e0,0x000000008e680000)
 Metaspace       used 22803K, capacity 22985K, committed 23296K, reserved 1071104K
  class space    used 2127K, capacity 2179K, committed 2304K, reserved 1048576K
GC Heap History (10 events):
Event: 41.697 GC heap before
{Heap before GC invocations=15 (full 1):
 PSYoungGen      total 136192K, used 136188K [0x00000000d5e00000, 0x00000000e4a00000, 0x0000000100000000)
  eden space 76288K, 100% used [0x00000000d5e00000,0x00000000da880000,0x00000000da880000)
  from space 59904K, 99% used [0x00000000da880000,0x00000000de2ff1c0,0x00000000de300000)
  to   space 73216K, 0% used [0x00000000e0280000,0x00000000e0280000,0x00000000e4a00000)
 ParOldGen       total 99840K, used 74784K [0x0000000081a00000, 0x0000000087b80000, 0x00000000d5e00000)
  object space 99840K, 74% used [0x0000000081a00000,0x00000000863080b0,0x0000000087b80000)
 Metaspace       used 22577K, capacity 22723K, committed 23040K, reserved 1071104K
  class space    used 2125K, capacity 2178K, committed 2304K, reserved 1048576K
Event: 41.927 GC heap after
Heap after GC invocations=15 (full 1):
 PSYoungGen      total 152576K, used 73185K [0x00000000d5e00000, 0x00000000e6800000, 0x0000000100000000)
  eden space 79360K, 0% used [0x00000000d5e00000,0x00000000d5e00000,0x00000000dab80000)
  from space 73216K, 99% used [0x00000000e0280000,0x00000000e49f8460,0x00000000e4a00000)
  to   space 89088K, 0% used [0x00000000dab80000,0x00000000dab80000,0x00000000e0280000)
 ParOldGen       total 99840K, used 85151K [0x0000000081a00000, 0x0000000087b80000, 0x00000000d5e00000)
  object space 99840K, 85% used [0x0000000081a00000,0x0000000086d27ed0,0x0000000087b80000)
 Metaspace       used 22577K, capacity 22723K, committed 23040K, reserved 1071104K
  class space    used 2125K, capacity 2178K, committed 2304K, reserved 1048576K
}
Event: 41.928 GC heap before
{Heap before GC invocations=16 (full 2):
 PSYoungGen      total 152576K, used 73185K [0x00000000d5e00000, 0x00000000e6800000, 0x0000000100000000)
  eden space 79360K, 0% used [0x00000000d5e00000,0x00000000d5e00000,0x00000000dab80000)
  from space 73216K, 99% used [0x00000000e0280000,0x00000000e49f8460,0x00000000e4a00000)
  to   space 89088K, 0% used [0x00000000dab80000,0x00000000dab80000,0x00000000e0280000)
 ParOldGen       total 99840K, used 85151K [0x0000000081a00000, 0x0000000087b80000, 0x00000000d5e00000)
  object space 99840K, 85% used [0x0000000081a00000,0x0000000086d27ed0,0x0000000087b80000)
 Metaspace       used 22577K, capacity 22723K, committed 23040K, reserved 1071104K
  class space    used 2125K, capacity 2178K, committed 2304K, reserved 1048576K
Event: 42.967 GC heap after
Heap after GC invocations=16 (full 2):
 PSYoungGen      total 152576K, used 56326K [0x00000000d5e00000, 0x00000000e6800000, 0x0000000100000000)
  eden space 79360K, 0% used [0x00000000d5e00000,0x00000000d5e00000,0x00000000dab80000)
  from space 73216K, 76% used [0x00000000e0280000,0x00000000e3981a38,0x00000000e4a00000)
  to   space 89088K, 0% used [0x00000000dab80000,0x00000000dab80000,0x00000000e0280000)
 ParOldGen       total 209408K, used 99591K [0x0000000081a00000, 0x000000008e680000, 0x00000000d5e00000)
  object space 209408K, 47% used [0x0000000081a00000,0x0000000087b41c30,0x000000008e680000)
 Metaspace       used 22577K, capacity 22723K, committed 23040K, reserved 1071104K
  class space    used 2125K, capacity 2178K, committed 2304K, reserved 1048576K
}
Event: 51.807 GC heap before
{Heap before GC invocations=17 (full 2):
 PSYoungGen      total 152576K, used 135686K [0x00000000d5e00000, 0x00000000e6800000, 0x0000000100000000)
  eden space 79360K, 100% used [0x00000000d5e00000,0x00000000dab80000,0x00000000dab80000)
  from space 73216K, 76% used [0x00000000e0280000,0x00000000e3981a38,0x00000000e4a00000)
  to   space 89088K, 0% used [0x00000000dab80000,0x00000000dab80000,0x00000000e0280000)
 ParOldGen       total 209408K, used 99591K [0x0000000081a00000, 0x000000008e680000, 0x00000000d5e00000)
  object space 209408K, 47% used [0x0000000081a00000,0x0000000087b41c30,0x000000008e680000)
 Metaspace       used 22655K, capacity 22787K, committed 23040K, reserved 1071104K
  class space    used 2125K, capacity 2178K, committed 2304K, reserved 1048576K
Event: 51.910 GC heap after
Heap after GC invocations=17 (full 2):
 PSYoungGen      total 168448K, used 74191K [0x00000000d5e00000, 0x00000000e7f80000, 0x0000000100000000)
  eden space 79360K, 0% used [0x00000000d5e00000,0x00000000d5e00000,0x00000000dab80000)
  from space 89088K, 83% used [0x00000000dab80000,0x00000000df3f3db0,0x00000000e0280000)
  to   space 98816K, 0% used [0x00000000e1f00000,0x00000000e1f00000,0x00000000e7f80000)
 ParOldGen       total 209408K, used 105759K [0x0000000081a00000, 0x000000008e680000, 0x00000000d5e00000)
  object space 209408K, 50% used [0x0000000081a00000,0x0000000088147db0,0x000000008e680000)
 Metaspace       used 22655K, capacity 22787K, committed 23040K, reserved 1071104K
  class space    used 2125K, capacity 2178K, committed 2304K, reserved 1048576K
}
Event: 61.061 GC heap before
{Heap before GC invocations=18 (full 2):
 PSYoungGen      total 168448K, used 153470K [0x00000000d5e00000, 0x00000000e7f80000, 0x0000000100000000)
  eden space 79360K, 99% used [0x00000000d5e00000,0x00000000dab6bc40,0x00000000dab80000)
  from space 89088K, 83% used [0x00000000dab80000,0x00000000df3f3db0,0x00000000e0280000)
  to   space 98816K, 0% used [0x00000000e1f00000,0x00000000e1f00000,0x00000000e7f80000)
 ParOldGen       total 209408K, used 105759K [0x0000000081a00000, 0x000000008e680000, 0x00000000d5e00000)
  object space 209408K, 50% used [0x0000000081a00000,0x0000000088147db0,0x000000008e680000)
 Metaspace       used 22759K, capacity 22921K, committed 23296K, reserved 1071104K
  class space    used 2126K, capacity 2179K, committed 2304K, reserved 1048576K
Event: 61.251 GC heap after
Heap after GC invocations=18 (full 2):
 PSYoungGen      total 181248K, used 98252K [0x00000000d5e00000, 0x00000000e9e80000, 0x0000000100000000)
  eden space 82432K, 0% used [0x00000000d5e00000,0x00000000d5e00000,0x00000000dae80000)
  from space 98816K, 99% used [0x00000000e1f00000,0x00000000e7ef3370,0x00000000e7f80000)
  to   space 115200K, 0% used [0x00000000dae80000,0x00000000dae80000,0x00000000e1f00000)
 ParOldGen       total 209408K, used 105767K [0x0000000081a00000, 0x000000008e680000, 0x00000000d5e00000)
  object space 209408K, 50% used [0x0000000081a00000,0x0000000088149db0,0x000000008e680000)
 Metaspace       used 22759K, capacity 22921K, committed 23296K, reserved 1071104K
  class space    used 2126K, capacity 2179K, committed 2304K, reserved 1048576K
}
Event: 70.568 GC heap before
{Heap before GC invocations=19 (full 2):
 PSYoungGen      total 181248K, used 180684K [0x00000000d5e00000, 0x00000000e9e80000, 0x0000000100000000)
  eden space 82432K, 100% used [0x00000000d5e00000,0x00000000dae80000,0x00000000dae80000)
  from space 98816K, 99% used [0x00000000e1f00000,0x00000000e7ef3370,0x00000000e7f80000)
  to   space 115200K, 0% used [0x00000000dae80000,0x00000000dae80000,0x00000000e1f00000)
 ParOldGen       total 209408K, used 105767K [0x0000000081a00000, 0x000000008e680000, 0x00000000d5e00000)
  object space 209408K, 50% used [0x0000000081a00000,0x0000000088149db0,0x000000008e680000)
 Metaspace       used 22802K, capacity 22985K, committed 23296K, reserved 1071104K
  class space    used 2127K, capacity 2179K, committed 2304K, reserved 1048576K
Event: 70.669 GC heap after
Heap after GC invocations=19 (full 2):
 PSYoungGen      total 197632K, used 115199K [0x00000000d5e00000, 0x00000000ec700000, 0x0000000100000000)
  eden space 82432K, 0% used [0x00000000d5e00000,0x00000000d5e00000,0x00000000dae80000)
  from space 115200K, 99% used [0x00000000dae80000,0x00000000e1effee0,0x00000000e1f00000)
  to   space 137728K, 0% used [0x00000000e4080000,0x00000000e4080000,0x00000000ec700000)
 ParOldGen       total 209408K, used 114944K [0x0000000081a00000, 0x000000008e680000, 0x00000000d5e00000)
  object space 209408K, 54% used [0x0000000081a00000,0x0000000088a403e0,0x000000008e680000)
 Metaspace       used 22802K, capacity 22985K, committed 23296K, reserved 1071104K
  class space    used 2127K, capacity 2179K, committed 2304K, reserved 1048576K
}

