# JRE version: Java(TM) SE Runtime Environment (8.0_20-b26) (build 1.8.0_20-b26)
# Java VM: Java HotSpot(TM) 64-Bit Server VM (25.20-b23 mixed mode windows-amd64 compressed oops)
Heap:
 PSYoungGen      total 93184K, used 52362K [0x00000000d5e00000, 0x00000000df980000, 0x0000000100000000)
  eden space 51200K, 20% used [0x00000000d5e00000,0x00000000d6823b48,0x00000000d9000000)
  from space 41984K, 99% used [0x00000000d9000000,0x00000000db8fece8,0x00000000db900000)
  to   space 52736K, 0% used [0x00000000dc600000,0x00000000dc600000,0x00000000df980000)
 ParOldGen       total 95232K, used 76147K [0x0000000081a00000, 0x0000000087700000, 0x00000000d5e00000)
  object space 95232K, 79% used [0x0000000081a00000,0x000000008645cc40,0x0000000087700000)
 Metaspace       used 22757K, capacity 22921K, committed 23296K, reserved 1071104K
  class space    used 2124K, capacity 2179K, committed 2304K, reserved 1048576K
GC Heap History (10 events):
Event: 30.720 GC heap before
{Heap before GC invocations=10 (full 1):
 PSYoungGen      total 75776K, used 75713K [0x00000000d5e00000, 0x00000000dc100000, 0x0000000100000000)
  eden space 56832K, 100% used [0x00000000d5e00000,0x00000000d9580000,0x00000000d9580000)
  from space 18944K, 99% used [0x00000000daa80000,0x00000000dbcf0480,0x00000000dbd00000)
  to   space 21504K, 0% used [0x00000000d9580000,0x00000000d9580000,0x00000000daa80000)
 ParOldGen       total 95232K, used 38683K [0x0000000081a00000, 0x0000000087700000, 0x00000000d5e00000)
  object space 95232K, 40% used [0x0000000081a00000,0x0000000083fc6ff0,0x0000000087700000)
 Metaspace       used 22085K, capacity 22267K, committed 22448K, reserved 1069056K
  class space    used 2108K, capacity 2178K, committed 2304K, reserved 1048576K
Event: 30.760 GC heap after
Heap after GC invocations=10 (full 1):
 PSYoungGen      total 78336K, used 21491K [0x00000000d5e00000, 0x00000000dd000000, 0x0000000100000000)
  eden space 56832K, 0% used [0x00000000d5e00000,0x00000000d5e00000,0x00000000d9580000)
  from space 21504K, 99% used [0x00000000d9580000,0x00000000daa7ce78,0x00000000daa80000)
  to   space 28160K, 0% used [0x00000000db480000,0x00000000db480000,0x00000000dd000000)
 ParOldGen       total 95232K, used 47356K [0x0000000081a00000, 0x0000000087700000, 0x00000000d5e00000)
  object space 95232K, 49% used [0x0000000081a00000,0x000000008483f140,0x0000000087700000)
 Metaspace       used 22085K, capacity 22267K, committed 22448K, reserved 1069056K
  class space    used 2108K, capacity 2178K, committed 2304K, reserved 1048576K
}
Event: 45.848 GC heap before
{Heap before GC invocations=11 (full 1):
 PSYoungGen      total 78336K, used 78323K [0x00000000d5e00000, 0x00000000dd000000, 0x0000000100000000)
  eden space 56832K, 100% used [0x00000000d5e00000,0x00000000d9580000,0x00000000d9580000)
  from space 21504K, 99% used [0x00000000d9580000,0x00000000daa7ce78,0x00000000daa80000)
  to   space 28160K, 0% used [0x00000000db480000,0x00000000db480000,0x00000000dd000000)
 ParOldGen       total 95232K, used 47356K [0x0000000081a00000, 0x0000000087700000, 0x00000000d5e00000)
  object space 95232K, 49% used [0x0000000081a00000,0x000000008483f140,0x0000000087700000)
 Metaspace       used 22324K, capacity 22537K, committed 22704K, reserved 1069056K
  class space    used 2120K, capacity 2179K, committed 2304K, reserved 1048576K
Event: 45.881 GC heap after
Heap after GC invocations=11 (full 1):
 PSYoungGen      total 87040K, used 21587K [0x00000000d5e00000, 0x00000000dd280000, 0x0000000100000000)
  eden space 58880K, 0% used [0x00000000d5e00000,0x00000000d5e00000,0x00000000d9780000)
  from space 28160K, 76% used [0x00000000db480000,0x00000000dc994e78,0x00000000dd000000)
  to   space 29696K, 0% used [0x00000000d9780000,0x00000000d9780000,0x00000000db480000)
 ParOldGen       total 95232K, used 47356K [0x0000000081a00000, 0x0000000087700000, 0x00000000d5e00000)
  object space 95232K, 49% used [0x0000000081a00000,0x000000008483f140,0x0000000087700000)
 Metaspace       used 22324K, capacity 22537K, committed 22704K, reserved 1069056K
  class space    used 2120K, capacity 2179K, committed 2304K, reserved 1048576K
}
Event: 61.940 GC heap before
{Heap before GC invocations=12 (full 1):
 PSYoungGen      total 87040K, used 80467K [0x00000000d5e00000, 0x00000000dd280000, 0x0000000100000000)
  eden space 58880K, 100% used [0x00000000d5e00000,0x00000000d9780000,0x00000000d9780000)
  from space 28160K, 76% used [0x00000000db480000,0x00000000dc994e78,0x00000000dd000000)
  to   space 29696K, 0% used [0x00000000d9780000,0x00000000d9780000,0x00000000db480000)
 ParOldGen       total 95232K, used 47356K [0x0000000081a00000, 0x0000000087700000, 0x00000000d5e00000)
  object space 95232K, 49% used [0x0000000081a00000,0x000000008483f140,0x0000000087700000)
 Metaspace       used 22428K, capacity 22665K, committed 23040K, reserved 1071104K
  class space    used 2121K, capacity 2179K, committed 2304K, reserved 1048576K
Event: 61.976 GC heap after
Heap after GC invocations=12 (full 1):
 PSYoungGen      total 88576K, used 23932K [0x00000000d5e00000, 0x00000000dd800000, 0x0000000100000000)
  eden space 58880K, 0% used [0x00000000d5e00000,0x00000000d5e00000,0x00000000d9780000)
  from space 29696K, 80% used [0x00000000d9780000,0x00000000daedf010,0x00000000db480000)
  to   space 31744K, 0% used [0x00000000db900000,0x00000000db900000,0x00000000dd800000)
 ParOldGen       total 95232K, used 47356K [0x0000000081a00000, 0x0000000087700000, 0x00000000d5e00000)
  object space 95232K, 49% used [0x0000000081a00000,0x000000008483f140,0x0000000087700000)
 Metaspace       used 22428K, capacity 22665K, committed 23040K, reserved 1071104K
  class space    used 2121K, capacity 2179K, committed 2304K, reserved 1048576K
}
Event: 73.347 GC heap before
{Heap before GC invocations=13 (full 1):
 PSYoungGen      total 88576K, used 82812K [0x00000000d5e00000, 0x00000000dd800000, 0x0000000100000000)
  eden space 58880K, 100% used [0x00000000d5e00000,0x00000000d9780000,0x00000000d9780000)
  from space 29696K, 80% used [0x00000000d9780000,0x00000000daedf010,0x00000000db480000)
  to   space 31744K, 0% used [0x00000000db900000,0x00000000db900000,0x00000000dd800000)
 ParOldGen       total 95232K, used 47356K [0x0000000081a00000, 0x0000000087700000, 0x00000000d5e00000)
  object space 95232K, 49% used [0x0000000081a00000,0x000000008483f140,0x0000000087700000)
 Metaspace       used 22657K, capacity 22793K, committed 23040K, reserved 1071104K
  class space    used 2124K, capacity 2179K, committed 2304K, reserved 1048576K
Event: 73.426 GC heap after
Heap after GC invocations=13 (full 1):
 PSYoungGen      total 82944K, used 31729K [0x00000000d5e00000, 0x00000000dec00000, 0x0000000100000000)
  eden space 51200K, 0% used [0x00000000d5e00000,0x00000000d5e00000,0x00000000d9000000)
  from space 31744K, 99% used [0x00000000db900000,0x00000000dd7fc668,0x00000000dd800000)
  to   space 41984K, 0% used [0x00000000d9000000,0x00000000d9000000,0x00000000db900000)
 ParOldGen       total 95232K, used 64117K [0x0000000081a00000, 0x0000000087700000, 0x00000000d5e00000)
  object space 95232K, 67% used [0x0000000081a00000,0x000000008589d4d0,0x0000000087700000)
 Metaspace       used 22657K, capacity 22793K, committed 23040K, reserved 1071104K
  class space    used 2124K, capacity 2179K, committed 2304K, reserved 1048576K
}
Event: 78.928 GC heap before
{Heap before GC invocations=14 (full 1):
 PSYoungGen      total 82944K, used 82929K [0x00000000d5e00000, 0x00000000dec00000, 0x0000000100000000)
  eden space 51200K, 100% used [0x00000000d5e00000,0x00000000d9000000,0x00000000d9000000)
  from space 31744K, 99% used [0x00000000db900000,0x00000000dd7fc668,0x00000000dd800000)
  to   space 41984K, 0% used [0x00000000d9000000,0x00000000d9000000,0x00000000db900000)
 ParOldGen       total 95232K, used 64117K [0x0000000081a00000, 0x0000000087700000, 0x00000000d5e00000)
  object space 95232K, 67% used [0x0000000081a00000,0x000000008589d4d0,0x0000000087700000)
 Metaspace       used 22748K, capacity 22921K, committed 23296K, reserved 1071104K
  class space    used 2124K, capacity 2179K, committed 2304K, reserved 1048576K
Event: 78.986 GC heap after
Heap after GC invocations=14 (full 1):
 PSYoungGen      total 93184K, used 41979K [0x00000000d5e00000, 0x00000000df980000, 0x0000000100000000)
  eden space 51200K, 0% used [0x00000000d5e00000,0x00000000d5e00000,0x00000000d9000000)
  from space 41984K, 99% used [0x00000000d9000000,0x00000000db8fece8,0x00000000db900000)
  to   space 52736K, 0% used [0x00000000dc600000,0x00000000dc600000,0x00000000df980000)
 ParOldGen       total 95232K, used 76147K [0x0000000081a00000, 0x0000000087700000, 0x00000000d5e00000)
  object space 95232K, 79% used [0x0000000081a00000,0x000000008645cc40,0x0000000087700000)
 Metaspace       used 22748K, capacity 22921K, committed 23296K, reserved 1071104K
  class space    used 2124K, capacity 2179K, committed 2304K, reserved 1048576K
}

