# JRE version: Java(TM) SE Runtime Environment (8.0_20-b26) (build 1.8.0_20-b26)
# Java VM: Java HotSpot(TM) 64-Bit Server VM (25.20-b23 mixed mode windows-amd64 compressed oops)
Heap:
 PSYoungGen      total 293888K, used 145049K [0x00000000d5e00000, 0x00000000f9f80000, 0x0000000100000000)
  eden space 236032K, 37% used [0x00000000d5e00000,0x00000000db355960,0x00000000e4480000)
  from space 57856K, 99% used [0x00000000e4480000,0x00000000e7cd0d90,0x00000000e7d00000)
  to   space 176640K, 0% used [0x00000000ef300000,0x00000000ef300000,0x00000000f9f80000)
 ParOldGen       total 1380352K, used 1165099K [0x0000000081a00000, 0x00000000d5e00000, 0x00000000d5e00000)
  object space 1380352K, 84% used [0x0000000081a00000,0x00000000c8bcaf50,0x00000000d5e00000)
 Metaspace       used 22847K, capacity 23049K, committed 23296K, reserved 1071104K
  class space    used 2129K, capacity 2179K, committed 2304K, reserved 1048576K
GC Heap History (10 events):
Event: 183.666 GC heap before
{Heap before GC invocations=45 (full 6):
 PSYoungGen      total 460288K, used 239840K [0x00000000d5e00000, 0x0000000100000000, 0x0000000100000000)
  eden space 230400K, 100% used [0x00000000d5e00000,0x00000000e3f00000,0x00000000e3f00000)
  from space 229888K, 4% used [0x00000000f1f80000,0x00000000f28b8240,0x0000000100000000)
  to   space 229888K, 0% used [0x00000000e3f00000,0x00000000e3f00000,0x00000000f1f80000)
 ParOldGen       total 1380352K, used 1156855K [0x0000000081a00000, 0x00000000d5e00000, 0x00000000d5e00000)
  object space 1380352K, 83% used [0x0000000081a00000,0x00000000c83bdd40,0x00000000d5e00000)
 Metaspace       used 22810K, capacity 22979K, committed 23296K, reserved 1071104K
  class space    used 2128K, capacity 2178K, committed 2304K, reserved 1048576K
Event: 183.703 GC heap after
Heap after GC invocations=45 (full 6):
 PSYoungGen      total 253440K, used 22721K [0x00000000d5e00000, 0x00000000ffa00000, 0x0000000100000000)
  eden space 230400K, 0% used [0x00000000d5e00000,0x00000000d5e00000,0x00000000e3f00000)
  from space 23040K, 98% used [0x00000000e3f00000,0x00000000e5530520,0x00000000e5580000)
  to   space 226816K, 0% used [0x00000000f1c80000,0x00000000f1c80000,0x00000000ffa00000)
 ParOldGen       total 1380352K, used 1165099K [0x0000000081a00000, 0x00000000d5e00000, 0x00000000d5e00000)
  object space 1380352K, 84% used [0x0000000081a00000,0x00000000c8bcaf50,0x00000000d5e00000)
 Metaspace       used 22810K, capacity 22979K, committed 23296K, reserved 1071104K
  class space    used 2128K, capacity 2178K, committed 2304K, reserved 1048576K
}
Event: 194.846 GC heap before
{Heap before GC invocations=46 (full 6):
 PSYoungGen      total 253440K, used 253121K [0x00000000d5e00000, 0x00000000ffa00000, 0x0000000100000000)
  eden space 230400K, 100% used [0x00000000d5e00000,0x00000000e3f00000,0x00000000e3f00000)
  from space 23040K, 98% used [0x00000000e3f00000,0x00000000e5530520,0x00000000e5580000)
  to   space 226816K, 0% used [0x00000000f1c80000,0x00000000f1c80000,0x00000000ffa00000)
 ParOldGen       total 1380352K, used 1165099K [0x0000000081a00000, 0x00000000d5e00000, 0x00000000d5e00000)
  object space 1380352K, 84% used [0x0000000081a00000,0x00000000c8bcaf50,0x00000000d5e00000)
 Metaspace       used 22810K, capacity 22979K, committed 23296K, reserved 1071104K
  class space    used 2128K, capacity 2178K, committed 2304K, reserved 1048576K
Event: 194.886 GC heap after
Heap after GC invocations=46 (full 6):
 PSYoungGen      total 430592K, used 36306K [0x00000000d5e00000, 0x00000000fdc80000, 0x0000000100000000)
  eden space 233984K, 0% used [0x00000000d5e00000,0x00000000d5e00000,0x00000000e4280000)
  from space 196608K, 18% used [0x00000000f1c80000,0x00000000f3ff4880,0x00000000fdc80000)
  to   space 209920K, 0% used [0x00000000e4280000,0x00000000e4280000,0x00000000f0f80000)
 ParOldGen       total 1380352K, used 1165099K [0x0000000081a00000, 0x00000000d5e00000, 0x00000000d5e00000)
  object space 1380352K, 84% used [0x0000000081a00000,0x00000000c8bcaf50,0x00000000d5e00000)
 Metaspace       used 22810K, capacity 22979K, committed 23296K, reserved 1071104K
  class space    used 2128K, capacity 2178K, committed 2304K, reserved 1048576K
}
Event: 224.631 GC heap before
{Heap before GC invocations=47 (full 6):
 PSYoungGen      total 430592K, used 270290K [0x00000000d5e00000, 0x00000000fdc80000, 0x0000000100000000)
  eden space 233984K, 100% used [0x00000000d5e00000,0x00000000e4280000,0x00000000e4280000)
  from space 196608K, 18% used [0x00000000f1c80000,0x00000000f3ff4880,0x00000000fdc80000)
  to   space 209920K, 0% used [0x00000000e4280000,0x00000000e4280000,0x00000000f0f80000)
 ParOldGen       total 1380352K, used 1165099K [0x0000000081a00000, 0x00000000d5e00000, 0x00000000d5e00000)
  object space 1380352K, 84% used [0x0000000081a00000,0x00000000c8bcaf50,0x00000000d5e00000)
 Metaspace       used 22812K, capacity 22979K, committed 23296K, reserved 1071104K
  class space    used 2128K, capacity 2178K, committed 2304K, reserved 1048576K
Event: 224.685 GC heap after
Heap after GC invocations=47 (full 6):
 PSYoungGen      total 287232K, used 52915K [0x00000000d5e00000, 0x00000000fc500000, 0x0000000100000000)
  eden space 233984K, 0% used [0x00000000d5e00000,0x00000000d5e00000,0x00000000e4280000)
  from space 53248K, 99% used [0x00000000e4280000,0x00000000e762cc80,0x00000000e7680000)
  to   space 196608K, 0% used [0x00000000f0500000,0x00000000f0500000,0x00000000fc500000)
 ParOldGen       total 1380352K, used 1165099K [0x0000000081a00000, 0x00000000d5e00000, 0x00000000d5e00000)
  object space 1380352K, 84% used [0x0000000081a00000,0x00000000c8bcaf50,0x00000000d5e00000)
 Metaspace       used 22812K, capacity 22979K, committed 23296K, reserved 1071104K
  class space    used 2128K, capacity 2178K, committed 2304K, reserved 1048576K
}
Event: 273.171 GC heap before
{Heap before GC invocations=48 (full 6):
 PSYoungGen      total 287232K, used 286899K [0x00000000d5e00000, 0x00000000fc500000, 0x0000000100000000)
  eden space 233984K, 100% used [0x00000000d5e00000,0x00000000e4280000,0x00000000e4280000)
  from space 53248K, 99% used [0x00000000e4280000,0x00000000e762cc80,0x00000000e7680000)
  to   space 196608K, 0% used [0x00000000f0500000,0x00000000f0500000,0x00000000fc500000)
 ParOldGen       total 1380352K, used 1165099K [0x0000000081a00000, 0x00000000d5e00000, 0x00000000d5e00000)
  object space 1380352K, 84% used [0x0000000081a00000,0x00000000c8bcaf50,0x00000000d5e00000)
 Metaspace       used 22828K, capacity 23049K, committed 23296K, reserved 1071104K
  class space    used 2129K, capacity 2179K, committed 2304K, reserved 1048576K
Event: 273.231 GC heap after
Heap after GC invocations=48 (full 6):
 PSYoungGen      total 411648K, used 57315K [0x00000000d5e00000, 0x00000000fb080000, 0x0000000100000000)
  eden space 236032K, 0% used [0x00000000d5e00000,0x00000000d5e00000,0x00000000e4480000)
  from space 175616K, 32% used [0x00000000f0500000,0x00000000f3cf8d80,0x00000000fb080000)
  to   space 186368K, 0% used [0x00000000e4480000,0x00000000e4480000,0x00000000efa80000)
 ParOldGen       total 1380352K, used 1165099K [0x0000000081a00000, 0x00000000d5e00000, 0x00000000d5e00000)
  object space 1380352K, 84% used [0x0000000081a00000,0x00000000c8bcaf50,0x00000000d5e00000)
 Metaspace       used 22828K, capacity 23049K, committed 23296K, reserved 1071104K
  class space    used 2129K, capacity 2179K, committed 2304K, reserved 1048576K
}
Event: 279.467 GC heap before
{Heap before GC invocations=49 (full 6):
 PSYoungGen      total 411648K, used 293347K [0x00000000d5e00000, 0x00000000fb080000, 0x0000000100000000)
  eden space 236032K, 100% used [0x00000000d5e00000,0x00000000e4480000,0x00000000e4480000)
  from space 175616K, 32% used [0x00000000f0500000,0x00000000f3cf8d80,0x00000000fb080000)
  to   space 186368K, 0% used [0x00000000e4480000,0x00000000e4480000,0x00000000efa80000)
 ParOldGen       total 1380352K, used 1165099K [0x0000000081a00000, 0x00000000d5e00000, 0x00000000d5e00000)
  object space 1380352K, 84% used [0x0000000081a00000,0x00000000c8bcaf50,0x00000000d5e00000)
 Metaspace       used 22828K, capacity 23049K, committed 23296K, reserved 1071104K
  class space    used 2129K, capacity 2179K, committed 2304K, reserved 1048576K
Event: 279.523 GC heap after
Heap after GC invocations=49 (full 6):
 PSYoungGen      total 293888K, used 57667K [0x00000000d5e00000, 0x00000000f9f80000, 0x0000000100000000)
  eden space 236032K, 0% used [0x00000000d5e00000,0x00000000d5e00000,0x00000000e4480000)
  from space 57856K, 99% used [0x00000000e4480000,0x00000000e7cd0d90,0x00000000e7d00000)
  to   space 176640K, 0% used [0x00000000ef300000,0x00000000ef300000,0x00000000f9f80000)
 ParOldGen       total 1380352K, used 1165099K [0x0000000081a00000, 0x00000000d5e00000, 0x00000000d5e00000)
  object space 1380352K, 84% used [0x0000000081a00000,0x00000000c8bcaf50,0x00000000d5e00000)
 Metaspace       used 22828K, capacity 23049K, committed 23296K, reserved 1071104K
  class space    used 2129K, capacity 2179K, committed 2304K, reserved 1048576K
}

