# JRE version: Java(TM) SE Runtime Environment (8.0_20-b26) (build 1.8.0_20-b26)
# Java VM: Java HotSpot(TM) 64-Bit Server VM (25.20-b23 mixed mode windows-amd64 compressed oops)
Heap:
 PSYoungGen      total 204800K, used 71317K [0x00000000d5e00000, 0x00000000ea900000, 0x0000000100000000)
  eden space 136192K, 1% used [0x00000000d5e00000,0x00000000d60a62f8,0x00000000de300000)
  from space 68608K, 99% used [0x00000000e3900000,0x00000000e7bff2f0,0x00000000e7c00000)
  to   space 88064K, 0% used [0x00000000de300000,0x00000000de300000,0x00000000e3900000)
 ParOldGen       total 220160K, used 136268K [0x0000000081a00000, 0x000000008f100000, 0x00000000d5e00000)
  object space 220160K, 61% used [0x0000000081a00000,0x0000000089f133c8,0x000000008f100000)
 Metaspace       used 22704K, capacity 22851K, committed 23040K, reserved 1071104K
  class space    used 2119K, capacity 2178K, committed 2304K, reserved 1048576K
GC Heap History (10 events):
Event: 95.561 GC heap before
{Heap before GC invocations=12 (full 1):
 PSYoungGen      total 174592K, used 167918K [0x00000000d5e00000, 0x00000000e2d00000, 0x0000000100000000)
  eden space 141312K, 100% used [0x00000000d5e00000,0x00000000de800000,0x00000000de800000)
  from space 33280K, 79% used [0x00000000e0a80000,0x00000000e247b970,0x00000000e2b00000)
  to   space 35328K, 0% used [0x00000000de800000,0x00000000de800000,0x00000000e0a80000)
 ParOldGen       total 92672K, used 55611K [0x0000000081a00000, 0x0000000087480000, 0x00000000d5e00000)
  object space 92672K, 60% used [0x0000000081a00000,0x000000008504ef98,0x0000000087480000)
 Metaspace       used 22572K, capacity 22787K, committed 23040K, reserved 1071104K
  class space    used 2119K, capacity 2178K, committed 2304K, reserved 1048576K
Event: 95.724 GC heap after
Heap after GC invocations=12 (full 1):
 PSYoungGen      total 176640K, used 35325K [0x00000000d5e00000, 0x00000000e5380000, 0x0000000100000000)
  eden space 141312K, 0% used [0x00000000d5e00000,0x00000000d5e00000,0x00000000de800000)
  from space 35328K, 99% used [0x00000000de800000,0x00000000e0a7f6a0,0x00000000e0a80000)
  to   space 49664K, 0% used [0x00000000e2300000,0x00000000e2300000,0x00000000e5380000)
 ParOldGen       total 92672K, used 81971K [0x0000000081a00000, 0x0000000087480000, 0x00000000d5e00000)
  object space 92672K, 88% used [0x0000000081a00000,0x0000000086a0cf38,0x0000000087480000)
 Metaspace       used 22572K, capacity 22787K, committed 23040K, reserved 1071104K
  class space    used 2119K, capacity 2178K, committed 2304K, reserved 1048576K
}
Event: 95.724 GC heap before
{Heap before GC invocations=13 (full 2):
 PSYoungGen      total 176640K, used 35325K [0x00000000d5e00000, 0x00000000e5380000, 0x0000000100000000)
  eden space 141312K, 0% used [0x00000000d5e00000,0x00000000d5e00000,0x00000000de800000)
  from space 35328K, 99% used [0x00000000de800000,0x00000000e0a7f6a0,0x00000000e0a80000)
  to   space 49664K, 0% used [0x00000000e2300000,0x00000000e2300000,0x00000000e5380000)
 ParOldGen       total 92672K, used 81971K [0x0000000081a00000, 0x0000000087480000, 0x00000000d5e00000)
  object space 92672K, 88% used [0x0000000081a00000,0x0000000086a0cf38,0x0000000087480000)
 Metaspace       used 22572K, capacity 22787K, committed 23040K, reserved 1071104K
  class space    used 2119K, capacity 2178K, committed 2304K, reserved 1048576K
Event: 96.719 GC heap after
Heap after GC invocations=13 (full 2):
 PSYoungGen      total 176640K, used 23462K [0x00000000d5e00000, 0x00000000e5380000, 0x0000000100000000)
  eden space 141312K, 0% used [0x00000000d5e00000,0x00000000d5e00000,0x00000000de800000)
  from space 35328K, 66% used [0x00000000de800000,0x00000000dfee98c8,0x00000000e0a80000)
  to   space 49664K, 0% used [0x00000000e2300000,0x00000000e2300000,0x00000000e5380000)
 ParOldGen       total 220160K, used 92264K [0x0000000081a00000, 0x000000008f100000, 0x00000000d5e00000)
  object space 220160K, 41% used [0x0000000081a00000,0x000000008741a1b8,0x000000008f100000)
 Metaspace       used 22572K, capacity 22787K, committed 23040K, reserved 1071104K
  class space    used 2119K, capacity 2178K, committed 2304K, reserved 1048576K
}
Event: 104.827 GC heap before
{Heap before GC invocations=14 (full 2):
 PSYoungGen      total 176640K, used 164774K [0x00000000d5e00000, 0x00000000e5380000, 0x0000000100000000)
  eden space 141312K, 100% used [0x00000000d5e00000,0x00000000de800000,0x00000000de800000)
  from space 35328K, 66% used [0x00000000de800000,0x00000000dfee98c8,0x00000000e0a80000)
  to   space 49664K, 0% used [0x00000000e2300000,0x00000000e2300000,0x00000000e5380000)
 ParOldGen       total 220160K, used 92264K [0x0000000081a00000, 0x000000008f100000, 0x00000000d5e00000)
  object space 220160K, 41% used [0x0000000081a00000,0x000000008741a1b8,0x000000008f100000)
 Metaspace       used 22681K, capacity 22851K, committed 23040K, reserved 1071104K
  class space    used 2119K, capacity 2178K, committed 2304K, reserved 1048576K
Event: 105.082 GC heap after
Heap after GC invocations=14 (full 2):
 PSYoungGen      total 187392K, used 49644K [0x00000000d5e00000, 0x00000000e7a00000, 0x0000000100000000)
  eden space 137728K, 0% used [0x00000000d5e00000,0x00000000d5e00000,0x00000000de480000)
  from space 49664K, 99% used [0x00000000e2300000,0x00000000e537b330,0x00000000e5380000)
  to   space 64000K, 0% used [0x00000000de480000,0x00000000de480000,0x00000000e2300000)
 ParOldGen       total 220160K, used 112273K [0x0000000081a00000, 0x000000008f100000, 0x00000000d5e00000)
  object space 220160K, 50% used [0x0000000081a00000,0x00000000887a45a8,0x000000008f100000)
 Metaspace       used 22681K, capacity 22851K, committed 23040K, reserved 1071104K
  class space    used 2119K, capacity 2178K, committed 2304K, reserved 1048576K
}
Event: 127.146 GC heap before
{Heap before GC invocations=15 (full 2):
 PSYoungGen      total 187392K, used 187372K [0x00000000d5e00000, 0x00000000e7a00000, 0x0000000100000000)
  eden space 137728K, 100% used [0x00000000d5e00000,0x00000000de480000,0x00000000de480000)
  from space 49664K, 99% used [0x00000000e2300000,0x00000000e537b330,0x00000000e5380000)
  to   space 64000K, 0% used [0x00000000de480000,0x00000000de480000,0x00000000e2300000)
 ParOldGen       total 220160K, used 112273K [0x0000000081a00000, 0x000000008f100000, 0x00000000d5e00000)
  object space 220160K, 50% used [0x0000000081a00000,0x00000000887a45a8,0x000000008f100000)
 Metaspace       used 22682K, capacity 22851K, committed 23040K, reserved 1071104K
  class space    used 2119K, capacity 2178K, committed 2304K, reserved 1048576K
Event: 127.215 GC heap after
Heap after GC invocations=15 (full 2):
 PSYoungGen      total 201728K, used 49452K [0x00000000d5e00000, 0x00000000e7c00000, 0x0000000100000000)
  eden space 137728K, 0% used [0x00000000d5e00000,0x00000000d5e00000,0x00000000de480000)
  from space 64000K, 77% used [0x00000000de480000,0x00000000e14cb310,0x00000000e2300000)
  to   space 68608K, 0% used [0x00000000e3900000,0x00000000e3900000,0x00000000e7c00000)
 ParOldGen       total 220160K, used 112817K [0x0000000081a00000, 0x000000008f100000, 0x00000000d5e00000)
  object space 220160K, 51% used [0x0000000081a00000,0x000000008882c5c8,0x000000008f100000)
 Metaspace       used 22682K, capacity 22851K, committed 23040K, reserved 1071104K
  class space    used 2119K, capacity 2178K, committed 2304K, reserved 1048576K
}
Event: 133.745 GC heap before
{Heap before GC invocations=16 (full 2):
 PSYoungGen      total 201728K, used 187180K [0x00000000d5e00000, 0x00000000e7c00000, 0x0000000100000000)
  eden space 137728K, 100% used [0x00000000d5e00000,0x00000000de480000,0x00000000de480000)
  from space 64000K, 77% used [0x00000000de480000,0x00000000e14cb310,0x00000000e2300000)
  to   space 68608K, 0% used [0x00000000e3900000,0x00000000e3900000,0x00000000e7c00000)
 ParOldGen       total 220160K, used 112817K [0x0000000081a00000, 0x000000008f100000, 0x00000000d5e00000)
  object space 220160K, 51% used [0x0000000081a00000,0x000000008882c5c8,0x000000008f100000)
 Metaspace       used 22704K, capacity 22851K, committed 23040K, reserved 1071104K
  class space    used 2119K, capacity 2178K, committed 2304K, reserved 1048576K
Event: 134.027 GC heap after
Heap after GC invocations=16 (full 2):
 PSYoungGen      total 204800K, used 68604K [0x00000000d5e00000, 0x00000000ea900000, 0x0000000100000000)
  eden space 136192K, 0% used [0x00000000d5e00000,0x00000000d5e00000,0x00000000de300000)
  from space 68608K, 99% used [0x00000000e3900000,0x00000000e7bff2f0,0x00000000e7c00000)
  to   space 88064K, 0% used [0x00000000de300000,0x00000000de300000,0x00000000e3900000)
 ParOldGen       total 220160K, used 136268K [0x0000000081a00000, 0x000000008f100000, 0x00000000d5e00000)
  object space 220160K, 61% used [0x0000000081a00000,0x0000000089f133c8,0x000000008f100000)
 Metaspace       used 22704K, capacity 22851K, committed 23040K, reserved 1071104K
  class space    used 2119K, capacity 2178K, committed 2304K, reserved 1048576K
}

